[0.060s] Invoking command in '/home/jetson/ros2_ws/build/kinect_ros2': CMAKE_PREFIX_PATH=/home/jetson/ros2_ws/install/libfreenect:/home/jetson/ros2_ws/install/kinect_ros2:/home/jetson/ros2_ws/install/talker_listener:/home/jetson/ros2_ws/install/kinect_depth:/opt/ros/foxy LD_LIBRARY_PATH=/home/jetson/ros2_ws/install/libfreenect/lib:/home/jetson/ros2_ws/install/kinect_ros2/lib:/opt/ros/foxy/opt/yaml_cpp_vendor/lib:/opt/ros/foxy/opt/rviz_ogre_vendor/lib:/opt/ros/foxy/lib/aarch64-linux-gnu:/opt/ros/foxy/lib /usr/bin/cmake --build /home/jetson/ros2_ws/build/kinect_ros2 -- -j4 -l4
[0.420s] [ 50%] Built target kinect_ros2_component
[0.553s] [100%] Built target kinect_ros2_node
[0.595s] Invoked command in '/home/jetson/ros2_ws/build/kinect_ros2' returned '0': CMAKE_PREFIX_PATH=/home/jetson/ros2_ws/install/libfreenect:/home/jetson/ros2_ws/install/kinect_ros2:/home/jetson/ros2_ws/install/talker_listener:/home/jetson/ros2_ws/install/kinect_depth:/opt/ros/foxy LD_LIBRARY_PATH=/home/jetson/ros2_ws/install/libfreenect/lib:/home/jetson/ros2_ws/install/kinect_ros2/lib:/opt/ros/foxy/opt/yaml_cpp_vendor/lib:/opt/ros/foxy/opt/rviz_ogre_vendor/lib:/opt/ros/foxy/lib/aarch64-linux-gnu:/opt/ros/foxy/lib /usr/bin/cmake --build /home/jetson/ros2_ws/build/kinect_ros2 -- -j4 -l4
[0.606s] Invoking command in '/home/jetson/ros2_ws/build/kinect_ros2': CMAKE_PREFIX_PATH=/home/jetson/ros2_ws/install/libfreenect:/home/jetson/ros2_ws/install/kinect_ros2:/home/jetson/ros2_ws/install/talker_listener:/home/jetson/ros2_ws/install/kinect_depth:/opt/ros/foxy LD_LIBRARY_PATH=/home/jetson/ros2_ws/install/libfreenect/lib:/home/jetson/ros2_ws/install/kinect_ros2/lib:/opt/ros/foxy/opt/yaml_cpp_vendor/lib:/opt/ros/foxy/opt/rviz_ogre_vendor/lib:/opt/ros/foxy/lib/aarch64-linux-gnu:/opt/ros/foxy/lib /usr/bin/cmake --install /home/jetson/ros2_ws/build/kinect_ros2
[0.645s] -- Install configuration: ""
[0.648s] -- Up-to-date: /home/jetson/ros2_ws/install/kinect_ros2/lib/libkinect_ros2_component.so
[0.651s] -- Up-to-date: /home/jetson/ros2_ws/install/kinect_ros2/lib/kinect_ros2/kinect_ros2_node
[0.652s] -- Up-to-date: /home/jetson/ros2_ws/install/kinect_ros2/share/kinect_ros2/cfg
[0.652s] -- Up-to-date: /home/jetson/ros2_ws/install/kinect_ros2/share/kinect_ros2/cfg/calibration_depth.yaml
[0.653s] -- Up-to-date: /home/jetson/ros2_ws/install/kinect_ros2/share/kinect_ros2/cfg/calibration_rgb.yaml
[0.653s] -- Up-to-date: /home/jetson/ros2_ws/install/kinect_ros2/share/kinect_ros2/launch
[0.654s] -- Installing: /home/jetson/ros2_ws/install/kinect_ros2/share/kinect_ros2/launch/slamv3.launch.py
[0.654s] -- Up-to-date: /home/jetson/ros2_ws/install/kinect_ros2/share/kinect_ros2/launch/slam.launch.py
[0.655s] -- Up-to-date: /home/jetson/ros2_ws/install/kinect_ros2/share/kinect_ros2/launch/pointcloud.launch.py
[0.655s] -- Up-to-date: /home/jetson/ros2_ws/install/kinect_ros2/share/kinect_ros2/launch/showimage.launch.py
[0.656s] -- Up-to-date: /home/jetson/ros2_ws/install/kinect_ros2/share/kinect_ros2/launch/slamv2.launch.py
[0.657s] -- Up-to-date: /home/jetson/ros2_ws/install/kinect_ros2/share/kinect_ros2/launch/kinect_slam.launch.py
[0.657s] -- Up-to-date: /home/jetson/ros2_ws/install/kinect_ros2/share/kinect_ros2/rviz
[0.657s] -- Up-to-date: /home/jetson/ros2_ws/install/kinect_ros2/share/kinect_ros2/rviz/pointcloud.rviz
[0.658s] -- Up-to-date: /home/jetson/ros2_ws/install/kinect_ros2/share/ament_index/resource_index/package_run_dependencies/kinect_ros2
[0.658s] -- Up-to-date: /home/jetson/ros2_ws/install/kinect_ros2/share/ament_index/resource_index/parent_prefix_path/kinect_ros2
[0.659s] -- Up-to-date: /home/jetson/ros2_ws/install/kinect_ros2/share/kinect_ros2/environment/ament_prefix_path.sh
[0.659s] -- Up-to-date: /home/jetson/ros2_ws/install/kinect_ros2/share/kinect_ros2/environment/ament_prefix_path.dsv
[0.660s] -- Up-to-date: /home/jetson/ros2_ws/install/kinect_ros2/share/kinect_ros2/environment/path.sh
[0.660s] -- Up-to-date: /home/jetson/ros2_ws/install/kinect_ros2/share/kinect_ros2/environment/path.dsv
[0.661s] -- Up-to-date: /home/jetson/ros2_ws/install/kinect_ros2/share/kinect_ros2/local_setup.bash
[0.661s] -- Up-to-date: /home/jetson/ros2_ws/install/kinect_ros2/share/kinect_ros2/local_setup.sh
[0.661s] -- Up-to-date: /home/jetson/ros2_ws/install/kinect_ros2/share/kinect_ros2/local_setup.zsh
[0.662s] -- Up-to-date: /home/jetson/ros2_ws/install/kinect_ros2/share/kinect_ros2/local_setup.dsv
[0.662s] -- Installing: /home/jetson/ros2_ws/install/kinect_ros2/share/kinect_ros2/package.dsv
[0.662s] -- Up-to-date: /home/jetson/ros2_ws/install/kinect_ros2/share/ament_index/resource_index/packages/kinect_ros2
[0.663s] -- Up-to-date: /home/jetson/ros2_ws/install/kinect_ros2/share/ament_index/resource_index/rclcpp_components/kinect_ros2
[0.663s] -- Up-to-date: /home/jetson/ros2_ws/install/kinect_ros2/share/kinect_ros2/cmake/kinect_ros2Config.cmake
[0.664s] -- Up-to-date: /home/jetson/ros2_ws/install/kinect_ros2/share/kinect_ros2/cmake/kinect_ros2Config-version.cmake
[0.668s] -- Up-to-date: /home/jetson/ros2_ws/install/kinect_ros2/share/kinect_ros2/package.xml
[0.669s] Invoked command in '/home/jetson/ros2_ws/build/kinect_ros2' returned '0': CMAKE_PREFIX_PATH=/home/jetson/ros2_ws/install/libfreenect:/home/jetson/ros2_ws/install/kinect_ros2:/home/jetson/ros2_ws/install/talker_listener:/home/jetson/ros2_ws/install/kinect_depth:/opt/ros/foxy LD_LIBRARY_PATH=/home/jetson/ros2_ws/install/libfreenect/lib:/home/jetson/ros2_ws/install/kinect_ros2/lib:/opt/ros/foxy/opt/yaml_cpp_vendor/lib:/opt/ros/foxy/opt/rviz_ogre_vendor/lib:/opt/ros/foxy/lib/aarch64-linux-gnu:/opt/ros/foxy/lib /usr/bin/cmake --install /home/jetson/ros2_ws/build/kinect_ros2
