[0.074s] Invoking command in '/home/jetson/ros2_ws/build/kinect_ros2': CMAKE_PREFIX_PATH=/home/jetson/ros2_ws/install/libfreenect:/home/jetson/ros2_ws/install/kinect_ros2:/home/jetson/ros2_ws/install/talker_listener:/home/jetson/ros2_ws/install/kinect_depth:/opt/ros/foxy LD_LIBRARY_PATH=/home/jetson/ros2_ws/install/libfreenect/lib:/home/jetson/ros2_ws/install/kinect_ros2/lib:/opt/ros/foxy/opt/yaml_cpp_vendor/lib:/opt/ros/foxy/opt/rviz_ogre_vendor/lib:/opt/ros/foxy/lib/aarch64-linux-gnu:/opt/ros/foxy/lib /usr/bin/cmake --build /home/jetson/ros2_ws/build/kinect_ros2 -- -j4 -l4
[0.490s] [ 50%] Built target kinect_ros2_component
[0.745s] [100%] Built target kinect_ros2_node
[0.798s] Invoked command in '/home/jetson/ros2_ws/build/kinect_ros2' returned '0': CMAKE_PREFIX_PATH=/home/jetson/ros2_ws/install/libfreenect:/home/jetson/ros2_ws/install/kinect_ros2:/home/jetson/ros2_ws/install/talker_listener:/home/jetson/ros2_ws/install/kinect_depth:/opt/ros/foxy LD_LIBRARY_PATH=/home/jetson/ros2_ws/install/libfreenect/lib:/home/jetson/ros2_ws/install/kinect_ros2/lib:/opt/ros/foxy/opt/yaml_cpp_vendor/lib:/opt/ros/foxy/opt/rviz_ogre_vendor/lib:/opt/ros/foxy/lib/aarch64-linux-gnu:/opt/ros/foxy/lib /usr/bin/cmake --build /home/jetson/ros2_ws/build/kinect_ros2 -- -j4 -l4
[0.808s] Invoking command in '/home/jetson/ros2_ws/build/kinect_ros2': CMAKE_PREFIX_PATH=/home/jetson/ros2_ws/install/libfreenect:/home/jetson/ros2_ws/install/kinect_ros2:/home/jetson/ros2_ws/install/talker_listener:/home/jetson/ros2_ws/install/kinect_depth:/opt/ros/foxy LD_LIBRARY_PATH=/home/jetson/ros2_ws/install/libfreenect/lib:/home/jetson/ros2_ws/install/kinect_ros2/lib:/opt/ros/foxy/opt/yaml_cpp_vendor/lib:/opt/ros/foxy/opt/rviz_ogre_vendor/lib:/opt/ros/foxy/lib/aarch64-linux-gnu:/opt/ros/foxy/lib /usr/bin/cmake --install /home/jetson/ros2_ws/build/kinect_ros2
[0.855s] -- Install configuration: ""
[0.859s] -- Up-to-date: /home/jetson/ros2_ws/install/kinect_ros2/lib/libkinect_ros2_component.so
[0.864s] -- Up-to-date: /home/jetson/ros2_ws/install/kinect_ros2/lib/kinect_ros2/kinect_ros2_node
[0.875s] -- Up-to-date: /home/jetson/ros2_ws/install/kinect_ros2/share/kinect_ros2/cfg
[0.876s] -- Up-to-date: /home/jetson/ros2_ws/install/kinect_ros2/share/kinect_ros2/cfg/calibration_depth.yaml
[0.877s] -- Up-to-date: /home/jetson/ros2_ws/install/kinect_ros2/share/kinect_ros2/cfg/calibration_rgb.yaml
[0.877s] -- Up-to-date: /home/jetson/ros2_ws/install/kinect_ros2/share/kinect_ros2/launch
[0.879s] -- Up-to-date: /home/jetson/ros2_ws/install/kinect_ros2/share/kinect_ros2/launch/slamv3.launch.py
[0.879s] -- Up-to-date: /home/jetson/ros2_ws/install/kinect_ros2/share/kinect_ros2/launch/slam.launch.py
[0.880s] -- Installing: /home/jetson/ros2_ws/install/kinect_ros2/share/kinect_ros2/launch/pointcloud.launch.py
[0.881s] -- Up-to-date: /home/jetson/ros2_ws/install/kinect_ros2/share/kinect_ros2/launch/showimage.launch.py
[0.883s] -- Up-to-date: /home/jetson/ros2_ws/install/kinect_ros2/share/kinect_ros2/launch/slamv2.launch.py
[0.884s] -- Up-to-date: /home/jetson/ros2_ws/install/kinect_ros2/share/kinect_ros2/launch/kinect_slam.launch.py
[0.885s] -- Up-to-date: /home/jetson/ros2_ws/install/kinect_ros2/share/kinect_ros2/rviz
[0.885s] -- Up-to-date: /home/jetson/ros2_ws/install/kinect_ros2/share/kinect_ros2/rviz/pointcloud.rviz
[0.886s] -- Up-to-date: /home/jetson/ros2_ws/install/kinect_ros2/share/ament_index/resource_index/package_run_dependencies/kinect_ros2
[0.887s] -- Up-to-date: /home/jetson/ros2_ws/install/kinect_ros2/share/ament_index/resource_index/parent_prefix_path/kinect_ros2
[0.887s] -- Up-to-date: /home/jetson/ros2_ws/install/kinect_ros2/share/kinect_ros2/environment/ament_prefix_path.sh
[0.888s] -- Up-to-date: /home/jetson/ros2_ws/install/kinect_ros2/share/kinect_ros2/environment/ament_prefix_path.dsv
[0.888s] -- Up-to-date: /home/jetson/ros2_ws/install/kinect_ros2/share/kinect_ros2/environment/path.sh
[0.889s] -- Up-to-date: /home/jetson/ros2_ws/install/kinect_ros2/share/kinect_ros2/environment/path.dsv
[0.890s] -- Up-to-date: /home/jetson/ros2_ws/install/kinect_ros2/share/kinect_ros2/local_setup.bash
[0.891s] -- Up-to-date: /home/jetson/ros2_ws/install/kinect_ros2/share/kinect_ros2/local_setup.sh
[0.891s] -- Up-to-date: /home/jetson/ros2_ws/install/kinect_ros2/share/kinect_ros2/local_setup.zsh
[0.892s] -- Up-to-date: /home/jetson/ros2_ws/install/kinect_ros2/share/kinect_ros2/local_setup.dsv
[0.901s] -- Installing: /home/jetson/ros2_ws/install/kinect_ros2/share/kinect_ros2/package.dsv
[0.908s] -- Up-to-date: /home/jetson/ros2_ws/install/kinect_ros2/share/ament_index/resource_index/packages/kinect_ros2
[0.908s] -- Up-to-date: /home/jetson/ros2_ws/install/kinect_ros2/share/ament_index/resource_index/rclcpp_components/kinect_ros2
[0.909s] -- Up-to-date: /home/jetson/ros2_ws/install/kinect_ros2/share/kinect_ros2/cmake/kinect_ros2Config.cmake
[0.909s] -- Up-to-date: /home/jetson/ros2_ws/install/kinect_ros2/share/kinect_ros2/cmake/kinect_ros2Config-version.cmake
[0.910s] -- Up-to-date: /home/jetson/ros2_ws/install/kinect_ros2/share/kinect_ros2/package.xml
[0.910s] Invoked command in '/home/jetson/ros2_ws/build/kinect_ros2' returned '0': CMAKE_PREFIX_PATH=/home/jetson/ros2_ws/install/libfreenect:/home/jetson/ros2_ws/install/kinect_ros2:/home/jetson/ros2_ws/install/talker_listener:/home/jetson/ros2_ws/install/kinect_depth:/opt/ros/foxy LD_LIBRARY_PATH=/home/jetson/ros2_ws/install/libfreenect/lib:/home/jetson/ros2_ws/install/kinect_ros2/lib:/opt/ros/foxy/opt/yaml_cpp_vendor/lib:/opt/ros/foxy/opt/rviz_ogre_vendor/lib:/opt/ros/foxy/lib/aarch64-linux-gnu:/opt/ros/foxy/lib /usr/bin/cmake --install /home/jetson/ros2_ws/build/kinect_ros2
