[3.613s] Invoking command in '/home/jetson/ros2_ws/src/talker_listener': PYTHONPATH=/home/jetson/ros2_ws/src/talker_listener/build/talker_listener/prefix_override:/usr/lib/python3/dist-packages/colcon_core/task/python/colcon_distutils_commands:/home/jetson/ros2_ws/src/talker_listener/install/talker_listener/lib/python3.8/site-packages:${PYTHONPATH} /usr/bin/python3 -W ignore:setup.py install is deprecated -W ignore:easy_install command is deprecated setup.py egg_info --egg-base build/talker_listener build --build-base /home/jetson/ros2_ws/src/talker_listener/build/talker_listener/build install --record /home/jetson/ros2_ws/src/talker_listener/build/talker_listener/install.log --single-version-externally-managed install_data
[4.958s] running egg_info
[4.960s] creating build/talker_listener/talker_listener.egg-info
[4.961s] writing build/talker_listener/talker_listener.egg-info/PKG-INFO
[4.962s] writing dependency_links to build/talker_listener/talker_listener.egg-info/dependency_links.txt
[4.963s] writing entry points to build/talker_listener/talker_listener.egg-info/entry_points.txt
[4.963s] writing requirements to build/talker_listener/talker_listener.egg-info/requires.txt
[4.964s] writing top-level names to build/talker_listener/talker_listener.egg-info/top_level.txt
[4.976s] writing manifest file 'build/talker_listener/talker_listener.egg-info/SOURCES.txt'
[4.984s] reading manifest file 'build/talker_listener/talker_listener.egg-info/SOURCES.txt'
[4.988s] writing manifest file 'build/talker_listener/talker_listener.egg-info/SOURCES.txt'
[4.990s] running build
[4.990s] running build_py
[4.991s] creating /home/jetson/ros2_ws/src/talker_listener/build/talker_listener/build
[4.992s] creating /home/jetson/ros2_ws/src/talker_listener/build/talker_listener/build/lib
[4.992s] creating /home/jetson/ros2_ws/src/talker_listener/build/talker_listener/build/lib/talker_listener
[4.993s] copying talker_listener/__init__.py -> /home/jetson/ros2_ws/src/talker_listener/build/talker_listener/build/lib/talker_listener
[4.993s] running install
[4.994s] running install_lib
[4.998s] creating /home/jetson/ros2_ws/src/talker_listener/install/talker_listener/lib/python3.8/site-packages/talker_listener
[4.998s] copying /home/jetson/ros2_ws/src/talker_listener/build/talker_listener/build/lib/talker_listener/__init__.py -> /home/jetson/ros2_ws/src/talker_listener/install/talker_listener/lib/python3.8/site-packages/talker_listener
[5.000s] byte-compiling /home/jetson/ros2_ws/src/talker_listener/install/talker_listener/lib/python3.8/site-packages/talker_listener/__init__.py to __init__.cpython-38.pyc
[5.001s] running install_data
[5.002s] creating /home/jetson/ros2_ws/src/talker_listener/install/talker_listener/share/ament_index
[5.002s] creating /home/jetson/ros2_ws/src/talker_listener/install/talker_listener/share/ament_index/resource_index
[5.003s] creating /home/jetson/ros2_ws/src/talker_listener/install/talker_listener/share/ament_index/resource_index/packages
[5.003s] copying resource/talker_listener -> /home/jetson/ros2_ws/src/talker_listener/install/talker_listener/share/ament_index/resource_index/packages
[5.004s] copying package.xml -> /home/jetson/ros2_ws/src/talker_listener/install/talker_listener/share/talker_listener
[5.004s] running install_egg_info
[5.010s] Copying build/talker_listener/talker_listener.egg-info to /home/jetson/ros2_ws/src/talker_listener/install/talker_listener/lib/python3.8/site-packages/talker_listener-0.0.0-py3.8.egg-info
[5.014s] running install_scripts
[5.091s] Installing listener script to /home/jetson/ros2_ws/src/talker_listener/install/talker_listener/lib/talker_listener
[5.092s] Installing talker script to /home/jetson/ros2_ws/src/talker_listener/install/talker_listener/lib/talker_listener
[5.093s] writing list of installed files to '/home/jetson/ros2_ws/src/talker_listener/build/talker_listener/install.log'
[5.192s] Invoked command in '/home/jetson/ros2_ws/src/talker_listener' returned '0': PYTHONPATH=/home/jetson/ros2_ws/src/talker_listener/build/talker_listener/prefix_override:/usr/lib/python3/dist-packages/colcon_core/task/python/colcon_distutils_commands:/home/jetson/ros2_ws/src/talker_listener/install/talker_listener/lib/python3.8/site-packages:${PYTHONPATH} /usr/bin/python3 -W ignore:setup.py install is deprecated -W ignore:easy_install command is deprecated setup.py egg_info --egg-base build/talker_listener build --build-base /home/jetson/ros2_ws/src/talker_listener/build/talker_listener/build install --record /home/jetson/ros2_ws/src/talker_listener/build/talker_listener/install.log --single-version-externally-managed install_data
