[0.126s] DEBUG:colcon:Command line arguments: ['/usr/bin/colcon', 'build']
[0.126s] DEBUG:colcon:Parsed command line arguments: Namespace(allow_overriding=[], ament_cmake_args=None, base_paths=['.'], build_base='build', catkin_cmake_args=None, catkin_skip_building_tests=False, cmake_args=None, cmake_clean_cache=False, cmake_clean_first=False, cmake_force_configure=False, cmake_target=None, cmake_target_skip_unavailable=False, continue_on_error=False, event_handlers=None, executor='parallel', ignore_user_meta=False, install_base='install', log_base=None, log_level=None, main=<bound method BuildVerb.main of <colcon_core.verb.build.BuildVerb object at 0x7fcbd045e3d0>>, merge_install=False, metas=['./colcon.meta'], packages_above=None, packages_above_and_dependencies=None, packages_above_depth=None, packages_end=None, packages_ignore=None, packages_ignore_regex=None, packages_select=None, packages_select_build_failed=False, packages_select_by_dep=None, packages_select_regex=None, packages_select_test_failures=False, packages_skip=None, packages_skip_build_finished=False, packages_skip_by_dep=None, packages_skip_regex=None, packages_skip_test_passed=False, packages_skip_up_to=None, packages_start=None, packages_up_to=None, packages_up_to_regex=None, parallel_workers=2, paths=None, symlink_install=False, test_result_base=None, verb_extension=<colcon_core.verb.build.BuildVerb object at 0x7fcbd045e3d0>, verb_name='build', verb_parser=<colcon_defaults.argument_parser.defaults.DefaultArgumentsDecorator object at 0x7fcbd044c3d0>)
[0.229s] Level 1:colcon.colcon_core.package_discovery:discover_packages(colcon_meta) check parameters
[0.229s] Level 1:colcon.colcon_core.package_discovery:discover_packages(recursive) check parameters
[0.229s] Level 1:colcon.colcon_core.package_discovery:discover_packages(ignore) check parameters
[0.229s] Level 1:colcon.colcon_core.package_discovery:discover_packages(path) check parameters
[0.229s] Level 1:colcon.colcon_core.package_discovery:discover_packages(colcon_meta) discover
[0.229s] Level 1:colcon.colcon_core.package_discovery:discover_packages(recursive) discover
[0.229s] INFO:colcon.colcon_core.package_discovery:Crawling recursively for packages in '/home/pericao/ros2_ws/src/kinect_ros2'
[0.229s] Level 1:colcon.colcon_core.package_identification:_identify(.) by extensions ['ignore', 'ignore_ament_install']
[0.229s] Level 1:colcon.colcon_core.package_identification:_identify(.) by extension 'ignore'
[0.229s] Level 1:colcon.colcon_core.package_identification:_identify(.) by extension 'ignore_ament_install'
[0.229s] Level 1:colcon.colcon_core.package_identification:_identify(.) by extensions ['colcon_pkg']
[0.229s] Level 1:colcon.colcon_core.package_identification:_identify(.) by extension 'colcon_pkg'
[0.229s] Level 1:colcon.colcon_core.package_identification:_identify(.) by extensions ['colcon_meta']
[0.229s] Level 1:colcon.colcon_core.package_identification:_identify(.) by extension 'colcon_meta'
[0.229s] Level 1:colcon.colcon_core.package_identification:_identify(.) by extensions ['ros']
[0.229s] Level 1:colcon.colcon_core.package_identification:_identify(.) by extension 'ros'
[0.239s] DEBUG:colcon.colcon_core.package_identification:Package '.' with type 'ros.ament_cmake' and name 'kinect_ros2'
[0.239s] Level 1:colcon.colcon_core.package_discovery:discover_packages(recursive) using defaults
[0.239s] Level 1:colcon.colcon_core.package_discovery:discover_packages(ignore) discover
[0.239s] Level 1:colcon.colcon_core.package_discovery:discover_packages(ignore) using defaults
[0.239s] Level 1:colcon.colcon_core.package_discovery:discover_packages(path) discover
[0.239s] Level 1:colcon.colcon_core.package_discovery:discover_packages(path) using defaults
[0.263s] Level 1:colcon.colcon_core.package_discovery:discover_packages(prefix_path) check parameters
[0.263s] Level 1:colcon.colcon_core.package_discovery:discover_packages(prefix_path) discover
[0.264s] DEBUG:colcon.colcon_installed_package_information.package_discovery:Found 3 installed packages in /home/pericao/ros2_ws/install
[0.265s] DEBUG:colcon.colcon_installed_package_information.package_discovery:Found 291 installed packages in /opt/ros/foxy
[0.266s] Level 1:colcon.colcon_core.package_discovery:discover_packages(prefix_path) using defaults
[0.314s] Level 5:colcon.colcon_core.verb:set package 'kinect_ros2' build argument 'cmake_args' from command line to 'None'
[0.314s] Level 5:colcon.colcon_core.verb:set package 'kinect_ros2' build argument 'cmake_target' from command line to 'None'
[0.314s] Level 5:colcon.colcon_core.verb:set package 'kinect_ros2' build argument 'cmake_target_skip_unavailable' from command line to 'False'
[0.314s] Level 5:colcon.colcon_core.verb:set package 'kinect_ros2' build argument 'cmake_clean_cache' from command line to 'False'
[0.314s] Level 5:colcon.colcon_core.verb:set package 'kinect_ros2' build argument 'cmake_clean_first' from command line to 'False'
[0.314s] Level 5:colcon.colcon_core.verb:set package 'kinect_ros2' build argument 'cmake_force_configure' from command line to 'False'
[0.314s] Level 5:colcon.colcon_core.verb:set package 'kinect_ros2' build argument 'ament_cmake_args' from command line to 'None'
[0.314s] Level 5:colcon.colcon_core.verb:set package 'kinect_ros2' build argument 'catkin_cmake_args' from command line to 'None'
[0.314s] Level 5:colcon.colcon_core.verb:set package 'kinect_ros2' build argument 'catkin_skip_building_tests' from command line to 'False'
[0.314s] DEBUG:colcon.colcon_core.verb:Building package 'kinect_ros2' with the following arguments: {'ament_cmake_args': None, 'build_base': '/home/pericao/ros2_ws/src/kinect_ros2/build/kinect_ros2', 'catkin_cmake_args': None, 'catkin_skip_building_tests': False, 'cmake_args': None, 'cmake_clean_cache': False, 'cmake_clean_first': False, 'cmake_force_configure': False, 'cmake_target': None, 'cmake_target_skip_unavailable': False, 'install_base': '/home/pericao/ros2_ws/src/kinect_ros2/install/kinect_ros2', 'merge_install': False, 'path': '/home/pericao/ros2_ws/src/kinect_ros2', 'symlink_install': False, 'test_result_base': None}
[0.314s] INFO:colcon.colcon_core.executor:Executing jobs using 'parallel' executor
[0.315s] DEBUG:colcon.colcon_parallel_executor.executor.parallel:run_until_complete
[0.315s] INFO:colcon.colcon_ros.task.ament_cmake.build:Building ROS package in '/home/pericao/ros2_ws/src/kinect_ros2' with build type 'ament_cmake'
[0.316s] INFO:colcon.colcon_cmake.task.cmake.build:Building CMake package in '/home/pericao/ros2_ws/src/kinect_ros2'
[0.317s] INFO:colcon.colcon_core.plugin_system:Skipping extension 'colcon_core.shell.bat': Not used on non-Windows systems
[0.317s] INFO:colcon.colcon_core.shell:Skip shell extension 'powershell' for command environment: Not usable outside of PowerShell
[0.317s] DEBUG:colcon.colcon_core.shell:Skip shell extension 'dsv' for command environment
[0.324s] DEBUG:colcon.colcon_core.event_handler.log_command:Invoking command in '/home/pericao/ros2_ws/src/kinect_ros2/build/kinect_ros2': CMAKE_PREFIX_PATH=${CMAKE_PREFIX_PATH}:/home/pericao/ros2_ws/install/my_robot:/opt/ros/foxy /usr/bin/cmake /home/pericao/ros2_ws/src/kinect_ros2 -DCMAKE_INSTALL_PREFIX=/home/pericao/ros2_ws/src/kinect_ros2/install/kinect_ros2
[1.382s] DEBUG:colcon.colcon_core.event_handler.log_command:Invoked command in '/home/pericao/ros2_ws/src/kinect_ros2/build/kinect_ros2' returned '1': CMAKE_PREFIX_PATH=${CMAKE_PREFIX_PATH}:/home/pericao/ros2_ws/install/my_robot:/opt/ros/foxy /usr/bin/cmake /home/pericao/ros2_ws/src/kinect_ros2 -DCMAKE_INSTALL_PREFIX=/home/pericao/ros2_ws/src/kinect_ros2/install/kinect_ros2
[1.392s] Level 1:colcon.colcon_core.environment:create_environment_scripts_only(kinect_ros2)
[1.394s] Level 1:colcon.colcon_core.environment:checking '/home/pericao/ros2_ws/src/kinect_ros2/install/kinect_ros2' for CMake module files
[1.394s] Level 1:colcon.colcon_core.environment:checking '/home/pericao/ros2_ws/src/kinect_ros2/install/kinect_ros2' for CMake config files
[1.395s] Level 1:colcon.colcon_core.environment:checking '/home/pericao/ros2_ws/src/kinect_ros2/install/kinect_ros2/bin'
[1.395s] Level 1:colcon.colcon_core.environment:checking '/home/pericao/ros2_ws/src/kinect_ros2/install/kinect_ros2/lib/pkgconfig/kinect_ros2.pc'
[1.395s] Level 1:colcon.colcon_core.environment:checking '/home/pericao/ros2_ws/src/kinect_ros2/install/kinect_ros2/lib/python3.8/site-packages'
[1.395s] Level 1:colcon.colcon_core.environment:checking '/home/pericao/ros2_ws/src/kinect_ros2/install/kinect_ros2/bin'
[1.395s] INFO:colcon.colcon_core.shell:Creating package script '/home/pericao/ros2_ws/src/kinect_ros2/install/kinect_ros2/share/kinect_ros2/package.ps1'
[1.396s] INFO:colcon.colcon_core.shell:Creating package descriptor '/home/pericao/ros2_ws/src/kinect_ros2/install/kinect_ros2/share/kinect_ros2/package.dsv'
[1.396s] INFO:colcon.colcon_core.shell:Creating package script '/home/pericao/ros2_ws/src/kinect_ros2/install/kinect_ros2/share/kinect_ros2/package.sh'
[1.397s] INFO:colcon.colcon_core.shell:Creating package script '/home/pericao/ros2_ws/src/kinect_ros2/install/kinect_ros2/share/kinect_ros2/package.bash'
[1.397s] INFO:colcon.colcon_core.shell:Creating package script '/home/pericao/ros2_ws/src/kinect_ros2/install/kinect_ros2/share/kinect_ros2/package.zsh'
[1.397s] Level 1:colcon.colcon_core.environment:create_file_with_runtime_dependencies(/home/pericao/ros2_ws/src/kinect_ros2/install/kinect_ros2/share/colcon-core/packages/kinect_ros2)
[1.409s] DEBUG:colcon.colcon_parallel_executor.executor.parallel:closing loop
[1.409s] DEBUG:colcon.colcon_parallel_executor.executor.parallel:loop closed
[1.410s] DEBUG:colcon.colcon_parallel_executor.executor.parallel:run_until_complete finished with '1'
[1.410s] DEBUG:colcon.colcon_core.event_reactor:joining thread
[1.418s] INFO:colcon.colcon_core.plugin_system:Skipping extension 'colcon_notification.desktop_notification.terminal_notifier': Not used on non-Darwin systems
[1.418s] INFO:colcon.colcon_core.plugin_system:Skipping extension 'colcon_notification.desktop_notification.win32': Not used on non-Windows systems
[1.419s] INFO:colcon.colcon_notification.desktop_notification:Sending desktop notification using 'notify2'
[1.435s] DEBUG:colcon.colcon_core.event_reactor:joined thread
[1.436s] INFO:colcon.colcon_core.shell:Creating prefix script '/home/pericao/ros2_ws/src/kinect_ros2/install/local_setup.ps1'
[1.437s] INFO:colcon.colcon_core.shell:Creating prefix util module '/home/pericao/ros2_ws/src/kinect_ros2/install/_local_setup_util_ps1.py'
[1.438s] INFO:colcon.colcon_core.shell:Creating prefix chain script '/home/pericao/ros2_ws/src/kinect_ros2/install/setup.ps1'
[1.439s] INFO:colcon.colcon_core.shell:Creating prefix script '/home/pericao/ros2_ws/src/kinect_ros2/install/local_setup.sh'
[1.439s] INFO:colcon.colcon_core.shell:Creating prefix util module '/home/pericao/ros2_ws/src/kinect_ros2/install/_local_setup_util_sh.py'
[1.440s] INFO:colcon.colcon_core.shell:Creating prefix chain script '/home/pericao/ros2_ws/src/kinect_ros2/install/setup.sh'
[1.440s] INFO:colcon.colcon_core.shell:Creating prefix script '/home/pericao/ros2_ws/src/kinect_ros2/install/local_setup.bash'
[1.441s] INFO:colcon.colcon_core.shell:Creating prefix chain script '/home/pericao/ros2_ws/src/kinect_ros2/install/setup.bash'
[1.441s] INFO:colcon.colcon_core.shell:Creating prefix script '/home/pericao/ros2_ws/src/kinect_ros2/install/local_setup.zsh'
[1.442s] INFO:colcon.colcon_core.shell:Creating prefix chain script '/home/pericao/ros2_ws/src/kinect_ros2/install/setup.zsh'
