[0.011s] Invoking command in '/home/pericao/ros2_ws/build/mi_paquete': CMAKE_PREFIX_PATH=/home/pericao/ros2_ws/install/my_robot:/opt/ros/foxy /usr/bin/cmake /home/pericao/ros2_ws/src/mi_paquete -DCMAKE_INSTALL_PREFIX=/home/pericao/ros2_ws/install/mi_paquete
[0.055s] -- The C compiler identification is GNU 9.4.0
[0.090s] -- The CXX compiler identification is GNU 9.4.0
[0.093s] -- Check for working C compiler: /usr/bin/cc
[0.146s] -- Check for working C compiler: /usr/bin/cc -- works
[0.147s] -- Detecting C compiler ABI info
[0.196s] -- Detecting C compiler ABI info - done
[0.203s] -- Detecting C compile features
[0.204s] -- Detecting C compile features - done
[0.206s] -- Check for working CXX compiler: /usr/bin/c++
[0.261s] -- Check for working CXX compiler: /usr/bin/c++ -- works
[0.262s] -- Detecting CXX compiler ABI info
[0.312s] -- Detecting CXX compiler ABI info - done
[0.321s] -- Detecting CXX compile features
[0.321s] -- Detecting CXX compile features - done
[0.322s] -- Found ament_cmake: 0.9.12 (/opt/ros/foxy/share/ament_cmake/cmake)
[0.346s] -- Found PythonInterp: /usr/bin/python3 (found suitable version "3.8.10", minimum required is "3") 
[0.346s] -- Using PYTHON_EXECUTABLE: /usr/bin/python3
[0.469s] -- Found rclcpp: 2.4.3 (/opt/ros/foxy/share/rclcpp/cmake)
[0.497s] -- Using all available rosidl_typesupport_c: rosidl_typesupport_fastrtps_c;rosidl_typesupport_introspection_c
[0.502s] -- Found rosidl_adapter: 1.3.1 (/opt/ros/foxy/share/rosidl_adapter/cmake)
[0.555s] -- Found OpenSSL: /usr/lib/x86_64-linux-gnu/libcrypto.so (found version "1.1.1f")  
[0.574s] -- Found FastRTPS: /opt/ros/foxy/include  
[0.626s] -- Using all available rosidl_typesupport_cpp: rosidl_typesupport_fastrtps_cpp;rosidl_typesupport_introspection_cpp
[0.664s] -- Found rmw_implementation_cmake: 1.0.4 (/opt/ros/foxy/share/rmw_implementation_cmake/cmake)
[0.665s] -- Using RMW implementation 'rmw_fastrtps_cpp' as default
[0.665s] -- Looking for pthread.h
[0.712s] -- Looking for pthread.h - found
[0.712s] -- Performing Test CMAKE_HAVE_LIBC_PTHREAD
[0.764s] -- Performing Test CMAKE_HAVE_LIBC_PTHREAD - Failed
[0.764s] -- Looking for pthread_create in pthreads
[0.804s] -- Looking for pthread_create in pthreads - not found
[0.804s] -- Looking for pthread_create in pthread
[0.862s] -- Looking for pthread_create in pthread - found
[0.863s] -- Found Threads: TRUE  
[0.964s] -- Found ament_lint_auto: 0.9.8 (/opt/ros/foxy/share/ament_lint_auto/cmake)
[1.011s] -- Added test 'copyright' to check source files copyright and LICENSE
[1.012s] -- Added test 'lint_cmake' to check CMake code style
[1.013s] -- Added test 'xmllint' to check XML markup files
[1.014s] -- Configuring done
[1.016s] -- Generating done
[1.017s] -- Build files have been written to: /home/pericao/ros2_ws/build/mi_paquete
[1.023s] Invoked command in '/home/pericao/ros2_ws/build/mi_paquete' returned '0': CMAKE_PREFIX_PATH=/home/pericao/ros2_ws/install/my_robot:/opt/ros/foxy /usr/bin/cmake /home/pericao/ros2_ws/src/mi_paquete -DCMAKE_INSTALL_PREFIX=/home/pericao/ros2_ws/install/mi_paquete
[1.023s] Invoking command in '/home/pericao/ros2_ws/build/mi_paquete': CMAKE_PREFIX_PATH=/home/pericao/ros2_ws/install/my_robot:/opt/ros/foxy /usr/bin/cmake --build /home/pericao/ros2_ws/build/mi_paquete -- -j2 -l2
[1.056s] Invoked command in '/home/pericao/ros2_ws/build/mi_paquete' returned '0': CMAKE_PREFIX_PATH=/home/pericao/ros2_ws/install/my_robot:/opt/ros/foxy /usr/bin/cmake --build /home/pericao/ros2_ws/build/mi_paquete -- -j2 -l2
[1.078s] Invoking command in '/home/pericao/ros2_ws/build/mi_paquete': CMAKE_PREFIX_PATH=/home/pericao/ros2_ws/install/my_robot:/opt/ros/foxy /usr/bin/cmake --install /home/pericao/ros2_ws/build/mi_paquete
[1.083s] -- Install configuration: ""
[1.083s] -- Installing: /home/pericao/ros2_ws/install/mi_paquete/share/ament_index/resource_index/package_run_dependencies/mi_paquete
[1.083s] -- Installing: /home/pericao/ros2_ws/install/mi_paquete/share/ament_index/resource_index/parent_prefix_path/mi_paquete
[1.083s] -- Installing: /home/pericao/ros2_ws/install/mi_paquete/share/mi_paquete/environment/ament_prefix_path.sh
[1.083s] -- Installing: /home/pericao/ros2_ws/install/mi_paquete/share/mi_paquete/environment/ament_prefix_path.dsv
[1.083s] -- Installing: /home/pericao/ros2_ws/install/mi_paquete/share/mi_paquete/environment/path.sh
[1.083s] -- Installing: /home/pericao/ros2_ws/install/mi_paquete/share/mi_paquete/environment/path.dsv
[1.084s] -- Installing: /home/pericao/ros2_ws/install/mi_paquete/share/mi_paquete/local_setup.bash
[1.084s] -- Installing: /home/pericao/ros2_ws/install/mi_paquete/share/mi_paquete/local_setup.sh
[1.084s] -- Installing: /home/pericao/ros2_ws/install/mi_paquete/share/mi_paquete/local_setup.zsh
[1.084s] -- Installing: /home/pericao/ros2_ws/install/mi_paquete/share/mi_paquete/local_setup.dsv
[1.084s] -- Installing: /home/pericao/ros2_ws/install/mi_paquete/share/mi_paquete/package.dsv
[1.084s] -- Installing: /home/pericao/ros2_ws/install/mi_paquete/share/ament_index/resource_index/packages/mi_paquete
[1.084s] -- Installing: /home/pericao/ros2_ws/install/mi_paquete/share/mi_paquete/cmake/mi_paqueteConfig.cmake
[1.084s] -- Installing: /home/pericao/ros2_ws/install/mi_paquete/share/mi_paquete/cmake/mi_paqueteConfig-version.cmake
[1.084s] -- Installing: /home/pericao/ros2_ws/install/mi_paquete/share/mi_paquete/package.xml
[1.091s] Invoked command in '/home/pericao/ros2_ws/build/mi_paquete' returned '0': CMAKE_PREFIX_PATH=/home/pericao/ros2_ws/install/my_robot:/opt/ros/foxy /usr/bin/cmake --install /home/pericao/ros2_ws/build/mi_paquete
