[5.417s] Invoking command in '/home/jetson/ros2_ws/src/talker_listener': PYTHONPATH=/home/jetson/ros2_ws/build/talker_listener/prefix_override:/usr/lib/python3/dist-packages/colcon_core/task/python/colcon_distutils_commands:/home/jetson/ros2_ws/install/talker_listener/lib/python3.8/site-packages:${PYTHONPATH} /usr/bin/python3 -W ignore:setup.py install is deprecated -W ignore:easy_install command is deprecated setup.py egg_info --egg-base ../../build/talker_listener build --build-base /home/jetson/ros2_ws/build/talker_listener/build install --record /home/jetson/ros2_ws/build/talker_listener/install.log --single-version-externally-managed install_data
[6.177s] running egg_info
[6.180s] writing ../../build/talker_listener/talker_listener.egg-info/PKG-INFO
[6.181s] writing dependency_links to ../../build/talker_listener/talker_listener.egg-info/dependency_links.txt
[6.182s] writing entry points to ../../build/talker_listener/talker_listener.egg-info/entry_points.txt
[6.183s] writing requirements to ../../build/talker_listener/talker_listener.egg-info/requires.txt
[6.183s] writing top-level names to ../../build/talker_listener/talker_listener.egg-info/top_level.txt
[6.314s] reading manifest file '../../build/talker_listener/talker_listener.egg-info/SOURCES.txt'
[6.318s] writing manifest file '../../build/talker_listener/talker_listener.egg-info/SOURCES.txt'
[6.318s] running build
[6.319s] running build_py
[6.322s] running install
[6.325s] running install_lib
[6.331s] running install_data
[6.332s] running install_egg_info
[6.338s] removing '/home/jetson/ros2_ws/install/talker_listener/lib/python3.8/site-packages/talker_listener-0.0.0-py3.8.egg-info' (and everything under it)
[6.340s] Copying ../../build/talker_listener/talker_listener.egg-info to /home/jetson/ros2_ws/install/talker_listener/lib/python3.8/site-packages/talker_listener-0.0.0-py3.8.egg-info
[6.344s] running install_scripts
[6.404s] Installing listener script to /home/jetson/ros2_ws/install/talker_listener/lib/talker_listener
[6.405s] Installing talker script to /home/jetson/ros2_ws/install/talker_listener/lib/talker_listener
[6.407s] writing list of installed files to '/home/jetson/ros2_ws/build/talker_listener/install.log'
[6.542s] Invoked command in '/home/jetson/ros2_ws/src/talker_listener' returned '0': PYTHONPATH=/home/jetson/ros2_ws/build/talker_listener/prefix_override:/usr/lib/python3/dist-packages/colcon_core/task/python/colcon_distutils_commands:/home/jetson/ros2_ws/install/talker_listener/lib/python3.8/site-packages:${PYTHONPATH} /usr/bin/python3 -W ignore:setup.py install is deprecated -W ignore:easy_install command is deprecated setup.py egg_info --egg-base ../../build/talker_listener build --build-base /home/jetson/ros2_ws/build/talker_listener/build install --record /home/jetson/ros2_ws/build/talker_listener/install.log --single-version-externally-managed install_data
