[1.641s] DEBUG:colcon:Command line arguments: ['/usr/bin/colcon', 'build']
[1.641s] DEBUG:colcon:Parsed command line arguments: Namespace(allow_overriding=[], ament_cmake_args=None, base_paths=['.'], build_base='build', catkin_cmake_args=None, catkin_skip_building_tests=False, cmake_args=None, cmake_clean_cache=False, cmake_clean_first=False, cmake_force_configure=False, cmake_target=None, cmake_target_skip_unavailable=False, continue_on_error=False, event_handlers=None, executor='parallel', ignore_user_meta=False, install_base='install', log_base=None, log_level=None, main=<bound method BuildVerb.main of <colcon_core.verb.build.BuildVerb object at 0x7f78ed2a30>>, merge_install=False, metas=['./colcon.meta'], packages_above=None, packages_above_and_dependencies=None, packages_above_depth=None, packages_end=None, packages_ignore=None, packages_ignore_regex=None, packages_select=None, packages_select_build_failed=False, packages_select_by_dep=None, packages_select_regex=None, packages_select_test_failures=False, packages_skip=None, packages_skip_build_finished=False, packages_skip_by_dep=None, packages_skip_regex=None, packages_skip_test_passed=False, packages_skip_up_to=None, packages_start=None, packages_up_to=None, packages_up_to_regex=None, parallel_workers=4, paths=None, symlink_install=False, test_result_base=None, verb_extension=<colcon_core.verb.build.BuildVerb object at 0x7f78ed2a30>, verb_name='build', verb_parser=<colcon_defaults.argument_parser.defaults.DefaultArgumentsDecorator object at 0x7f78e53520>)
[2.798s] Level 1:colcon.colcon_core.package_discovery:discover_packages(colcon_meta) check parameters
[2.798s] Level 1:colcon.colcon_core.package_discovery:discover_packages(recursive) check parameters
[2.799s] Level 1:colcon.colcon_core.package_discovery:discover_packages(ignore) check parameters
[2.799s] Level 1:colcon.colcon_core.package_discovery:discover_packages(path) check parameters
[2.799s] Level 1:colcon.colcon_core.package_discovery:discover_packages(colcon_meta) discover
[2.799s] Level 1:colcon.colcon_core.package_discovery:discover_packages(recursive) discover
[2.799s] INFO:colcon.colcon_core.package_discovery:Crawling recursively for packages in '/home/jetson/ros2_ws/src/kinect_ros2'
[2.800s] Level 1:colcon.colcon_core.package_identification:_identify(.) by extensions ['ignore', 'ignore_ament_install']
[2.800s] Level 1:colcon.colcon_core.package_identification:_identify(.) by extension 'ignore'
[2.800s] Level 1:colcon.colcon_core.package_identification:_identify(.) by extension 'ignore_ament_install'
[2.801s] Level 1:colcon.colcon_core.package_identification:_identify(.) by extensions ['colcon_pkg']
[2.801s] Level 1:colcon.colcon_core.package_identification:_identify(.) by extension 'colcon_pkg'
[2.801s] Level 1:colcon.colcon_core.package_identification:_identify(.) by extensions ['colcon_meta']
[2.801s] Level 1:colcon.colcon_core.package_identification:_identify(.) by extension 'colcon_meta'
[2.801s] Level 1:colcon.colcon_core.package_identification:_identify(.) by extensions ['ros']
[2.801s] Level 1:colcon.colcon_core.package_identification:_identify(.) by extension 'ros'
[2.914s] DEBUG:colcon.colcon_core.package_identification:Package '.' with type 'ros.ament_cmake' and name 'kinect_ros2'
[2.914s] Level 1:colcon.colcon_core.package_discovery:discover_packages(recursive) using defaults
[2.915s] Level 1:colcon.colcon_core.package_discovery:discover_packages(ignore) discover
[2.915s] Level 1:colcon.colcon_core.package_discovery:discover_packages(ignore) using defaults
[2.915s] Level 1:colcon.colcon_core.package_discovery:discover_packages(path) discover
[2.915s] Level 1:colcon.colcon_core.package_discovery:discover_packages(path) using defaults
[3.036s] Level 1:colcon.colcon_core.package_discovery:discover_packages(prefix_path) check parameters
[3.036s] Level 1:colcon.colcon_core.package_discovery:discover_packages(prefix_path) discover
[3.060s] DEBUG:colcon.colcon_installed_package_information.package_discovery:Found 4 installed packages in /home/jetson/ros2_ws/install
[3.067s] DEBUG:colcon.colcon_installed_package_information.package_discovery:Found 278 installed packages in /opt/ros/galactic
[3.079s] Level 1:colcon.colcon_core.package_discovery:discover_packages(prefix_path) using defaults
[3.907s] Level 5:colcon.colcon_core.verb:set package 'kinect_ros2' build argument 'cmake_args' from command line to 'None'
[3.908s] Level 5:colcon.colcon_core.verb:set package 'kinect_ros2' build argument 'cmake_target' from command line to 'None'
[3.908s] Level 5:colcon.colcon_core.verb:set package 'kinect_ros2' build argument 'cmake_target_skip_unavailable' from command line to 'False'
[3.908s] Level 5:colcon.colcon_core.verb:set package 'kinect_ros2' build argument 'cmake_clean_cache' from command line to 'False'
[3.908s] Level 5:colcon.colcon_core.verb:set package 'kinect_ros2' build argument 'cmake_clean_first' from command line to 'False'
[3.909s] Level 5:colcon.colcon_core.verb:set package 'kinect_ros2' build argument 'cmake_force_configure' from command line to 'False'
[3.909s] Level 5:colcon.colcon_core.verb:set package 'kinect_ros2' build argument 'ament_cmake_args' from command line to 'None'
[3.909s] Level 5:colcon.colcon_core.verb:set package 'kinect_ros2' build argument 'catkin_cmake_args' from command line to 'None'
[3.909s] Level 5:colcon.colcon_core.verb:set package 'kinect_ros2' build argument 'catkin_skip_building_tests' from command line to 'False'
[3.909s] DEBUG:colcon.colcon_core.verb:Building package 'kinect_ros2' with the following arguments: {'ament_cmake_args': None, 'build_base': '/home/jetson/ros2_ws/src/kinect_ros2/build/kinect_ros2', 'catkin_cmake_args': None, 'catkin_skip_building_tests': False, 'cmake_args': None, 'cmake_clean_cache': False, 'cmake_clean_first': False, 'cmake_force_configure': False, 'cmake_target': None, 'cmake_target_skip_unavailable': False, 'install_base': '/home/jetson/ros2_ws/src/kinect_ros2/install/kinect_ros2', 'merge_install': False, 'path': '/home/jetson/ros2_ws/src/kinect_ros2', 'symlink_install': False, 'test_result_base': None}
[3.910s] INFO:colcon.colcon_core.executor:Executing jobs using 'parallel' executor
[3.913s] DEBUG:colcon.colcon_parallel_executor.executor.parallel:run_until_complete
[3.914s] INFO:colcon.colcon_ros.task.ament_cmake.build:Building ROS package in '/home/jetson/ros2_ws/src/kinect_ros2' with build type 'ament_cmake'
[3.915s] INFO:colcon.colcon_cmake.task.cmake.build:Building CMake package in '/home/jetson/ros2_ws/src/kinect_ros2'
[3.945s] INFO:colcon.colcon_core.plugin_system:Skipping extension 'colcon_core.shell.bat': Not used on non-Windows systems
[3.946s] INFO:colcon.colcon_core.shell:Skip shell extension 'powershell' for command environment: Not usable outside of PowerShell
[3.946s] DEBUG:colcon.colcon_core.shell:Skip shell extension 'dsv' for command environment
[3.991s] DEBUG:colcon.colcon_core.event_handler.log_command:Invoking command in '/home/jetson/ros2_ws/src/kinect_ros2/build/kinect_ros2': CMAKE_PREFIX_PATH=${CMAKE_PREFIX_PATH}:/home/jetson/ros2_ws/install/talker_listener:/home/jetson/ros2_ws/install/kinect_ros2:/home/jetson/ros2_ws/install/kinect_depth:/opt/ros/galactic /usr/bin/cmake /home/jetson/ros2_ws/src/kinect_ros2 -DCMAKE_INSTALL_PREFIX=/home/jetson/ros2_ws/src/kinect_ros2/install/kinect_ros2
[4.237s] DEBUG:colcon.colcon_core.event_handler.log_command:Invoked command in '/home/jetson/ros2_ws/src/kinect_ros2/build/kinect_ros2' returned '1': CMAKE_PREFIX_PATH=${CMAKE_PREFIX_PATH}:/home/jetson/ros2_ws/install/talker_listener:/home/jetson/ros2_ws/install/kinect_ros2:/home/jetson/ros2_ws/install/kinect_depth:/opt/ros/galactic /usr/bin/cmake /home/jetson/ros2_ws/src/kinect_ros2 -DCMAKE_INSTALL_PREFIX=/home/jetson/ros2_ws/src/kinect_ros2/install/kinect_ros2
[4.296s] Level 1:colcon.colcon_core.environment:create_environment_scripts_only(kinect_ros2)
[4.320s] Level 1:colcon.colcon_core.environment:checking '/home/jetson/ros2_ws/src/kinect_ros2/install/kinect_ros2' for CMake module files
[4.324s] Level 1:colcon.colcon_core.environment:checking '/home/jetson/ros2_ws/src/kinect_ros2/install/kinect_ros2' for CMake config files
[4.328s] Level 1:colcon.colcon_core.environment:checking '/home/jetson/ros2_ws/src/kinect_ros2/install/kinect_ros2/bin'
[4.329s] Level 1:colcon.colcon_core.environment:checking '/home/jetson/ros2_ws/src/kinect_ros2/install/kinect_ros2/lib/pkgconfig/kinect_ros2.pc'
[4.329s] Level 1:colcon.colcon_core.environment:checking '/home/jetson/ros2_ws/src/kinect_ros2/install/kinect_ros2/lib/python3.8/site-packages'
[4.330s] Level 1:colcon.colcon_core.environment:checking '/home/jetson/ros2_ws/src/kinect_ros2/install/kinect_ros2/bin'
[4.331s] INFO:colcon.colcon_core.shell:Creating package script '/home/jetson/ros2_ws/src/kinect_ros2/install/kinect_ros2/share/kinect_ros2/package.ps1'
[4.338s] INFO:colcon.colcon_core.shell:Creating package descriptor '/home/jetson/ros2_ws/src/kinect_ros2/install/kinect_ros2/share/kinect_ros2/package.dsv'
[4.344s] INFO:colcon.colcon_core.shell:Creating package script '/home/jetson/ros2_ws/src/kinect_ros2/install/kinect_ros2/share/kinect_ros2/package.sh'
[4.349s] INFO:colcon.colcon_core.shell:Creating package script '/home/jetson/ros2_ws/src/kinect_ros2/install/kinect_ros2/share/kinect_ros2/package.bash'
[4.355s] INFO:colcon.colcon_core.shell:Creating package script '/home/jetson/ros2_ws/src/kinect_ros2/install/kinect_ros2/share/kinect_ros2/package.zsh'
[4.362s] Level 1:colcon.colcon_core.environment:create_file_with_runtime_dependencies(/home/jetson/ros2_ws/src/kinect_ros2/install/kinect_ros2/share/colcon-core/packages/kinect_ros2)
[4.374s] DEBUG:colcon.colcon_parallel_executor.executor.parallel:closing loop
[4.375s] DEBUG:colcon.colcon_parallel_executor.executor.parallel:loop closed
[4.375s] DEBUG:colcon.colcon_parallel_executor.executor.parallel:run_until_complete finished with '1'
[4.375s] DEBUG:colcon.colcon_core.event_reactor:joining thread
[4.406s] INFO:colcon.colcon_core.plugin_system:Skipping extension 'colcon_notification.desktop_notification.terminal_notifier': Not used on non-Darwin systems
[4.407s] INFO:colcon.colcon_core.plugin_system:Skipping extension 'colcon_notification.desktop_notification.win32': Not used on non-Windows systems
[4.407s] INFO:colcon.colcon_notification.desktop_notification:Sending desktop notification using 'notify2'
[4.501s] DEBUG:colcon.colcon_core.event_reactor:joined thread
[4.503s] INFO:colcon.colcon_core.shell:Creating prefix script '/home/jetson/ros2_ws/src/kinect_ros2/install/local_setup.ps1'
[4.508s] INFO:colcon.colcon_core.shell:Creating prefix util module '/home/jetson/ros2_ws/src/kinect_ros2/install/_local_setup_util_ps1.py'
[4.552s] INFO:colcon.colcon_core.shell:Creating prefix chain script '/home/jetson/ros2_ws/src/kinect_ros2/install/setup.ps1'
[4.559s] INFO:colcon.colcon_core.shell:Creating prefix script '/home/jetson/ros2_ws/src/kinect_ros2/install/local_setup.sh'
[4.563s] INFO:colcon.colcon_core.shell:Creating prefix util module '/home/jetson/ros2_ws/src/kinect_ros2/install/_local_setup_util_sh.py'
[4.566s] INFO:colcon.colcon_core.shell:Creating prefix chain script '/home/jetson/ros2_ws/src/kinect_ros2/install/setup.sh'
[4.572s] INFO:colcon.colcon_core.shell:Creating prefix script '/home/jetson/ros2_ws/src/kinect_ros2/install/local_setup.bash'
[4.576s] INFO:colcon.colcon_core.shell:Creating prefix chain script '/home/jetson/ros2_ws/src/kinect_ros2/install/setup.bash'
[4.581s] INFO:colcon.colcon_core.shell:Creating prefix script '/home/jetson/ros2_ws/src/kinect_ros2/install/local_setup.zsh'
[4.586s] INFO:colcon.colcon_core.shell:Creating prefix chain script '/home/jetson/ros2_ws/src/kinect_ros2/install/setup.zsh'
