[0.095s] Invoking command in '/home/jetson/ros2_ws/build/libfreenect': /usr/bin/cmake --build /home/jetson/ros2_ws/build/libfreenect -- -j4 -l4
[1.095s] [  7%] Built target fakenect
[1.098s] [ 24%] Built target freenectstatic
[1.099s] [ 41%] Built target freenect
[1.103s] [ 45%] Built target freenect_sync
[1.103s] [ 49%] Built target freenect-camtest
[1.104s] [ 52%] Built target freenect-glview
[1.104s] [ 56%] Built target freenect-wavrecord
[1.104s] [ 60%] Built target freenect-regview
[1.105s] [ 64%] Built target freenect-regtest
[1.105s] [ 67%] Built target freenect-chunkview
[1.105s] [ 71%] Built target freenect-tiltdemo
[1.106s] [ 75%] Built target freenect-micview
[1.106s] [ 79%] Built target freenect-hiview
[1.106s] [ 83%] Built target freenect_sync_static
[1.106s] [ 88%] Built target fakenect-record
[1.107s] [ 96%] Built target freenect-cppview
[1.107s] [ 96%] Built target freenect-cpp_pcview
[1.107s] [100%] Built target freenect-glpclview
[1.886s] Invoked command in '/home/jetson/ros2_ws/build/libfreenect' returned '0': /usr/bin/cmake --build /home/jetson/ros2_ws/build/libfreenect -- -j4 -l4
[1.925s] Invoking command in '/home/jetson/ros2_ws/build/libfreenect': /usr/bin/cmake --install /home/jetson/ros2_ws/build/libfreenect
[1.957s] -- Install configuration: ""
[1.958s] -- Up-to-date: /home/jetson/ros2_ws/install/libfreenect/share/libfreenect/libfreenectConfig.cmake
[1.958s] -- Up-to-date: /home/jetson/ros2_ws/install/libfreenect/share/fwfetcher.py
[1.959s] -- Up-to-date: /home/jetson/ros2_ws/install/libfreenect/lib/libfreenect.so.0.7.5
[1.960s] -- Up-to-date: /home/jetson/ros2_ws/install/libfreenect/lib/libfreenect.so.0
[1.960s] -- Up-to-date: /home/jetson/ros2_ws/install/libfreenect/lib/libfreenect.so
[1.962s] -- Up-to-date: /home/jetson/ros2_ws/install/libfreenect/lib/libfreenect.a
[1.962s] -- Up-to-date: /home/jetson/ros2_ws/install/libfreenect/include/libfreenect/libfreenect.h
[1.963s] -- Up-to-date: /home/jetson/ros2_ws/install/libfreenect/include/libfreenect/libfreenect_registration.h
[1.963s] -- Up-to-date: /home/jetson/ros2_ws/install/libfreenect/include/libfreenect/libfreenect_audio.h
[1.964s] -- Up-to-date: /home/jetson/ros2_ws/install/libfreenect/lib/pkgconfig/libfreenect.pc
[1.964s] -- Up-to-date: /home/jetson/ros2_ws/install/libfreenect/bin/freenect-camtest
[1.966s] -- Up-to-date: /home/jetson/ros2_ws/install/libfreenect/bin/freenect-wavrecord
[1.968s] -- Up-to-date: /home/jetson/ros2_ws/install/libfreenect/bin/freenect-glview
[1.972s] -- Up-to-date: /home/jetson/ros2_ws/install/libfreenect/bin/freenect-regview
[1.974s] -- Up-to-date: /home/jetson/ros2_ws/install/libfreenect/bin/freenect-hiview
[1.976s] -- Up-to-date: /home/jetson/ros2_ws/install/libfreenect/bin/freenect-chunkview
[1.977s] -- Up-to-date: /home/jetson/ros2_ws/install/libfreenect/bin/freenect-micview
[1.979s] -- Up-to-date: /home/jetson/ros2_ws/install/libfreenect/bin/freenect-regtest
[1.981s] -- Up-to-date: /home/jetson/ros2_ws/install/libfreenect/bin/freenect-tiltdemo
[1.982s] -- Up-to-date: /home/jetson/ros2_ws/install/libfreenect/bin/freenect-glpclview
[1.987s] -- Up-to-date: /home/jetson/ros2_ws/install/libfreenect/lib/fakenect/libfakenect.so.0.7.5
[1.987s] -- Up-to-date: /home/jetson/ros2_ws/install/libfreenect/lib/fakenect/libfakenect.so.0
[1.988s] -- Up-to-date: /home/jetson/ros2_ws/install/libfreenect/lib/fakenect/libfakenect.so
[1.990s] -- Up-to-date: /home/jetson/ros2_ws/install/libfreenect/bin/fakenect-record
[1.991s] -- Up-to-date: /home/jetson/ros2_ws/install/libfreenect/bin/fakenect
[1.991s] -- Up-to-date: /home/jetson/ros2_ws/install/libfreenect/share/man/man1/fakenect.1
[1.991s] -- Up-to-date: /home/jetson/ros2_ws/install/libfreenect/share/man/man1/fakenect-record.1
[1.993s] -- Up-to-date: /home/jetson/ros2_ws/install/libfreenect/lib/libfreenect_sync.so.0.7.5
[1.994s] -- Up-to-date: /home/jetson/ros2_ws/install/libfreenect/lib/libfreenect_sync.so.0
[1.995s] -- Up-to-date: /home/jetson/ros2_ws/install/libfreenect/lib/libfreenect_sync.so
[1.995s] -- Up-to-date: /home/jetson/ros2_ws/install/libfreenect/lib/libfreenect_sync.a
[1.996s] -- Up-to-date: /home/jetson/ros2_ws/install/libfreenect/include/libfreenect/libfreenect_sync.h
[1.996s] -- Up-to-date: /home/jetson/ros2_ws/install/libfreenect/include/libfreenect/libfreenect.hpp
[1.998s] -- Up-to-date: /home/jetson/ros2_ws/install/libfreenect/bin/freenect-cppview
[2.000s] -- Up-to-date: /home/jetson/ros2_ws/install/libfreenect/bin/freenect-cpp_pcview
[2.008s] Invoked command in '/home/jetson/ros2_ws/build/libfreenect' returned '0': /usr/bin/cmake --install /home/jetson/ros2_ws/build/libfreenect
