[0.633s] DEBUG:colcon:Command line arguments: ['/usr/bin/colcon', 'build']
[0.633s] DEBUG:colcon:Parsed command line arguments: Namespace(allow_overriding=[], ament_cmake_args=None, base_paths=['.'], build_base='build', catkin_cmake_args=None, catkin_skip_building_tests=False, cmake_args=None, cmake_clean_cache=False, cmake_clean_first=False, cmake_force_configure=False, cmake_target=None, cmake_target_skip_unavailable=False, continue_on_error=False, event_handlers=None, executor='parallel', ignore_user_meta=False, install_base='install', log_base=None, log_level=None, main=<bound method BuildVerb.main of <colcon_core.verb.build.BuildVerb object at 0x7f8e3d1430>>, merge_install=False, metas=['./colcon.meta'], packages_above=None, packages_above_and_dependencies=None, packages_above_depth=None, packages_end=None, packages_ignore=None, packages_ignore_regex=None, packages_select=None, packages_select_build_failed=False, packages_select_by_dep=None, packages_select_regex=None, packages_select_test_failures=False, packages_skip=None, packages_skip_build_finished=False, packages_skip_by_dep=None, packages_skip_regex=None, packages_skip_test_passed=False, packages_skip_up_to=None, packages_start=None, packages_up_to=None, packages_up_to_regex=None, parallel_workers=4, paths=None, symlink_install=False, test_result_base=None, verb_extension=<colcon_core.verb.build.BuildVerb object at 0x7f8e3d1430>, verb_name='build', verb_parser=<colcon_defaults.argument_parser.defaults.DefaultArgumentsDecorator object at 0x7f8e3d1910>)
[1.178s] Level 1:colcon.colcon_core.package_discovery:discover_packages(colcon_meta) check parameters
[1.178s] Level 1:colcon.colcon_core.package_discovery:discover_packages(recursive) check parameters
[1.178s] Level 1:colcon.colcon_core.package_discovery:discover_packages(ignore) check parameters
[1.178s] Level 1:colcon.colcon_core.package_discovery:discover_packages(path) check parameters
[1.178s] Level 1:colcon.colcon_core.package_discovery:discover_packages(colcon_meta) discover
[1.179s] Level 1:colcon.colcon_core.package_discovery:discover_packages(recursive) discover
[1.179s] INFO:colcon.colcon_core.package_discovery:Crawling recursively for packages in '/home/jetson/ros2_ws'
[1.179s] Level 1:colcon.colcon_core.package_identification:_identify(.) by extensions ['ignore', 'ignore_ament_install']
[1.179s] Level 1:colcon.colcon_core.package_identification:_identify(.) by extension 'ignore'
[1.179s] Level 1:colcon.colcon_core.package_identification:_identify(.) by extension 'ignore_ament_install'
[1.180s] Level 1:colcon.colcon_core.package_identification:_identify(.) by extensions ['colcon_pkg']
[1.180s] Level 1:colcon.colcon_core.package_identification:_identify(.) by extension 'colcon_pkg'
[1.180s] Level 1:colcon.colcon_core.package_identification:_identify(.) by extensions ['colcon_meta']
[1.180s] Level 1:colcon.colcon_core.package_identification:_identify(.) by extension 'colcon_meta'
[1.180s] Level 1:colcon.colcon_core.package_identification:_identify(.) by extensions ['ros']
[1.180s] Level 1:colcon.colcon_core.package_identification:_identify(.) by extension 'ros'
[1.218s] Level 1:colcon.colcon_core.package_identification:_identify(.) by extensions ['cmake', 'python']
[1.218s] Level 1:colcon.colcon_core.package_identification:_identify(.) by extension 'cmake'
[1.219s] Level 1:colcon.colcon_core.package_identification:_identify(.) by extension 'python'
[1.219s] Level 1:colcon.colcon_core.package_identification:_identify(.) by extensions ['python_setup_py']
[1.219s] Level 1:colcon.colcon_core.package_identification:_identify(.) by extension 'python_setup_py'
[1.219s] Level 1:colcon.colcon_core.package_identification:_identify(build) by extensions ['ignore', 'ignore_ament_install']
[1.220s] Level 1:colcon.colcon_core.package_identification:_identify(build) by extension 'ignore'
[1.220s] Level 1:colcon.colcon_core.package_identification:_identify(build) ignored
[1.220s] Level 1:colcon.colcon_core.package_identification:_identify(install) by extensions ['ignore', 'ignore_ament_install']
[1.220s] Level 1:colcon.colcon_core.package_identification:_identify(install) by extension 'ignore'
[1.221s] Level 1:colcon.colcon_core.package_identification:_identify(install) ignored
[1.221s] Level 1:colcon.colcon_core.package_identification:_identify(log) by extensions ['ignore', 'ignore_ament_install']
[1.221s] Level 1:colcon.colcon_core.package_identification:_identify(log) by extension 'ignore'
[1.221s] Level 1:colcon.colcon_core.package_identification:_identify(log) ignored
[1.222s] Level 1:colcon.colcon_core.package_identification:_identify(src) by extensions ['ignore', 'ignore_ament_install']
[1.222s] Level 1:colcon.colcon_core.package_identification:_identify(src) by extension 'ignore'
[1.222s] Level 1:colcon.colcon_core.package_identification:_identify(src) by extension 'ignore_ament_install'
[1.222s] Level 1:colcon.colcon_core.package_identification:_identify(src) by extensions ['colcon_pkg']
[1.222s] Level 1:colcon.colcon_core.package_identification:_identify(src) by extension 'colcon_pkg'
[1.222s] Level 1:colcon.colcon_core.package_identification:_identify(src) by extensions ['colcon_meta']
[1.222s] Level 1:colcon.colcon_core.package_identification:_identify(src) by extension 'colcon_meta'
[1.223s] Level 1:colcon.colcon_core.package_identification:_identify(src) by extensions ['ros']
[1.223s] Level 1:colcon.colcon_core.package_identification:_identify(src) by extension 'ros'
[1.223s] Level 1:colcon.colcon_core.package_identification:_identify(src) by extensions ['cmake', 'python']
[1.223s] Level 1:colcon.colcon_core.package_identification:_identify(src) by extension 'cmake'
[1.223s] Level 1:colcon.colcon_core.package_identification:_identify(src) by extension 'python'
[1.223s] Level 1:colcon.colcon_core.package_identification:_identify(src) by extensions ['python_setup_py']
[1.223s] Level 1:colcon.colcon_core.package_identification:_identify(src) by extension 'python_setup_py'
[1.224s] Level 1:colcon.colcon_core.package_identification:_identify(src/kinect_depth) by extensions ['ignore', 'ignore_ament_install']
[1.224s] Level 1:colcon.colcon_core.package_identification:_identify(src/kinect_depth) by extension 'ignore'
[1.224s] Level 1:colcon.colcon_core.package_identification:_identify(src/kinect_depth) by extension 'ignore_ament_install'
[1.224s] Level 1:colcon.colcon_core.package_identification:_identify(src/kinect_depth) by extensions ['colcon_pkg']
[1.224s] Level 1:colcon.colcon_core.package_identification:_identify(src/kinect_depth) by extension 'colcon_pkg'
[1.225s] Level 1:colcon.colcon_core.package_identification:_identify(src/kinect_depth) by extensions ['colcon_meta']
[1.225s] Level 1:colcon.colcon_core.package_identification:_identify(src/kinect_depth) by extension 'colcon_meta'
[1.225s] Level 1:colcon.colcon_core.package_identification:_identify(src/kinect_depth) by extensions ['ros']
[1.225s] Level 1:colcon.colcon_core.package_identification:_identify(src/kinect_depth) by extension 'ros'
[1.233s] DEBUG:colcon.colcon_core.package_identification:Package 'src/kinect_depth' with type 'ros.ament_python' and name 'kinect_depth'
[1.234s] Level 1:colcon.colcon_core.package_identification:_identify(src/kinect_ros2) by extensions ['ignore', 'ignore_ament_install']
[1.234s] Level 1:colcon.colcon_core.package_identification:_identify(src/kinect_ros2) by extension 'ignore'
[1.234s] Level 1:colcon.colcon_core.package_identification:_identify(src/kinect_ros2) by extension 'ignore_ament_install'
[1.234s] Level 1:colcon.colcon_core.package_identification:_identify(src/kinect_ros2) by extensions ['colcon_pkg']
[1.235s] Level 1:colcon.colcon_core.package_identification:_identify(src/kinect_ros2) by extension 'colcon_pkg'
[1.235s] Level 1:colcon.colcon_core.package_identification:_identify(src/kinect_ros2) by extensions ['colcon_meta']
[1.235s] Level 1:colcon.colcon_core.package_identification:_identify(src/kinect_ros2) by extension 'colcon_meta'
[1.235s] Level 1:colcon.colcon_core.package_identification:_identify(src/kinect_ros2) by extensions ['ros']
[1.235s] Level 1:colcon.colcon_core.package_identification:_identify(src/kinect_ros2) by extension 'ros'
[1.239s] DEBUG:colcon.colcon_core.package_identification:Package 'src/kinect_ros2' with type 'ros.ament_cmake' and name 'kinect_ros2'
[1.239s] Level 1:colcon.colcon_core.package_identification:_identify(src/libfreenect) by extensions ['ignore', 'ignore_ament_install']
[1.239s] Level 1:colcon.colcon_core.package_identification:_identify(src/libfreenect) by extension 'ignore'
[1.240s] Level 1:colcon.colcon_core.package_identification:_identify(src/libfreenect) by extension 'ignore_ament_install'
[1.240s] Level 1:colcon.colcon_core.package_identification:_identify(src/libfreenect) by extensions ['colcon_pkg']
[1.240s] Level 1:colcon.colcon_core.package_identification:_identify(src/libfreenect) by extension 'colcon_pkg'
[1.240s] Level 1:colcon.colcon_core.package_identification:_identify(src/libfreenect) by extensions ['colcon_meta']
[1.240s] Level 1:colcon.colcon_core.package_identification:_identify(src/libfreenect) by extension 'colcon_meta'
[1.240s] Level 1:colcon.colcon_core.package_identification:_identify(src/libfreenect) by extensions ['ros']
[1.240s] Level 1:colcon.colcon_core.package_identification:_identify(src/libfreenect) by extension 'ros'
[1.241s] Level 1:colcon.colcon_core.package_identification:_identify(src/libfreenect) by extensions ['cmake', 'python']
[1.241s] Level 1:colcon.colcon_core.package_identification:_identify(src/libfreenect) by extension 'cmake'
[1.267s] Level 1:colcon.colcon_core.package_identification:_identify(src/libfreenect) by extension 'python'
[1.267s] DEBUG:colcon.colcon_core.package_identification:Package 'src/libfreenect' with type 'cmake' and name 'libfreenect'
[1.267s] Level 1:colcon.colcon_core.package_identification:_identify(src/talker_listener) by extensions ['ignore', 'ignore_ament_install']
[1.268s] Level 1:colcon.colcon_core.package_identification:_identify(src/talker_listener) by extension 'ignore'
[1.268s] Level 1:colcon.colcon_core.package_identification:_identify(src/talker_listener) by extension 'ignore_ament_install'
[1.268s] Level 1:colcon.colcon_core.package_identification:_identify(src/talker_listener) by extensions ['colcon_pkg']
[1.268s] Level 1:colcon.colcon_core.package_identification:_identify(src/talker_listener) by extension 'colcon_pkg'
[1.268s] Level 1:colcon.colcon_core.package_identification:_identify(src/talker_listener) by extensions ['colcon_meta']
[1.268s] Level 1:colcon.colcon_core.package_identification:_identify(src/talker_listener) by extension 'colcon_meta'
[1.268s] Level 1:colcon.colcon_core.package_identification:_identify(src/talker_listener) by extensions ['ros']
[1.269s] Level 1:colcon.colcon_core.package_identification:_identify(src/talker_listener) by extension 'ros'
[1.271s] DEBUG:colcon.colcon_core.package_identification:Package 'src/talker_listener' with type 'ros.ament_python' and name 'talker_listener'
[1.271s] Level 1:colcon.colcon_core.package_discovery:discover_packages(recursive) using defaults
[1.271s] Level 1:colcon.colcon_core.package_discovery:discover_packages(ignore) discover
[1.271s] Level 1:colcon.colcon_core.package_discovery:discover_packages(ignore) using defaults
[1.271s] Level 1:colcon.colcon_core.package_discovery:discover_packages(path) discover
[1.271s] Level 1:colcon.colcon_core.package_discovery:discover_packages(path) using defaults
[1.323s] Level 1:colcon.colcon_core.package_discovery:discover_packages(prefix_path) check parameters
[1.323s] Level 1:colcon.colcon_core.package_discovery:discover_packages(prefix_path) discover
[1.330s] DEBUG:colcon.colcon_installed_package_information.package_discovery:Found 4 installed packages in /home/jetson/ros2_ws/install
[1.337s] DEBUG:colcon.colcon_installed_package_information.package_discovery:Found 328 installed packages in /opt/ros/foxy
[1.384s] Level 1:colcon.colcon_core.package_discovery:discover_packages(prefix_path) using defaults
[1.648s] Level 5:colcon.colcon_core.verb:set package 'kinect_depth' build argument 'cmake_args' from command line to 'None'
[1.648s] Level 5:colcon.colcon_core.verb:set package 'kinect_depth' build argument 'cmake_target' from command line to 'None'
[1.648s] Level 5:colcon.colcon_core.verb:set package 'kinect_depth' build argument 'cmake_target_skip_unavailable' from command line to 'False'
[1.648s] Level 5:colcon.colcon_core.verb:set package 'kinect_depth' build argument 'cmake_clean_cache' from command line to 'False'
[1.648s] Level 5:colcon.colcon_core.verb:set package 'kinect_depth' build argument 'cmake_clean_first' from command line to 'False'
[1.648s] Level 5:colcon.colcon_core.verb:set package 'kinect_depth' build argument 'cmake_force_configure' from command line to 'False'
[1.648s] Level 5:colcon.colcon_core.verb:set package 'kinect_depth' build argument 'ament_cmake_args' from command line to 'None'
[1.649s] Level 5:colcon.colcon_core.verb:set package 'kinect_depth' build argument 'catkin_cmake_args' from command line to 'None'
[1.649s] Level 5:colcon.colcon_core.verb:set package 'kinect_depth' build argument 'catkin_skip_building_tests' from command line to 'False'
[1.649s] DEBUG:colcon.colcon_core.verb:Building package 'kinect_depth' with the following arguments: {'ament_cmake_args': None, 'build_base': '/home/jetson/ros2_ws/build/kinect_depth', 'catkin_cmake_args': None, 'catkin_skip_building_tests': False, 'cmake_args': None, 'cmake_clean_cache': False, 'cmake_clean_first': False, 'cmake_force_configure': False, 'cmake_target': None, 'cmake_target_skip_unavailable': False, 'install_base': '/home/jetson/ros2_ws/install/kinect_depth', 'merge_install': False, 'path': '/home/jetson/ros2_ws/src/kinect_depth', 'symlink_install': False, 'test_result_base': None}
[1.650s] Level 5:colcon.colcon_core.verb:set package 'libfreenect' build argument 'cmake_args' from command line to 'None'
[1.650s] Level 5:colcon.colcon_core.verb:set package 'libfreenect' build argument 'cmake_target' from command line to 'None'
[1.650s] Level 5:colcon.colcon_core.verb:set package 'libfreenect' build argument 'cmake_target_skip_unavailable' from command line to 'False'
[1.651s] Level 5:colcon.colcon_core.verb:set package 'libfreenect' build argument 'cmake_clean_cache' from command line to 'False'
[1.651s] Level 5:colcon.colcon_core.verb:set package 'libfreenect' build argument 'cmake_clean_first' from command line to 'False'
[1.651s] Level 5:colcon.colcon_core.verb:set package 'libfreenect' build argument 'cmake_force_configure' from command line to 'False'
[1.651s] Level 5:colcon.colcon_core.verb:set package 'libfreenect' build argument 'ament_cmake_args' from command line to 'None'
[1.651s] Level 5:colcon.colcon_core.verb:set package 'libfreenect' build argument 'catkin_cmake_args' from command line to 'None'
[1.651s] Level 5:colcon.colcon_core.verb:set package 'libfreenect' build argument 'catkin_skip_building_tests' from command line to 'False'
[1.651s] DEBUG:colcon.colcon_core.verb:Building package 'libfreenect' with the following arguments: {'ament_cmake_args': None, 'build_base': '/home/jetson/ros2_ws/build/libfreenect', 'catkin_cmake_args': None, 'catkin_skip_building_tests': False, 'cmake_args': None, 'cmake_clean_cache': False, 'cmake_clean_first': False, 'cmake_force_configure': False, 'cmake_target': None, 'cmake_target_skip_unavailable': False, 'install_base': '/home/jetson/ros2_ws/install/libfreenect', 'merge_install': False, 'path': '/home/jetson/ros2_ws/src/libfreenect', 'symlink_install': False, 'test_result_base': None}
[1.652s] Level 5:colcon.colcon_core.verb:set package 'talker_listener' build argument 'cmake_args' from command line to 'None'
[1.652s] Level 5:colcon.colcon_core.verb:set package 'talker_listener' build argument 'cmake_target' from command line to 'None'
[1.653s] Level 5:colcon.colcon_core.verb:set package 'talker_listener' build argument 'cmake_target_skip_unavailable' from command line to 'False'
[1.653s] Level 5:colcon.colcon_core.verb:set package 'talker_listener' build argument 'cmake_clean_cache' from command line to 'False'
[1.653s] Level 5:colcon.colcon_core.verb:set package 'talker_listener' build argument 'cmake_clean_first' from command line to 'False'
[1.653s] Level 5:colcon.colcon_core.verb:set package 'talker_listener' build argument 'cmake_force_configure' from command line to 'False'
[1.653s] Level 5:colcon.colcon_core.verb:set package 'talker_listener' build argument 'ament_cmake_args' from command line to 'None'
[1.653s] Level 5:colcon.colcon_core.verb:set package 'talker_listener' build argument 'catkin_cmake_args' from command line to 'None'
[1.653s] Level 5:colcon.colcon_core.verb:set package 'talker_listener' build argument 'catkin_skip_building_tests' from command line to 'False'
[1.653s] DEBUG:colcon.colcon_core.verb:Building package 'talker_listener' with the following arguments: {'ament_cmake_args': None, 'build_base': '/home/jetson/ros2_ws/build/talker_listener', 'catkin_cmake_args': None, 'catkin_skip_building_tests': False, 'cmake_args': None, 'cmake_clean_cache': False, 'cmake_clean_first': False, 'cmake_force_configure': False, 'cmake_target': None, 'cmake_target_skip_unavailable': False, 'install_base': '/home/jetson/ros2_ws/install/talker_listener', 'merge_install': False, 'path': '/home/jetson/ros2_ws/src/talker_listener', 'symlink_install': False, 'test_result_base': None}
[1.655s] Level 5:colcon.colcon_core.verb:set package 'kinect_ros2' build argument 'cmake_args' from command line to 'None'
[1.655s] Level 5:colcon.colcon_core.verb:set package 'kinect_ros2' build argument 'cmake_target' from command line to 'None'
[1.655s] Level 5:colcon.colcon_core.verb:set package 'kinect_ros2' build argument 'cmake_target_skip_unavailable' from command line to 'False'
[1.655s] Level 5:colcon.colcon_core.verb:set package 'kinect_ros2' build argument 'cmake_clean_cache' from command line to 'False'
[1.655s] Level 5:colcon.colcon_core.verb:set package 'kinect_ros2' build argument 'cmake_clean_first' from command line to 'False'
[1.655s] Level 5:colcon.colcon_core.verb:set package 'kinect_ros2' build argument 'cmake_force_configure' from command line to 'False'
[1.655s] Level 5:colcon.colcon_core.verb:set package 'kinect_ros2' build argument 'ament_cmake_args' from command line to 'None'
[1.655s] Level 5:colcon.colcon_core.verb:set package 'kinect_ros2' build argument 'catkin_cmake_args' from command line to 'None'
[1.655s] Level 5:colcon.colcon_core.verb:set package 'kinect_ros2' build argument 'catkin_skip_building_tests' from command line to 'False'
[1.655s] DEBUG:colcon.colcon_core.verb:Building package 'kinect_ros2' with the following arguments: {'ament_cmake_args': None, 'build_base': '/home/jetson/ros2_ws/build/kinect_ros2', 'catkin_cmake_args': None, 'catkin_skip_building_tests': False, 'cmake_args': None, 'cmake_clean_cache': False, 'cmake_clean_first': False, 'cmake_force_configure': False, 'cmake_target': None, 'cmake_target_skip_unavailable': False, 'install_base': '/home/jetson/ros2_ws/install/kinect_ros2', 'merge_install': False, 'path': '/home/jetson/ros2_ws/src/kinect_ros2', 'symlink_install': False, 'test_result_base': None}
[1.656s] INFO:colcon.colcon_core.executor:Executing jobs using 'parallel' executor
[1.658s] DEBUG:colcon.colcon_parallel_executor.executor.parallel:run_until_complete
[1.659s] INFO:colcon.colcon_cmake.task.cmake.build:Building CMake package in '/home/jetson/ros2_ws/src/libfreenect'
[1.666s] INFO:colcon.colcon_core.plugin_system:Skipping extension 'colcon_core.shell.bat': Not used on non-Windows systems
[1.667s] INFO:colcon.colcon_core.shell:Skip shell extension 'powershell' for command environment: Not usable outside of PowerShell
[1.667s] DEBUG:colcon.colcon_core.shell:Skip shell extension 'dsv' for command environment
[1.684s] INFO:colcon.colcon_ros.task.ament_python.build:Building ROS package in '/home/jetson/ros2_ws/src/kinect_depth' with build type 'ament_python'
[1.685s] Level 1:colcon.colcon_core.shell:create_environment_hook('kinect_depth', 'ament_prefix_path')
[1.686s] INFO:colcon.colcon_core.shell:Creating environment hook '/home/jetson/ros2_ws/install/kinect_depth/share/kinect_depth/hook/ament_prefix_path.ps1'
[1.690s] INFO:colcon.colcon_core.shell:Creating environment descriptor '/home/jetson/ros2_ws/install/kinect_depth/share/kinect_depth/hook/ament_prefix_path.dsv'
[1.691s] INFO:colcon.colcon_core.shell:Creating environment hook '/home/jetson/ros2_ws/install/kinect_depth/share/kinect_depth/hook/ament_prefix_path.sh'
[1.694s] INFO:colcon.colcon_core.shell:Skip shell extension 'powershell' for command environment: Not usable outside of PowerShell
[1.695s] DEBUG:colcon.colcon_core.shell:Skip shell extension 'dsv' for command environment
[1.713s] INFO:colcon.colcon_ros.task.ament_python.build:Building ROS package in '/home/jetson/ros2_ws/src/talker_listener' with build type 'ament_python'
[1.714s] Level 1:colcon.colcon_core.shell:create_environment_hook('talker_listener', 'ament_prefix_path')
[1.715s] INFO:colcon.colcon_core.shell:Creating environment hook '/home/jetson/ros2_ws/install/talker_listener/share/talker_listener/hook/ament_prefix_path.ps1'
[1.717s] INFO:colcon.colcon_core.shell:Creating environment descriptor '/home/jetson/ros2_ws/install/talker_listener/share/talker_listener/hook/ament_prefix_path.dsv'
[1.719s] INFO:colcon.colcon_core.shell:Creating environment hook '/home/jetson/ros2_ws/install/talker_listener/share/talker_listener/hook/ament_prefix_path.sh'
[1.721s] INFO:colcon.colcon_core.shell:Skip shell extension 'powershell' for command environment: Not usable outside of PowerShell
[1.722s] DEBUG:colcon.colcon_core.shell:Skip shell extension 'dsv' for command environment
[1.757s] DEBUG:colcon.colcon_core.event_handler.log_command:Invoking command in '/home/jetson/ros2_ws/build/libfreenect': /usr/bin/cmake --build /home/jetson/ros2_ws/build/libfreenect -- -j4 -l4
[2.675s] INFO:colcon.colcon_core.task.python.build:Building Python package in '/home/jetson/ros2_ws/src/kinect_depth'
[2.676s] INFO:colcon.colcon_core.shell:Skip shell extension 'powershell' for command environment: Not usable outside of PowerShell
[2.676s] DEBUG:colcon.colcon_core.shell:Skip shell extension 'dsv' for command environment
[3.453s] INFO:colcon.colcon_core.task.python.build:Building Python package in '/home/jetson/ros2_ws/src/talker_listener'
[3.455s] INFO:colcon.colcon_core.shell:Skip shell extension 'powershell' for command environment: Not usable outside of PowerShell
[3.455s] DEBUG:colcon.colcon_core.shell:Skip shell extension 'dsv' for command environment
[3.475s] DEBUG:colcon.colcon_core.event_handler.log_command:Invoked command in '/home/jetson/ros2_ws/build/libfreenect' returned '0': /usr/bin/cmake --build /home/jetson/ros2_ws/build/libfreenect -- -j4 -l4
[3.513s] DEBUG:colcon.colcon_core.event_handler.log_command:Invoking command in '/home/jetson/ros2_ws/build/libfreenect': /usr/bin/cmake --install /home/jetson/ros2_ws/build/libfreenect
[3.569s] Level 1:colcon.colcon_core.environment:create_environment_scripts_only(libfreenect)
[3.571s] DEBUG:colcon.colcon_core.event_handler.log_command:Invoked command in '/home/jetson/ros2_ws/build/libfreenect' returned '0': /usr/bin/cmake --install /home/jetson/ros2_ws/build/libfreenect
[3.582s] Level 1:colcon.colcon_core.environment:checking '/home/jetson/ros2_ws/install/libfreenect' for CMake module files
[3.583s] Level 1:colcon.colcon_core.environment:checking '/home/jetson/ros2_ws/install/libfreenect' for CMake config files
[3.585s] Level 1:colcon.colcon_core.shell:create_environment_hook('libfreenect', 'cmake_prefix_path')
[3.586s] INFO:colcon.colcon_core.shell:Creating environment hook '/home/jetson/ros2_ws/install/libfreenect/share/libfreenect/hook/cmake_prefix_path.ps1'
[3.588s] INFO:colcon.colcon_core.shell:Creating environment descriptor '/home/jetson/ros2_ws/install/libfreenect/share/libfreenect/hook/cmake_prefix_path.dsv'
[3.589s] INFO:colcon.colcon_core.shell:Creating environment hook '/home/jetson/ros2_ws/install/libfreenect/share/libfreenect/hook/cmake_prefix_path.sh'
[3.592s] Level 1:colcon.colcon_core.environment:checking '/home/jetson/ros2_ws/install/libfreenect/lib'
[3.593s] Level 1:colcon.colcon_core.shell:create_environment_hook('libfreenect', 'ld_library_path_lib')
[3.594s] INFO:colcon.colcon_core.shell:Creating environment hook '/home/jetson/ros2_ws/install/libfreenect/share/libfreenect/hook/ld_library_path_lib.ps1'
[3.595s] INFO:colcon.colcon_core.shell:Creating environment descriptor '/home/jetson/ros2_ws/install/libfreenect/share/libfreenect/hook/ld_library_path_lib.dsv'
[3.597s] INFO:colcon.colcon_core.shell:Creating environment hook '/home/jetson/ros2_ws/install/libfreenect/share/libfreenect/hook/ld_library_path_lib.sh'
[3.598s] Level 1:colcon.colcon_core.environment:checking '/home/jetson/ros2_ws/install/libfreenect/bin'
[3.598s] Level 1:colcon.colcon_core.shell:create_environment_hook('libfreenect', 'path')
[3.600s] INFO:colcon.colcon_core.shell:Creating environment hook '/home/jetson/ros2_ws/install/libfreenect/share/libfreenect/hook/path.ps1'
[3.601s] INFO:colcon.colcon_core.shell:Creating environment descriptor '/home/jetson/ros2_ws/install/libfreenect/share/libfreenect/hook/path.dsv'
[3.603s] INFO:colcon.colcon_core.shell:Creating environment hook '/home/jetson/ros2_ws/install/libfreenect/share/libfreenect/hook/path.sh'
[3.604s] Level 1:colcon.colcon_core.environment:checking '/home/jetson/ros2_ws/install/libfreenect/lib/pkgconfig/libfreenect.pc'
[3.604s] Level 1:colcon.colcon_core.shell:create_environment_hook('libfreenect', 'pkg_config')
[3.605s] INFO:colcon.colcon_core.shell:Creating environment hook '/home/jetson/ros2_ws/install/libfreenect/share/libfreenect/hook/pkg_config.ps1'
[3.607s] INFO:colcon.colcon_core.shell:Creating environment descriptor '/home/jetson/ros2_ws/install/libfreenect/share/libfreenect/hook/pkg_config.dsv'
[3.609s] INFO:colcon.colcon_core.shell:Creating environment hook '/home/jetson/ros2_ws/install/libfreenect/share/libfreenect/hook/pkg_config.sh'
[3.612s] Level 1:colcon.colcon_core.environment:checking '/home/jetson/ros2_ws/install/libfreenect/lib/python3.8/site-packages'
[3.613s] Level 1:colcon.colcon_core.environment:checking '/home/jetson/ros2_ws/install/libfreenect/bin'
[3.613s] Level 1:colcon.colcon_core.shell:create_environment_hook('libfreenect', 'pythonscriptspath')
[3.614s] INFO:colcon.colcon_core.shell:Creating environment hook '/home/jetson/ros2_ws/install/libfreenect/share/libfreenect/hook/pythonscriptspath.ps1'
[3.616s] INFO:colcon.colcon_core.shell:Creating environment descriptor '/home/jetson/ros2_ws/install/libfreenect/share/libfreenect/hook/pythonscriptspath.dsv'
[3.617s] INFO:colcon.colcon_core.shell:Creating environment hook '/home/jetson/ros2_ws/install/libfreenect/share/libfreenect/hook/pythonscriptspath.sh'
[3.620s] INFO:colcon.colcon_core.shell:Creating package script '/home/jetson/ros2_ws/install/libfreenect/share/libfreenect/package.ps1'
[3.624s] INFO:colcon.colcon_core.shell:Creating package descriptor '/home/jetson/ros2_ws/install/libfreenect/share/libfreenect/package.dsv'
[3.627s] INFO:colcon.colcon_core.shell:Creating package script '/home/jetson/ros2_ws/install/libfreenect/share/libfreenect/package.sh'
[3.630s] INFO:colcon.colcon_core.shell:Creating package script '/home/jetson/ros2_ws/install/libfreenect/share/libfreenect/package.bash'
[3.634s] INFO:colcon.colcon_core.shell:Creating package script '/home/jetson/ros2_ws/install/libfreenect/share/libfreenect/package.zsh'
[3.636s] Level 1:colcon.colcon_core.environment:create_file_with_runtime_dependencies(/home/jetson/ros2_ws/install/libfreenect/share/colcon-core/packages/libfreenect)
[3.638s] INFO:colcon.colcon_ros.task.ament_cmake.build:Building ROS package in '/home/jetson/ros2_ws/src/kinect_ros2' with build type 'ament_cmake'
[3.638s] INFO:colcon.colcon_cmake.task.cmake.build:Building CMake package in '/home/jetson/ros2_ws/src/kinect_ros2'
[3.640s] INFO:colcon.colcon_core.shell:Skip shell extension 'powershell' for command environment: Not usable outside of PowerShell
[3.640s] DEBUG:colcon.colcon_core.shell:Skip shell extension 'dsv' for command environment
[3.698s] DEBUG:colcon.colcon_core.event_handler.log_command:Invoking command in '/home/jetson/ros2_ws/build/kinect_ros2': CMAKE_PREFIX_PATH=/home/jetson/ros2_ws/install/libfreenect:/home/jetson/ros2_ws/install/kinect_ros2:/home/jetson/ros2_ws/install/talker_listener:/home/jetson/ros2_ws/install/kinect_depth:/opt/ros/foxy LD_LIBRARY_PATH=/home/jetson/ros2_ws/install/libfreenect/lib:/home/jetson/ros2_ws/install/kinect_ros2/lib:/opt/ros/foxy/opt/yaml_cpp_vendor/lib:/opt/ros/foxy/opt/rviz_ogre_vendor/lib:/opt/ros/foxy/lib/aarch64-linux-gnu:/opt/ros/foxy/lib /usr/bin/cmake --build /home/jetson/ros2_ws/build/kinect_ros2 -- -j4 -l4
[4.108s] DEBUG:colcon.colcon_core.event_handler.log_command:Invoked command in '/home/jetson/ros2_ws/build/kinect_ros2' returned '0': CMAKE_PREFIX_PATH=/home/jetson/ros2_ws/install/libfreenect:/home/jetson/ros2_ws/install/kinect_ros2:/home/jetson/ros2_ws/install/talker_listener:/home/jetson/ros2_ws/install/kinect_depth:/opt/ros/foxy LD_LIBRARY_PATH=/home/jetson/ros2_ws/install/libfreenect/lib:/home/jetson/ros2_ws/install/kinect_ros2/lib:/opt/ros/foxy/opt/yaml_cpp_vendor/lib:/opt/ros/foxy/opt/rviz_ogre_vendor/lib:/opt/ros/foxy/lib/aarch64-linux-gnu:/opt/ros/foxy/lib /usr/bin/cmake --build /home/jetson/ros2_ws/build/kinect_ros2 -- -j4 -l4
[4.117s] DEBUG:colcon.colcon_core.event_handler.log_command:Invoking command in '/home/jetson/ros2_ws/build/kinect_ros2': CMAKE_PREFIX_PATH=/home/jetson/ros2_ws/install/libfreenect:/home/jetson/ros2_ws/install/kinect_ros2:/home/jetson/ros2_ws/install/talker_listener:/home/jetson/ros2_ws/install/kinect_depth:/opt/ros/foxy LD_LIBRARY_PATH=/home/jetson/ros2_ws/install/libfreenect/lib:/home/jetson/ros2_ws/install/kinect_ros2/lib:/opt/ros/foxy/opt/yaml_cpp_vendor/lib:/opt/ros/foxy/opt/rviz_ogre_vendor/lib:/opt/ros/foxy/lib/aarch64-linux-gnu:/opt/ros/foxy/lib /usr/bin/cmake --install /home/jetson/ros2_ws/build/kinect_ros2
[4.155s] Level 1:colcon.colcon_core.environment:create_environment_scripts_only(kinect_ros2)
[4.157s] Level 1:colcon.colcon_core.environment:checking '/home/jetson/ros2_ws/install/kinect_ros2' for CMake module files
[4.160s] DEBUG:colcon.colcon_core.event_handler.log_command:Invoked command in '/home/jetson/ros2_ws/build/kinect_ros2' returned '0': CMAKE_PREFIX_PATH=/home/jetson/ros2_ws/install/libfreenect:/home/jetson/ros2_ws/install/kinect_ros2:/home/jetson/ros2_ws/install/talker_listener:/home/jetson/ros2_ws/install/kinect_depth:/opt/ros/foxy LD_LIBRARY_PATH=/home/jetson/ros2_ws/install/libfreenect/lib:/home/jetson/ros2_ws/install/kinect_ros2/lib:/opt/ros/foxy/opt/yaml_cpp_vendor/lib:/opt/ros/foxy/opt/rviz_ogre_vendor/lib:/opt/ros/foxy/lib/aarch64-linux-gnu:/opt/ros/foxy/lib /usr/bin/cmake --install /home/jetson/ros2_ws/build/kinect_ros2
[4.161s] Level 1:colcon.colcon_core.environment:checking '/home/jetson/ros2_ws/install/kinect_ros2' for CMake config files
[4.163s] Level 1:colcon.colcon_core.shell:create_environment_hook('kinect_ros2', 'cmake_prefix_path')
[4.164s] INFO:colcon.colcon_core.shell:Creating environment hook '/home/jetson/ros2_ws/install/kinect_ros2/share/kinect_ros2/hook/cmake_prefix_path.ps1'
[4.166s] INFO:colcon.colcon_core.shell:Creating environment descriptor '/home/jetson/ros2_ws/install/kinect_ros2/share/kinect_ros2/hook/cmake_prefix_path.dsv'
[4.167s] INFO:colcon.colcon_core.shell:Creating environment hook '/home/jetson/ros2_ws/install/kinect_ros2/share/kinect_ros2/hook/cmake_prefix_path.sh'
[4.169s] Level 1:colcon.colcon_core.environment:checking '/home/jetson/ros2_ws/install/kinect_ros2/lib'
[4.169s] Level 1:colcon.colcon_core.shell:create_environment_hook('kinect_ros2', 'ld_library_path_lib')
[4.170s] INFO:colcon.colcon_core.shell:Creating environment hook '/home/jetson/ros2_ws/install/kinect_ros2/share/kinect_ros2/hook/ld_library_path_lib.ps1'
[4.172s] INFO:colcon.colcon_core.shell:Creating environment descriptor '/home/jetson/ros2_ws/install/kinect_ros2/share/kinect_ros2/hook/ld_library_path_lib.dsv'
[4.173s] INFO:colcon.colcon_core.shell:Creating environment hook '/home/jetson/ros2_ws/install/kinect_ros2/share/kinect_ros2/hook/ld_library_path_lib.sh'
[4.175s] Level 1:colcon.colcon_core.environment:checking '/home/jetson/ros2_ws/install/kinect_ros2/bin'
[4.175s] Level 1:colcon.colcon_core.environment:checking '/home/jetson/ros2_ws/install/kinect_ros2/lib/pkgconfig/kinect_ros2.pc'
[4.176s] Level 1:colcon.colcon_core.environment:checking '/home/jetson/ros2_ws/install/kinect_ros2/lib/python3.8/site-packages'
[4.177s] Level 1:colcon.colcon_core.environment:checking '/home/jetson/ros2_ws/install/kinect_ros2/bin'
[4.178s] INFO:colcon.colcon_core.shell:Creating package script '/home/jetson/ros2_ws/install/kinect_ros2/share/kinect_ros2/package.ps1'
[4.180s] INFO:colcon.colcon_core.shell:Creating package descriptor '/home/jetson/ros2_ws/install/kinect_ros2/share/kinect_ros2/package.dsv'
[4.182s] INFO:colcon.colcon_core.shell:Creating package script '/home/jetson/ros2_ws/install/kinect_ros2/share/kinect_ros2/package.sh'
[4.183s] INFO:colcon.colcon_core.shell:Creating package script '/home/jetson/ros2_ws/install/kinect_ros2/share/kinect_ros2/package.bash'
[4.185s] INFO:colcon.colcon_core.shell:Creating package script '/home/jetson/ros2_ws/install/kinect_ros2/share/kinect_ros2/package.zsh'
[4.186s] Level 1:colcon.colcon_core.environment:create_file_with_runtime_dependencies(/home/jetson/ros2_ws/install/kinect_ros2/share/colcon-core/packages/kinect_ros2)
[4.188s] Level 1:colcon.colcon_core.environment:create_environment_scripts_only(kinect_ros2)
[4.189s] Level 1:colcon.colcon_core.environment:checking '/home/jetson/ros2_ws/install/kinect_ros2' for CMake module files
[4.191s] Level 1:colcon.colcon_core.environment:checking '/home/jetson/ros2_ws/install/kinect_ros2' for CMake config files
[4.193s] Level 1:colcon.colcon_core.shell:create_environment_hook('kinect_ros2', 'cmake_prefix_path')
[4.194s] INFO:colcon.colcon_core.shell:Creating environment hook '/home/jetson/ros2_ws/install/kinect_ros2/share/kinect_ros2/hook/cmake_prefix_path.ps1'
[4.195s] INFO:colcon.colcon_core.shell:Creating environment descriptor '/home/jetson/ros2_ws/install/kinect_ros2/share/kinect_ros2/hook/cmake_prefix_path.dsv'
[4.196s] INFO:colcon.colcon_core.shell:Creating environment hook '/home/jetson/ros2_ws/install/kinect_ros2/share/kinect_ros2/hook/cmake_prefix_path.sh'
[4.198s] Level 1:colcon.colcon_core.environment:checking '/home/jetson/ros2_ws/install/kinect_ros2/lib'
[4.199s] Level 1:colcon.colcon_core.shell:create_environment_hook('kinect_ros2', 'ld_library_path_lib')
[4.200s] INFO:colcon.colcon_core.shell:Creating environment hook '/home/jetson/ros2_ws/install/kinect_ros2/share/kinect_ros2/hook/ld_library_path_lib.ps1'
[4.202s] INFO:colcon.colcon_core.shell:Creating environment descriptor '/home/jetson/ros2_ws/install/kinect_ros2/share/kinect_ros2/hook/ld_library_path_lib.dsv'
[4.203s] INFO:colcon.colcon_core.shell:Creating environment hook '/home/jetson/ros2_ws/install/kinect_ros2/share/kinect_ros2/hook/ld_library_path_lib.sh'
[4.205s] Level 1:colcon.colcon_core.environment:checking '/home/jetson/ros2_ws/install/kinect_ros2/bin'
[4.205s] Level 1:colcon.colcon_core.environment:checking '/home/jetson/ros2_ws/install/kinect_ros2/lib/pkgconfig/kinect_ros2.pc'
[4.206s] Level 1:colcon.colcon_core.environment:checking '/home/jetson/ros2_ws/install/kinect_ros2/lib/python3.8/site-packages'
[4.206s] Level 1:colcon.colcon_core.environment:checking '/home/jetson/ros2_ws/install/kinect_ros2/bin'
[4.208s] INFO:colcon.colcon_core.shell:Creating package script '/home/jetson/ros2_ws/install/kinect_ros2/share/kinect_ros2/package.ps1'
[4.210s] INFO:colcon.colcon_core.shell:Creating package descriptor '/home/jetson/ros2_ws/install/kinect_ros2/share/kinect_ros2/package.dsv'
[4.212s] INFO:colcon.colcon_core.shell:Creating package script '/home/jetson/ros2_ws/install/kinect_ros2/share/kinect_ros2/package.sh'
[4.214s] INFO:colcon.colcon_core.shell:Creating package script '/home/jetson/ros2_ws/install/kinect_ros2/share/kinect_ros2/package.bash'
[4.216s] INFO:colcon.colcon_core.shell:Creating package script '/home/jetson/ros2_ws/install/kinect_ros2/share/kinect_ros2/package.zsh'
[4.218s] Level 1:colcon.colcon_core.environment:create_file_with_runtime_dependencies(/home/jetson/ros2_ws/install/kinect_ros2/share/colcon-core/packages/kinect_ros2)
[4.960s] DEBUG:colcon.colcon_core.event_handler.log_command:Invoking command in '/home/jetson/ros2_ws/src/kinect_depth': PYTHONPATH=/home/jetson/ros2_ws/build/kinect_depth/prefix_override:/usr/lib/python3/dist-packages/colcon_core/task/python/colcon_distutils_commands:/home/jetson/ros2_ws/install/kinect_depth/lib/python3.8/site-packages:${PYTHONPATH} /usr/bin/python3 -W ignore:setup.py install is deprecated -W ignore:easy_install command is deprecated setup.py egg_info --egg-base ../../build/kinect_depth build --build-base /home/jetson/ros2_ws/build/kinect_depth/build install --record /home/jetson/ros2_ws/build/kinect_depth/install.log --single-version-externally-managed install_data
[4.977s] DEBUG:colcon.colcon_core.event_handler.log_command:Invoking command in '/home/jetson/ros2_ws/src/talker_listener': PYTHONPATH=/home/jetson/ros2_ws/build/talker_listener/prefix_override:/usr/lib/python3/dist-packages/colcon_core/task/python/colcon_distutils_commands:/home/jetson/ros2_ws/install/talker_listener/lib/python3.8/site-packages:${PYTHONPATH} /usr/bin/python3 -W ignore:setup.py install is deprecated -W ignore:easy_install command is deprecated setup.py egg_info --egg-base ../../build/talker_listener build --build-base /home/jetson/ros2_ws/build/talker_listener/build install --record /home/jetson/ros2_ws/build/talker_listener/install.log --single-version-externally-managed install_data
[6.018s] Level 1:colcon.colcon_core.environment:checking '/home/jetson/ros2_ws/install/kinect_depth' for CMake module files
[6.020s] DEBUG:colcon.colcon_core.event_handler.log_command:Invoked command in '/home/jetson/ros2_ws/src/kinect_depth' returned '0': PYTHONPATH=/home/jetson/ros2_ws/build/kinect_depth/prefix_override:/usr/lib/python3/dist-packages/colcon_core/task/python/colcon_distutils_commands:/home/jetson/ros2_ws/install/kinect_depth/lib/python3.8/site-packages:${PYTHONPATH} /usr/bin/python3 -W ignore:setup.py install is deprecated -W ignore:easy_install command is deprecated setup.py egg_info --egg-base ../../build/kinect_depth build --build-base /home/jetson/ros2_ws/build/kinect_depth/build install --record /home/jetson/ros2_ws/build/kinect_depth/install.log --single-version-externally-managed install_data
[6.021s] Level 1:colcon.colcon_core.environment:checking '/home/jetson/ros2_ws/install/kinect_depth' for CMake config files
[6.023s] Level 1:colcon.colcon_core.environment:checking '/home/jetson/ros2_ws/install/kinect_depth/lib'
[6.024s] Level 1:colcon.colcon_core.environment:checking '/home/jetson/ros2_ws/install/kinect_depth/bin'
[6.024s] Level 1:colcon.colcon_core.environment:checking '/home/jetson/ros2_ws/install/kinect_depth/lib/pkgconfig/kinect_depth.pc'
[6.025s] Level 1:colcon.colcon_core.environment:checking '/home/jetson/ros2_ws/install/kinect_depth/lib/python3.8/site-packages'
[6.025s] Level 1:colcon.colcon_core.shell:create_environment_hook('kinect_depth', 'pythonpath')
[6.026s] INFO:colcon.colcon_core.shell:Creating environment hook '/home/jetson/ros2_ws/install/kinect_depth/share/kinect_depth/hook/pythonpath.ps1'
[6.028s] INFO:colcon.colcon_core.shell:Creating environment descriptor '/home/jetson/ros2_ws/install/kinect_depth/share/kinect_depth/hook/pythonpath.dsv'
[6.029s] INFO:colcon.colcon_core.shell:Creating environment hook '/home/jetson/ros2_ws/install/kinect_depth/share/kinect_depth/hook/pythonpath.sh'
[6.031s] Level 1:colcon.colcon_core.environment:checking '/home/jetson/ros2_ws/install/kinect_depth/bin'
[6.031s] Level 1:colcon.colcon_core.environment:create_environment_scripts_only(kinect_depth)
[6.032s] INFO:colcon.colcon_core.shell:Creating package script '/home/jetson/ros2_ws/install/kinect_depth/share/kinect_depth/package.ps1'
[6.034s] INFO:colcon.colcon_core.shell:Creating package descriptor '/home/jetson/ros2_ws/install/kinect_depth/share/kinect_depth/package.dsv'
[6.036s] INFO:colcon.colcon_core.shell:Creating package script '/home/jetson/ros2_ws/install/kinect_depth/share/kinect_depth/package.sh'
[6.037s] INFO:colcon.colcon_core.shell:Creating package script '/home/jetson/ros2_ws/install/kinect_depth/share/kinect_depth/package.bash'
[6.038s] INFO:colcon.colcon_core.shell:Creating package script '/home/jetson/ros2_ws/install/kinect_depth/share/kinect_depth/package.zsh'
[6.039s] Level 1:colcon.colcon_core.environment:create_file_with_runtime_dependencies(/home/jetson/ros2_ws/install/kinect_depth/share/colcon-core/packages/kinect_depth)
[6.043s] Level 1:colcon.colcon_core.environment:checking '/home/jetson/ros2_ws/install/talker_listener' for CMake module files
[6.045s] DEBUG:colcon.colcon_core.event_handler.log_command:Invoked command in '/home/jetson/ros2_ws/src/talker_listener' returned '0': PYTHONPATH=/home/jetson/ros2_ws/build/talker_listener/prefix_override:/usr/lib/python3/dist-packages/colcon_core/task/python/colcon_distutils_commands:/home/jetson/ros2_ws/install/talker_listener/lib/python3.8/site-packages:${PYTHONPATH} /usr/bin/python3 -W ignore:setup.py install is deprecated -W ignore:easy_install command is deprecated setup.py egg_info --egg-base ../../build/talker_listener build --build-base /home/jetson/ros2_ws/build/talker_listener/build install --record /home/jetson/ros2_ws/build/talker_listener/install.log --single-version-externally-managed install_data
[6.046s] Level 1:colcon.colcon_core.environment:checking '/home/jetson/ros2_ws/install/talker_listener' for CMake config files
[6.049s] Level 1:colcon.colcon_core.environment:checking '/home/jetson/ros2_ws/install/talker_listener/lib'
[6.049s] Level 1:colcon.colcon_core.environment:checking '/home/jetson/ros2_ws/install/talker_listener/bin'
[6.049s] Level 1:colcon.colcon_core.environment:checking '/home/jetson/ros2_ws/install/talker_listener/lib/pkgconfig/talker_listener.pc'
[6.050s] Level 1:colcon.colcon_core.environment:checking '/home/jetson/ros2_ws/install/talker_listener/lib/python3.8/site-packages'
[6.050s] Level 1:colcon.colcon_core.shell:create_environment_hook('talker_listener', 'pythonpath')
[6.051s] INFO:colcon.colcon_core.shell:Creating environment hook '/home/jetson/ros2_ws/install/talker_listener/share/talker_listener/hook/pythonpath.ps1'
[6.052s] INFO:colcon.colcon_core.shell:Creating environment descriptor '/home/jetson/ros2_ws/install/talker_listener/share/talker_listener/hook/pythonpath.dsv'
[6.053s] INFO:colcon.colcon_core.shell:Creating environment hook '/home/jetson/ros2_ws/install/talker_listener/share/talker_listener/hook/pythonpath.sh'
[6.056s] Level 1:colcon.colcon_core.environment:checking '/home/jetson/ros2_ws/install/talker_listener/bin'
[6.056s] Level 1:colcon.colcon_core.environment:create_environment_scripts_only(talker_listener)
[6.057s] INFO:colcon.colcon_core.shell:Creating package script '/home/jetson/ros2_ws/install/talker_listener/share/talker_listener/package.ps1'
[6.059s] INFO:colcon.colcon_core.shell:Creating package descriptor '/home/jetson/ros2_ws/install/talker_listener/share/talker_listener/package.dsv'
[6.061s] INFO:colcon.colcon_core.shell:Creating package script '/home/jetson/ros2_ws/install/talker_listener/share/talker_listener/package.sh'
[6.063s] INFO:colcon.colcon_core.shell:Creating package script '/home/jetson/ros2_ws/install/talker_listener/share/talker_listener/package.bash'
[6.064s] INFO:colcon.colcon_core.shell:Creating package script '/home/jetson/ros2_ws/install/talker_listener/share/talker_listener/package.zsh'
[6.065s] Level 1:colcon.colcon_core.environment:create_file_with_runtime_dependencies(/home/jetson/ros2_ws/install/talker_listener/share/colcon-core/packages/talker_listener)
[6.066s] DEBUG:colcon.colcon_parallel_executor.executor.parallel:closing loop
[6.067s] DEBUG:colcon.colcon_parallel_executor.executor.parallel:loop closed
[6.068s] DEBUG:colcon.colcon_parallel_executor.executor.parallel:run_until_complete finished with '0'
[6.068s] DEBUG:colcon.colcon_core.event_reactor:joining thread
[6.087s] INFO:colcon.colcon_core.plugin_system:Skipping extension 'colcon_notification.desktop_notification.terminal_notifier': Not used on non-Darwin systems
[6.087s] INFO:colcon.colcon_core.plugin_system:Skipping extension 'colcon_notification.desktop_notification.win32': Not used on non-Windows systems
[6.087s] INFO:colcon.colcon_notification.desktop_notification:Sending desktop notification using 'notify2'
[6.148s] DEBUG:colcon.colcon_core.event_reactor:joined thread
[6.150s] INFO:colcon.colcon_core.shell:Creating prefix script '/home/jetson/ros2_ws/install/local_setup.ps1'
[6.153s] INFO:colcon.colcon_core.shell:Creating prefix util module '/home/jetson/ros2_ws/install/_local_setup_util_ps1.py'
[6.159s] INFO:colcon.colcon_core.shell:Creating prefix chain script '/home/jetson/ros2_ws/install/setup.ps1'
[6.163s] INFO:colcon.colcon_core.shell:Creating prefix script '/home/jetson/ros2_ws/install/local_setup.sh'
[6.165s] INFO:colcon.colcon_core.shell:Creating prefix util module '/home/jetson/ros2_ws/install/_local_setup_util_sh.py'
[6.167s] INFO:colcon.colcon_core.shell:Creating prefix chain script '/home/jetson/ros2_ws/install/setup.sh'
[6.171s] INFO:colcon.colcon_core.shell:Creating prefix script '/home/jetson/ros2_ws/install/local_setup.bash'
[6.172s] INFO:colcon.colcon_core.shell:Creating prefix chain script '/home/jetson/ros2_ws/install/setup.bash'
[6.176s] INFO:colcon.colcon_core.shell:Creating prefix script '/home/jetson/ros2_ws/install/local_setup.zsh'
[6.178s] INFO:colcon.colcon_core.shell:Creating prefix chain script '/home/jetson/ros2_ws/install/setup.zsh'
