[3.500s] Invoking command in '/home/jetson/ros2_ws/src/kinect_depth': PYTHONPATH=/home/jetson/ros2_ws/build/kinect_depth/prefix_override:/usr/lib/python3/dist-packages/colcon_core/task/python/colcon_distutils_commands:/home/jetson/ros2_ws/install/kinect_depth/lib/python3.8/site-packages:${PYTHONPATH} /usr/bin/python3 -W ignore:setup.py install is deprecated -W ignore:easy_install command is deprecated setup.py egg_info --egg-base ../../build/kinect_depth build --build-base /home/jetson/ros2_ws/build/kinect_depth/build install --record /home/jetson/ros2_ws/build/kinect_depth/install.log --single-version-externally-managed install_data
[4.249s] running egg_info
[4.251s] writing ../../build/kinect_depth/kinect_depth.egg-info/PKG-INFO
[4.253s] writing dependency_links to ../../build/kinect_depth/kinect_depth.egg-info/dependency_links.txt
[4.254s] writing entry points to ../../build/kinect_depth/kinect_depth.egg-info/entry_points.txt
[4.254s] writing requirements to ../../build/kinect_depth/kinect_depth.egg-info/requires.txt
[4.254s] writing top-level names to ../../build/kinect_depth/kinect_depth.egg-info/top_level.txt
[4.388s] reading manifest file '../../build/kinect_depth/kinect_depth.egg-info/SOURCES.txt'
[4.394s] writing manifest file '../../build/kinect_depth/kinect_depth.egg-info/SOURCES.txt'
[4.394s] running build
[4.395s] running build_py
[4.395s] running install
[4.399s] running install_lib
[4.403s] running install_data
[4.404s] running install_egg_info
[4.411s] removing '/home/jetson/ros2_ws/install/kinect_depth/lib/python3.8/site-packages/kinect_depth-0.0.0-py3.8.egg-info' (and everything under it)
[4.412s] Copying ../../build/kinect_depth/kinect_depth.egg-info to /home/jetson/ros2_ws/install/kinect_depth/lib/python3.8/site-packages/kinect_depth-0.0.0-py3.8.egg-info
[4.416s] running install_scripts
[4.480s] Installing depth_publisher script to /home/jetson/ros2_ws/install/kinect_depth/lib/kinect_depth
[4.482s] writing list of installed files to '/home/jetson/ros2_ws/build/kinect_depth/install.log'
[4.607s] Invoked command in '/home/jetson/ros2_ws/src/kinect_depth' returned '0': PYTHONPATH=/home/jetson/ros2_ws/build/kinect_depth/prefix_override:/usr/lib/python3/dist-packages/colcon_core/task/python/colcon_distutils_commands:/home/jetson/ros2_ws/install/kinect_depth/lib/python3.8/site-packages:${PYTHONPATH} /usr/bin/python3 -W ignore:setup.py install is deprecated -W ignore:easy_install command is deprecated setup.py egg_info --egg-base ../../build/kinect_depth build --build-base /home/jetson/ros2_ws/build/kinect_depth/build install --record /home/jetson/ros2_ws/build/kinect_depth/install.log --single-version-externally-managed install_data
