[0.783s] Invoking command in '/home/pericao/ros2_ws/src/my_robot': PYTHONPATH=/home/pericao/ros2_ws/build/my_robot/prefix_override:/usr/lib/python3/dist-packages/colcon_core/task/python/colcon_distutils_commands:/home/pericao/ros2_ws/install/my_robot/lib/python3.8/site-packages:${PYTHONPATH} /usr/bin/python3 -W ignore:setup.py install is deprecated setup.py egg_info --egg-base ../../build/my_robot build --build-base /home/pericao/ros2_ws/build/my_robot/build install --record /home/pericao/ros2_ws/build/my_robot/install.log --install-scripts $base/lib/my_robot --single-version-externally-managed install_data
[0.962s] running egg_info
[0.962s] creating ../../build/my_robot/my_robot.egg-info
[0.962s] writing ../../build/my_robot/my_robot.egg-info/PKG-INFO
[0.963s] writing dependency_links to ../../build/my_robot/my_robot.egg-info/dependency_links.txt
[0.963s] writing entry points to ../../build/my_robot/my_robot.egg-info/entry_points.txt
[0.963s] writing requirements to ../../build/my_robot/my_robot.egg-info/requires.txt
[0.963s] writing top-level names to ../../build/my_robot/my_robot.egg-info/top_level.txt
[0.970s] writing manifest file '../../build/my_robot/my_robot.egg-info/SOURCES.txt'
[0.992s] reading manifest file '../../build/my_robot/my_robot.egg-info/SOURCES.txt'
[0.993s] writing manifest file '../../build/my_robot/my_robot.egg-info/SOURCES.txt'
[0.993s] running build
[0.993s] running build_py
[0.993s] creating /home/pericao/ros2_ws/build/my_robot/build
[0.993s] creating /home/pericao/ros2_ws/build/my_robot/build/lib
[0.993s] creating /home/pericao/ros2_ws/build/my_robot/build/lib/my_robot
[0.993s] copying my_robot/__init__.py -> /home/pericao/ros2_ws/build/my_robot/build/lib/my_robot
[0.993s] running install
[0.994s] running install_lib
[0.994s] creating /home/pericao/ros2_ws/install/my_robot/lib/python3.8/site-packages/my_robot
[0.995s] copying /home/pericao/ros2_ws/build/my_robot/build/lib/my_robot/__init__.py -> /home/pericao/ros2_ws/install/my_robot/lib/python3.8/site-packages/my_robot
[0.995s] byte-compiling /home/pericao/ros2_ws/install/my_robot/lib/python3.8/site-packages/my_robot/__init__.py to __init__.cpython-38.pyc
[0.996s] running install_data
[0.996s] creating /home/pericao/ros2_ws/install/my_robot/share/ament_index
[0.996s] creating /home/pericao/ros2_ws/install/my_robot/share/ament_index/resource_index
[0.996s] creating /home/pericao/ros2_ws/install/my_robot/share/ament_index/resource_index/packages
[0.996s] copying resource/my_robot -> /home/pericao/ros2_ws/install/my_robot/share/ament_index/resource_index/packages
[0.996s] copying package.xml -> /home/pericao/ros2_ws/install/my_robot/share/my_robot
[0.996s] running install_egg_info
[0.997s] Copying ../../build/my_robot/my_robot.egg-info to /home/pericao/ros2_ws/install/my_robot/lib/python3.8/site-packages/my_robot-0.0.0-py3.8.egg-info
[0.998s] running install_scripts
[1.009s] writing list of installed files to '/home/pericao/ros2_ws/build/my_robot/install.log'
[1.029s] Invoked command in '/home/pericao/ros2_ws/src/my_robot' returned '0': PYTHONPATH=/home/pericao/ros2_ws/build/my_robot/prefix_override:/usr/lib/python3/dist-packages/colcon_core/task/python/colcon_distutils_commands:/home/pericao/ros2_ws/install/my_robot/lib/python3.8/site-packages:${PYTHONPATH} /usr/bin/python3 -W ignore:setup.py install is deprecated setup.py egg_info --egg-base ../../build/my_robot build --build-base /home/pericao/ros2_ws/build/my_robot/build install --record /home/pericao/ros2_ws/build/my_robot/install.log --install-scripts $base/lib/my_robot --single-version-externally-managed install_data
