[3.472s] Invoking command in '/home/jetson/ros2_ws/src/talker_listener': PYTHONPATH=/home/jetson/ros2_ws/build/talker_listener/prefix_override:/usr/lib/python3/dist-packages/colcon_core/task/python/colcon_distutils_commands:/home/jetson/ros2_ws/install/talker_listener/lib/python3.8/site-packages:${PYTHONPATH} /usr/bin/python3 -W ignore:setup.py install is deprecated -W ignore:easy_install command is deprecated setup.py egg_info --egg-base ../../build/talker_listener build --build-base /home/jetson/ros2_ws/build/talker_listener/build install --record /home/jetson/ros2_ws/build/talker_listener/install.log --single-version-externally-managed install_data
[4.223s] running egg_info
[4.225s] writing ../../build/talker_listener/talker_listener.egg-info/PKG-INFO
[4.226s] writing dependency_links to ../../build/talker_listener/talker_listener.egg-info/dependency_links.txt
[4.227s] writing entry points to ../../build/talker_listener/talker_listener.egg-info/entry_points.txt
[4.227s] writing requirements to ../../build/talker_listener/talker_listener.egg-info/requires.txt
[4.228s] writing top-level names to ../../build/talker_listener/talker_listener.egg-info/top_level.txt
[4.357s] reading manifest file '../../build/talker_listener/talker_listener.egg-info/SOURCES.txt'
[4.362s] writing manifest file '../../build/talker_listener/talker_listener.egg-info/SOURCES.txt'
[4.362s] running build
[4.363s] running build_py
[4.364s] running install
[4.366s] running install_lib
[4.372s] running install_data
[4.372s] running install_egg_info
[4.378s] removing '/home/jetson/ros2_ws/install/talker_listener/lib/python3.8/site-packages/talker_listener-0.0.0-py3.8.egg-info' (and everything under it)
[4.379s] Copying ../../build/talker_listener/talker_listener.egg-info to /home/jetson/ros2_ws/install/talker_listener/lib/python3.8/site-packages/talker_listener-0.0.0-py3.8.egg-info
[4.383s] running install_scripts
[4.443s] Installing listener script to /home/jetson/ros2_ws/install/talker_listener/lib/talker_listener
[4.443s] Installing talker script to /home/jetson/ros2_ws/install/talker_listener/lib/talker_listener
[4.444s] writing list of installed files to '/home/jetson/ros2_ws/build/talker_listener/install.log'
[4.558s] Invoked command in '/home/jetson/ros2_ws/src/talker_listener' returned '0': PYTHONPATH=/home/jetson/ros2_ws/build/talker_listener/prefix_override:/usr/lib/python3/dist-packages/colcon_core/task/python/colcon_distutils_commands:/home/jetson/ros2_ws/install/talker_listener/lib/python3.8/site-packages:${PYTHONPATH} /usr/bin/python3 -W ignore:setup.py install is deprecated -W ignore:easy_install command is deprecated setup.py egg_info --egg-base ../../build/talker_listener build --build-base /home/jetson/ros2_ws/build/talker_listener/build install --record /home/jetson/ros2_ws/build/talker_listener/install.log --single-version-externally-managed install_data
