[0.163s] DEBUG:colcon:Command line arguments: ['/usr/bin/colcon', 'build', '--packages-select', 'mi_paquete']
[0.163s] DEBUG:colcon:Parsed command line arguments: Namespace(allow_overriding=[], ament_cmake_args=None, base_paths=['.'], build_base='build', catkin_cmake_args=None, catkin_skip_building_tests=False, cmake_args=None, cmake_clean_cache=False, cmake_clean_first=False, cmake_force_configure=False, cmake_target=None, cmake_target_skip_unavailable=False, continue_on_error=False, event_handlers=None, executor='parallel', ignore_user_meta=False, install_base='install', log_base=None, log_level=None, main=<bound method BuildVerb.main of <colcon_core.verb.build.BuildVerb object at 0x7f46b1f47fa0>>, merge_install=False, metas=['./colcon.meta'], packages_above=None, packages_above_and_dependencies=None, packages_above_depth=None, packages_end=None, packages_ignore=None, packages_ignore_regex=None, packages_select=['mi_paquete'], packages_select_build_failed=False, packages_select_by_dep=None, packages_select_regex=None, packages_select_test_failures=False, packages_skip=None, packages_skip_build_finished=False, packages_skip_by_dep=None, packages_skip_regex=None, packages_skip_test_passed=False, packages_skip_up_to=None, packages_start=None, packages_up_to=None, packages_up_to_regex=None, parallel_workers=2, paths=None, symlink_install=False, test_result_base=None, verb_extension=<colcon_core.verb.build.BuildVerb object at 0x7f46b1f47fa0>, verb_name='build', verb_parser=<colcon_defaults.argument_parser.defaults.DefaultArgumentsDecorator object at 0x7f46b1f4d400>)
[0.258s] Level 1:colcon.colcon_core.package_discovery:discover_packages(colcon_meta) check parameters
[0.258s] Level 1:colcon.colcon_core.package_discovery:discover_packages(recursive) check parameters
[0.258s] Level 1:colcon.colcon_core.package_discovery:discover_packages(ignore) check parameters
[0.258s] Level 1:colcon.colcon_core.package_discovery:discover_packages(path) check parameters
[0.258s] Level 1:colcon.colcon_core.package_discovery:discover_packages(colcon_meta) discover
[0.258s] Level 1:colcon.colcon_core.package_discovery:discover_packages(recursive) discover
[0.258s] INFO:colcon.colcon_core.package_discovery:Crawling recursively for packages in '/home/pericao/ros2_ws'
[0.258s] Level 1:colcon.colcon_core.package_identification:_identify(.) by extensions ['ignore', 'ignore_ament_install']
[0.258s] Level 1:colcon.colcon_core.package_identification:_identify(.) by extension 'ignore'
[0.258s] Level 1:colcon.colcon_core.package_identification:_identify(.) by extension 'ignore_ament_install'
[0.258s] Level 1:colcon.colcon_core.package_identification:_identify(.) by extensions ['colcon_pkg']
[0.258s] Level 1:colcon.colcon_core.package_identification:_identify(.) by extension 'colcon_pkg'
[0.258s] Level 1:colcon.colcon_core.package_identification:_identify(.) by extensions ['colcon_meta']
[0.258s] Level 1:colcon.colcon_core.package_identification:_identify(.) by extension 'colcon_meta'
[0.258s] Level 1:colcon.colcon_core.package_identification:_identify(.) by extensions ['ros']
[0.258s] Level 1:colcon.colcon_core.package_identification:_identify(.) by extension 'ros'
[0.266s] Level 1:colcon.colcon_core.package_identification:_identify(.) by extensions ['cmake', 'python']
[0.266s] Level 1:colcon.colcon_core.package_identification:_identify(.) by extension 'cmake'
[0.266s] Level 1:colcon.colcon_core.package_identification:_identify(.) by extension 'python'
[0.266s] Level 1:colcon.colcon_core.package_identification:_identify(.) by extensions ['python_setup_py']
[0.266s] Level 1:colcon.colcon_core.package_identification:_identify(.) by extension 'python_setup_py'
[0.266s] Level 1:colcon.colcon_core.package_identification:_identify(build) by extensions ['ignore', 'ignore_ament_install']
[0.266s] Level 1:colcon.colcon_core.package_identification:_identify(build) by extension 'ignore'
[0.266s] Level 1:colcon.colcon_core.package_identification:_identify(build) ignored
[0.266s] Level 1:colcon.colcon_core.package_identification:_identify(install) by extensions ['ignore', 'ignore_ament_install']
[0.266s] Level 1:colcon.colcon_core.package_identification:_identify(install) by extension 'ignore'
[0.266s] Level 1:colcon.colcon_core.package_identification:_identify(install) ignored
[0.266s] Level 1:colcon.colcon_core.package_identification:_identify(log) by extensions ['ignore', 'ignore_ament_install']
[0.266s] Level 1:colcon.colcon_core.package_identification:_identify(log) by extension 'ignore'
[0.266s] Level 1:colcon.colcon_core.package_identification:_identify(log) ignored
[0.267s] Level 1:colcon.colcon_core.package_identification:_identify(src) by extensions ['ignore', 'ignore_ament_install']
[0.267s] Level 1:colcon.colcon_core.package_identification:_identify(src) by extension 'ignore'
[0.267s] Level 1:colcon.colcon_core.package_identification:_identify(src) by extension 'ignore_ament_install'
[0.267s] Level 1:colcon.colcon_core.package_identification:_identify(src) by extensions ['colcon_pkg']
[0.267s] Level 1:colcon.colcon_core.package_identification:_identify(src) by extension 'colcon_pkg'
[0.267s] Level 1:colcon.colcon_core.package_identification:_identify(src) by extensions ['colcon_meta']
[0.267s] Level 1:colcon.colcon_core.package_identification:_identify(src) by extension 'colcon_meta'
[0.267s] Level 1:colcon.colcon_core.package_identification:_identify(src) by extensions ['ros']
[0.267s] Level 1:colcon.colcon_core.package_identification:_identify(src) by extension 'ros'
[0.267s] Level 1:colcon.colcon_core.package_identification:_identify(src) by extensions ['cmake', 'python']
[0.267s] Level 1:colcon.colcon_core.package_identification:_identify(src) by extension 'cmake'
[0.267s] Level 1:colcon.colcon_core.package_identification:_identify(src) by extension 'python'
[0.267s] Level 1:colcon.colcon_core.package_identification:_identify(src) by extensions ['python_setup_py']
[0.267s] Level 1:colcon.colcon_core.package_identification:_identify(src) by extension 'python_setup_py'
[0.267s] Level 1:colcon.colcon_core.package_identification:_identify(src/mi_paquete) by extensions ['ignore', 'ignore_ament_install']
[0.267s] Level 1:colcon.colcon_core.package_identification:_identify(src/mi_paquete) by extension 'ignore'
[0.267s] Level 1:colcon.colcon_core.package_identification:_identify(src/mi_paquete) by extension 'ignore_ament_install'
[0.267s] Level 1:colcon.colcon_core.package_identification:_identify(src/mi_paquete) by extensions ['colcon_pkg']
[0.267s] Level 1:colcon.colcon_core.package_identification:_identify(src/mi_paquete) by extension 'colcon_pkg'
[0.267s] Level 1:colcon.colcon_core.package_identification:_identify(src/mi_paquete) by extensions ['colcon_meta']
[0.267s] Level 1:colcon.colcon_core.package_identification:_identify(src/mi_paquete) by extension 'colcon_meta'
[0.267s] Level 1:colcon.colcon_core.package_identification:_identify(src/mi_paquete) by extensions ['ros']
[0.267s] Level 1:colcon.colcon_core.package_identification:_identify(src/mi_paquete) by extension 'ros'
[0.269s] DEBUG:colcon.colcon_core.package_identification:Package 'src/mi_paquete' with type 'ros.ament_cmake' and name 'mi_paquete'
[0.269s] Level 1:colcon.colcon_core.package_identification:_identify(src/my_robot) by extensions ['ignore', 'ignore_ament_install']
[0.269s] Level 1:colcon.colcon_core.package_identification:_identify(src/my_robot) by extension 'ignore'
[0.269s] Level 1:colcon.colcon_core.package_identification:_identify(src/my_robot) by extension 'ignore_ament_install'
[0.269s] Level 1:colcon.colcon_core.package_identification:_identify(src/my_robot) by extensions ['colcon_pkg']
[0.269s] Level 1:colcon.colcon_core.package_identification:_identify(src/my_robot) by extension 'colcon_pkg'
[0.269s] Level 1:colcon.colcon_core.package_identification:_identify(src/my_robot) by extensions ['colcon_meta']
[0.269s] Level 1:colcon.colcon_core.package_identification:_identify(src/my_robot) by extension 'colcon_meta'
[0.269s] Level 1:colcon.colcon_core.package_identification:_identify(src/my_robot) by extensions ['ros']
[0.269s] Level 1:colcon.colcon_core.package_identification:_identify(src/my_robot) by extension 'ros'
[0.270s] DEBUG:colcon.colcon_core.package_identification:Package 'src/my_robot' with type 'ros.ament_python' and name 'my_robot'
[0.270s] Level 1:colcon.colcon_core.package_discovery:discover_packages(recursive) using defaults
[0.270s] Level 1:colcon.colcon_core.package_discovery:discover_packages(ignore) discover
[0.270s] Level 1:colcon.colcon_core.package_discovery:discover_packages(ignore) using defaults
[0.270s] Level 1:colcon.colcon_core.package_discovery:discover_packages(path) discover
[0.270s] Level 1:colcon.colcon_core.package_discovery:discover_packages(path) using defaults
[0.294s] INFO:colcon.colcon_core.package_selection:Skipping not selected package 'my_robot' in 'src/my_robot'
[0.295s] Level 1:colcon.colcon_core.package_discovery:discover_packages(prefix_path) check parameters
[0.295s] Level 1:colcon.colcon_core.package_discovery:discover_packages(prefix_path) discover
[0.297s] DEBUG:colcon.colcon_installed_package_information.package_discovery:Found 1 installed packages in /home/pericao/ros2_ws/install
[0.298s] DEBUG:colcon.colcon_installed_package_information.package_discovery:Found 260 installed packages in /opt/ros/foxy
[0.299s] Level 1:colcon.colcon_core.package_discovery:discover_packages(prefix_path) using defaults
[0.346s] Level 5:colcon.colcon_core.verb:set package 'mi_paquete' build argument 'cmake_args' from command line to 'None'
[0.346s] Level 5:colcon.colcon_core.verb:set package 'mi_paquete' build argument 'cmake_target' from command line to 'None'
[0.346s] Level 5:colcon.colcon_core.verb:set package 'mi_paquete' build argument 'cmake_target_skip_unavailable' from command line to 'False'
[0.346s] Level 5:colcon.colcon_core.verb:set package 'mi_paquete' build argument 'cmake_clean_cache' from command line to 'False'
[0.346s] Level 5:colcon.colcon_core.verb:set package 'mi_paquete' build argument 'cmake_clean_first' from command line to 'False'
[0.346s] Level 5:colcon.colcon_core.verb:set package 'mi_paquete' build argument 'cmake_force_configure' from command line to 'False'
[0.346s] Level 5:colcon.colcon_core.verb:set package 'mi_paquete' build argument 'ament_cmake_args' from command line to 'None'
[0.346s] Level 5:colcon.colcon_core.verb:set package 'mi_paquete' build argument 'catkin_cmake_args' from command line to 'None'
[0.346s] Level 5:colcon.colcon_core.verb:set package 'mi_paquete' build argument 'catkin_skip_building_tests' from command line to 'False'
[0.346s] DEBUG:colcon.colcon_core.verb:Building package 'mi_paquete' with the following arguments: {'ament_cmake_args': None, 'build_base': '/home/pericao/ros2_ws/build/mi_paquete', 'catkin_cmake_args': None, 'catkin_skip_building_tests': False, 'cmake_args': None, 'cmake_clean_cache': False, 'cmake_clean_first': False, 'cmake_force_configure': False, 'cmake_target': None, 'cmake_target_skip_unavailable': False, 'install_base': '/home/pericao/ros2_ws/install/mi_paquete', 'merge_install': False, 'path': '/home/pericao/ros2_ws/src/mi_paquete', 'symlink_install': False, 'test_result_base': None}
[0.346s] INFO:colcon.colcon_core.executor:Executing jobs using 'parallel' executor
[0.347s] DEBUG:colcon.colcon_parallel_executor.executor.parallel:run_until_complete
[0.347s] INFO:colcon.colcon_ros.task.ament_cmake.build:Building ROS package in '/home/pericao/ros2_ws/src/mi_paquete' with build type 'ament_cmake'
[0.347s] INFO:colcon.colcon_cmake.task.cmake.build:Building CMake package in '/home/pericao/ros2_ws/src/mi_paquete'
[0.350s] INFO:colcon.colcon_core.plugin_system:Skipping extension 'colcon_core.shell.bat': Not used on non-Windows systems
[0.350s] INFO:colcon.colcon_core.shell:Skip shell extension 'powershell' for command environment: Not usable outside of PowerShell
[0.350s] DEBUG:colcon.colcon_core.shell:Skip shell extension 'dsv' for command environment
[0.359s] DEBUG:colcon.colcon_core.event_handler.log_command:Invoking command in '/home/pericao/ros2_ws/build/mi_paquete': CMAKE_PREFIX_PATH=/home/pericao/ros2_ws/install/my_robot:/opt/ros/foxy /usr/bin/cmake /home/pericao/ros2_ws/src/mi_paquete -DCMAKE_INSTALL_PREFIX=/home/pericao/ros2_ws/install/mi_paquete
[1.370s] DEBUG:colcon.colcon_core.event_handler.log_command:Invoked command in '/home/pericao/ros2_ws/build/mi_paquete' returned '0': CMAKE_PREFIX_PATH=/home/pericao/ros2_ws/install/my_robot:/opt/ros/foxy /usr/bin/cmake /home/pericao/ros2_ws/src/mi_paquete -DCMAKE_INSTALL_PREFIX=/home/pericao/ros2_ws/install/mi_paquete
[1.371s] DEBUG:colcon.colcon_core.event_handler.log_command:Invoking command in '/home/pericao/ros2_ws/build/mi_paquete': CMAKE_PREFIX_PATH=/home/pericao/ros2_ws/install/my_robot:/opt/ros/foxy /usr/bin/cmake --build /home/pericao/ros2_ws/build/mi_paquete -- -j2 -l2
[1.403s] DEBUG:colcon.colcon_core.event_handler.log_command:Invoked command in '/home/pericao/ros2_ws/build/mi_paquete' returned '0': CMAKE_PREFIX_PATH=/home/pericao/ros2_ws/install/my_robot:/opt/ros/foxy /usr/bin/cmake --build /home/pericao/ros2_ws/build/mi_paquete -- -j2 -l2
[1.425s] DEBUG:colcon.colcon_core.event_handler.log_command:Invoking command in '/home/pericao/ros2_ws/build/mi_paquete': CMAKE_PREFIX_PATH=/home/pericao/ros2_ws/install/my_robot:/opt/ros/foxy /usr/bin/cmake --install /home/pericao/ros2_ws/build/mi_paquete
[1.432s] Level 1:colcon.colcon_core.environment:create_environment_scripts_only(mi_paquete)
[1.436s] Level 1:colcon.colcon_core.environment:checking '/home/pericao/ros2_ws/install/mi_paquete' for CMake module files
[1.436s] Level 1:colcon.colcon_core.environment:checking '/home/pericao/ros2_ws/install/mi_paquete' for CMake config files
[1.436s] Level 1:colcon.colcon_core.shell:create_environment_hook('mi_paquete', 'cmake_prefix_path')
[1.436s] INFO:colcon.colcon_core.shell:Creating environment hook '/home/pericao/ros2_ws/install/mi_paquete/share/mi_paquete/hook/cmake_prefix_path.ps1'
[1.437s] INFO:colcon.colcon_core.shell:Creating environment descriptor '/home/pericao/ros2_ws/install/mi_paquete/share/mi_paquete/hook/cmake_prefix_path.dsv'
[1.437s] INFO:colcon.colcon_core.shell:Creating environment hook '/home/pericao/ros2_ws/install/mi_paquete/share/mi_paquete/hook/cmake_prefix_path.sh'
[1.437s] Level 1:colcon.colcon_core.environment:checking '/home/pericao/ros2_ws/install/mi_paquete/bin'
[1.437s] Level 1:colcon.colcon_core.environment:checking '/home/pericao/ros2_ws/install/mi_paquete/lib/pkgconfig/mi_paquete.pc'
[1.438s] Level 1:colcon.colcon_core.environment:checking '/home/pericao/ros2_ws/install/mi_paquete/lib/python3.8/site-packages'
[1.438s] Level 1:colcon.colcon_core.environment:checking '/home/pericao/ros2_ws/install/mi_paquete/bin'
[1.438s] INFO:colcon.colcon_core.shell:Creating package script '/home/pericao/ros2_ws/install/mi_paquete/share/mi_paquete/package.ps1'
[1.439s] DEBUG:colcon.colcon_core.event_handler.log_command:Invoked command in '/home/pericao/ros2_ws/build/mi_paquete' returned '0': CMAKE_PREFIX_PATH=/home/pericao/ros2_ws/install/my_robot:/opt/ros/foxy /usr/bin/cmake --install /home/pericao/ros2_ws/build/mi_paquete
[1.439s] INFO:colcon.colcon_core.shell:Creating package descriptor '/home/pericao/ros2_ws/install/mi_paquete/share/mi_paquete/package.dsv'
[1.439s] INFO:colcon.colcon_core.shell:Creating package script '/home/pericao/ros2_ws/install/mi_paquete/share/mi_paquete/package.sh'
[1.440s] INFO:colcon.colcon_core.shell:Creating package script '/home/pericao/ros2_ws/install/mi_paquete/share/mi_paquete/package.bash'
[1.440s] INFO:colcon.colcon_core.shell:Creating package script '/home/pericao/ros2_ws/install/mi_paquete/share/mi_paquete/package.zsh'
[1.441s] Level 1:colcon.colcon_core.environment:create_file_with_runtime_dependencies(/home/pericao/ros2_ws/install/mi_paquete/share/colcon-core/packages/mi_paquete)
[1.455s] Level 1:colcon.colcon_core.environment:create_environment_scripts_only(mi_paquete)
[1.455s] Level 1:colcon.colcon_core.environment:checking '/home/pericao/ros2_ws/install/mi_paquete' for CMake module files
[1.455s] Level 1:colcon.colcon_core.environment:checking '/home/pericao/ros2_ws/install/mi_paquete' for CMake config files
[1.455s] Level 1:colcon.colcon_core.shell:create_environment_hook('mi_paquete', 'cmake_prefix_path')
[1.455s] INFO:colcon.colcon_core.shell:Creating environment hook '/home/pericao/ros2_ws/install/mi_paquete/share/mi_paquete/hook/cmake_prefix_path.ps1'
[1.456s] INFO:colcon.colcon_core.shell:Creating environment descriptor '/home/pericao/ros2_ws/install/mi_paquete/share/mi_paquete/hook/cmake_prefix_path.dsv'
[1.456s] INFO:colcon.colcon_core.shell:Creating environment hook '/home/pericao/ros2_ws/install/mi_paquete/share/mi_paquete/hook/cmake_prefix_path.sh'
[1.457s] Level 1:colcon.colcon_core.environment:checking '/home/pericao/ros2_ws/install/mi_paquete/bin'
[1.457s] Level 1:colcon.colcon_core.environment:checking '/home/pericao/ros2_ws/install/mi_paquete/lib/pkgconfig/mi_paquete.pc'
[1.457s] Level 1:colcon.colcon_core.environment:checking '/home/pericao/ros2_ws/install/mi_paquete/lib/python3.8/site-packages'
[1.457s] Level 1:colcon.colcon_core.environment:checking '/home/pericao/ros2_ws/install/mi_paquete/bin'
[1.457s] INFO:colcon.colcon_core.shell:Creating package script '/home/pericao/ros2_ws/install/mi_paquete/share/mi_paquete/package.ps1'
[1.458s] INFO:colcon.colcon_core.shell:Creating package descriptor '/home/pericao/ros2_ws/install/mi_paquete/share/mi_paquete/package.dsv'
[1.458s] INFO:colcon.colcon_core.shell:Creating package script '/home/pericao/ros2_ws/install/mi_paquete/share/mi_paquete/package.sh'
[1.458s] INFO:colcon.colcon_core.shell:Creating package script '/home/pericao/ros2_ws/install/mi_paquete/share/mi_paquete/package.bash'
[1.459s] INFO:colcon.colcon_core.shell:Creating package script '/home/pericao/ros2_ws/install/mi_paquete/share/mi_paquete/package.zsh'
[1.459s] Level 1:colcon.colcon_core.environment:create_file_with_runtime_dependencies(/home/pericao/ros2_ws/install/mi_paquete/share/colcon-core/packages/mi_paquete)
[1.459s] DEBUG:colcon.colcon_parallel_executor.executor.parallel:closing loop
[1.460s] DEBUG:colcon.colcon_parallel_executor.executor.parallel:loop closed
[1.460s] DEBUG:colcon.colcon_parallel_executor.executor.parallel:run_until_complete finished with '0'
[1.460s] DEBUG:colcon.colcon_core.event_reactor:joining thread
[1.468s] INFO:colcon.colcon_core.plugin_system:Skipping extension 'colcon_notification.desktop_notification.terminal_notifier': Not used on non-Darwin systems
[1.468s] INFO:colcon.colcon_core.plugin_system:Skipping extension 'colcon_notification.desktop_notification.win32': Not used on non-Windows systems
[1.468s] INFO:colcon.colcon_notification.desktop_notification:Sending desktop notification using 'notify2'
[1.481s] DEBUG:colcon.colcon_core.event_reactor:joined thread
[1.481s] INFO:colcon.colcon_core.shell:Creating prefix script '/home/pericao/ros2_ws/install/local_setup.ps1'
[1.482s] INFO:colcon.colcon_core.shell:Creating prefix util module '/home/pericao/ros2_ws/install/_local_setup_util_ps1.py'
[1.484s] INFO:colcon.colcon_core.shell:Creating prefix chain script '/home/pericao/ros2_ws/install/setup.ps1'
[1.494s] INFO:colcon.colcon_core.shell:Creating prefix script '/home/pericao/ros2_ws/install/local_setup.sh'
[1.495s] INFO:colcon.colcon_core.shell:Creating prefix util module '/home/pericao/ros2_ws/install/_local_setup_util_sh.py'
[1.495s] INFO:colcon.colcon_core.shell:Creating prefix chain script '/home/pericao/ros2_ws/install/setup.sh'
[1.496s] INFO:colcon.colcon_core.shell:Creating prefix script '/home/pericao/ros2_ws/install/local_setup.bash'
[1.496s] INFO:colcon.colcon_core.shell:Creating prefix chain script '/home/pericao/ros2_ws/install/setup.bash'
[1.497s] INFO:colcon.colcon_core.shell:Creating prefix script '/home/pericao/ros2_ws/install/local_setup.zsh'
[1.497s] INFO:colcon.colcon_core.shell:Creating prefix chain script '/home/pericao/ros2_ws/install/setup.zsh'
