[0.101s] Invoking command in '/home/jetson/ros2_ws/build/libfreenect': /usr/bin/cmake --build /home/jetson/ros2_ws/build/libfreenect -- -j4 -l4
[1.044s] [ 16%] Built target freenectstatic
[1.045s] [ 24%] Built target fakenect
[1.049s] [ 41%] Built target freenect
[1.050s] [ 45%] Built target freenect-wavrecord
[1.050s] [ 49%] Built target freenect-camtest
[1.050s] [ 52%] Built target freenect_sync
[1.051s] [ 56%] Built target freenect-glview
[1.051s] [ 60%] Built target freenect-regview
[1.052s] [ 64%] Built target freenect-chunkview
[1.052s] [ 67%] Built target freenect-micview
[1.052s] [ 71%] Built target freenect-hiview
[1.052s] [ 75%] Built target freenect_sync_static
[1.053s] [ 81%] Built target fakenect-record
[1.053s] [ 84%] Built target freenect-cppview
[1.053s] [ 88%] Built target freenect-cpp_pcview
[1.054s] [ 92%] Built target freenect-glpclview
[1.054s] [ 96%] Built target freenect-regtest
[1.054s] [100%] Built target freenect-tiltdemo
[1.824s] Invoked command in '/home/jetson/ros2_ws/build/libfreenect' returned '0': /usr/bin/cmake --build /home/jetson/ros2_ws/build/libfreenect -- -j4 -l4
[1.862s] Invoking command in '/home/jetson/ros2_ws/build/libfreenect': /usr/bin/cmake --install /home/jetson/ros2_ws/build/libfreenect
[1.891s] -- Install configuration: ""
[1.892s] -- Up-to-date: /home/jetson/ros2_ws/install/libfreenect/share/libfreenect/libfreenectConfig.cmake
[1.893s] -- Up-to-date: /home/jetson/ros2_ws/install/libfreenect/share/fwfetcher.py
[1.893s] -- Up-to-date: /home/jetson/ros2_ws/install/libfreenect/lib/libfreenect.so.0.7.5
[1.893s] -- Up-to-date: /home/jetson/ros2_ws/install/libfreenect/lib/libfreenect.so.0
[1.894s] -- Up-to-date: /home/jetson/ros2_ws/install/libfreenect/lib/libfreenect.so
[1.894s] -- Up-to-date: /home/jetson/ros2_ws/install/libfreenect/lib/libfreenect.a
[1.895s] -- Up-to-date: /home/jetson/ros2_ws/install/libfreenect/include/libfreenect/libfreenect.h
[1.895s] -- Up-to-date: /home/jetson/ros2_ws/install/libfreenect/include/libfreenect/libfreenect_registration.h
[1.896s] -- Up-to-date: /home/jetson/ros2_ws/install/libfreenect/include/libfreenect/libfreenect_audio.h
[1.896s] -- Up-to-date: /home/jetson/ros2_ws/install/libfreenect/lib/pkgconfig/libfreenect.pc
[1.897s] -- Up-to-date: /home/jetson/ros2_ws/install/libfreenect/bin/freenect-camtest
[1.897s] -- Up-to-date: /home/jetson/ros2_ws/install/libfreenect/bin/freenect-wavrecord
[1.897s] -- Up-to-date: /home/jetson/ros2_ws/install/libfreenect/bin/freenect-glview
[1.898s] -- Up-to-date: /home/jetson/ros2_ws/install/libfreenect/bin/freenect-regview
[1.902s] -- Up-to-date: /home/jetson/ros2_ws/install/libfreenect/bin/freenect-hiview
[1.903s] -- Up-to-date: /home/jetson/ros2_ws/install/libfreenect/bin/freenect-chunkview
[1.903s] -- Up-to-date: /home/jetson/ros2_ws/install/libfreenect/bin/freenect-micview
[1.904s] -- Up-to-date: /home/jetson/ros2_ws/install/libfreenect/bin/freenect-regtest
[1.904s] -- Up-to-date: /home/jetson/ros2_ws/install/libfreenect/bin/freenect-tiltdemo
[1.905s] -- Up-to-date: /home/jetson/ros2_ws/install/libfreenect/bin/freenect-glpclview
[1.906s] -- Up-to-date: /home/jetson/ros2_ws/install/libfreenect/lib/fakenect/libfakenect.so.0.7.5
[1.907s] -- Up-to-date: /home/jetson/ros2_ws/install/libfreenect/lib/fakenect/libfakenect.so.0
[1.908s] -- Up-to-date: /home/jetson/ros2_ws/install/libfreenect/lib/fakenect/libfakenect.so
[1.908s] -- Up-to-date: /home/jetson/ros2_ws/install/libfreenect/bin/fakenect-record
[1.908s] -- Up-to-date: /home/jetson/ros2_ws/install/libfreenect/bin/fakenect
[1.909s] -- Up-to-date: /home/jetson/ros2_ws/install/libfreenect/share/man/man1/fakenect.1
[1.909s] -- Up-to-date: /home/jetson/ros2_ws/install/libfreenect/share/man/man1/fakenect-record.1
[1.910s] -- Up-to-date: /home/jetson/ros2_ws/install/libfreenect/lib/libfreenect_sync.so.0.7.5
[1.910s] -- Up-to-date: /home/jetson/ros2_ws/install/libfreenect/lib/libfreenect_sync.so.0
[1.911s] -- Up-to-date: /home/jetson/ros2_ws/install/libfreenect/lib/libfreenect_sync.so
[1.911s] -- Up-to-date: /home/jetson/ros2_ws/install/libfreenect/lib/libfreenect_sync.a
[1.912s] -- Up-to-date: /home/jetson/ros2_ws/install/libfreenect/include/libfreenect/libfreenect_sync.h
[1.912s] -- Up-to-date: /home/jetson/ros2_ws/install/libfreenect/include/libfreenect/libfreenect.hpp
[1.913s] -- Up-to-date: /home/jetson/ros2_ws/install/libfreenect/bin/freenect-cppview
[1.914s] -- Up-to-date: /home/jetson/ros2_ws/install/libfreenect/bin/freenect-cpp_pcview
[1.921s] Invoked command in '/home/jetson/ros2_ws/build/libfreenect' returned '0': /usr/bin/cmake --install /home/jetson/ros2_ws/build/libfreenect
