[0.058s] Invoking command in '/home/jetson/ros2_ws/build/kinect_ros2': CMAKE_PREFIX_PATH=/home/jetson/ros2_ws/install/libfreenect:/home/jetson/ros2_ws/install/kinect_ros2:/home/jetson/ros2_ws/install/talker_listener:/home/jetson/ros2_ws/install/kinect_depth:/opt/ros/foxy LD_LIBRARY_PATH=/home/jetson/ros2_ws/install/libfreenect/lib:/home/jetson/ros2_ws/install/kinect_ros2/lib:/opt/ros/foxy/opt/yaml_cpp_vendor/lib:/opt/ros/foxy/opt/rviz_ogre_vendor/lib:/opt/ros/foxy/lib/aarch64-linux-gnu:/opt/ros/foxy/lib /usr/bin/cmake --build /home/jetson/ros2_ws/build/kinect_ros2 -- -j4 -l4
[0.290s] [ 50%] Built target kinect_ros2_component
[0.416s] [100%] Built target kinect_ros2_node
[0.448s] Invoked command in '/home/jetson/ros2_ws/build/kinect_ros2' returned '0': CMAKE_PREFIX_PATH=/home/jetson/ros2_ws/install/libfreenect:/home/jetson/ros2_ws/install/kinect_ros2:/home/jetson/ros2_ws/install/talker_listener:/home/jetson/ros2_ws/install/kinect_depth:/opt/ros/foxy LD_LIBRARY_PATH=/home/jetson/ros2_ws/install/libfreenect/lib:/home/jetson/ros2_ws/install/kinect_ros2/lib:/opt/ros/foxy/opt/yaml_cpp_vendor/lib:/opt/ros/foxy/opt/rviz_ogre_vendor/lib:/opt/ros/foxy/lib/aarch64-linux-gnu:/opt/ros/foxy/lib /usr/bin/cmake --build /home/jetson/ros2_ws/build/kinect_ros2 -- -j4 -l4
[0.455s] Invoking command in '/home/jetson/ros2_ws/build/kinect_ros2': CMAKE_PREFIX_PATH=/home/jetson/ros2_ws/install/libfreenect:/home/jetson/ros2_ws/install/kinect_ros2:/home/jetson/ros2_ws/install/talker_listener:/home/jetson/ros2_ws/install/kinect_depth:/opt/ros/foxy LD_LIBRARY_PATH=/home/jetson/ros2_ws/install/libfreenect/lib:/home/jetson/ros2_ws/install/kinect_ros2/lib:/opt/ros/foxy/opt/yaml_cpp_vendor/lib:/opt/ros/foxy/opt/rviz_ogre_vendor/lib:/opt/ros/foxy/lib/aarch64-linux-gnu:/opt/ros/foxy/lib /usr/bin/cmake --install /home/jetson/ros2_ws/build/kinect_ros2
[0.485s] -- Install configuration: ""
[0.485s] -- Up-to-date: /home/jetson/ros2_ws/install/kinect_ros2/lib/libkinect_ros2_component.so
[0.486s] -- Up-to-date: /home/jetson/ros2_ws/install/kinect_ros2/lib/kinect_ros2/kinect_ros2_node
[0.487s] -- Up-to-date: /home/jetson/ros2_ws/install/kinect_ros2/share/kinect_ros2/cfg
[0.488s] -- Up-to-date: /home/jetson/ros2_ws/install/kinect_ros2/share/kinect_ros2/cfg/calibration_depth.yaml
[0.488s] -- Up-to-date: /home/jetson/ros2_ws/install/kinect_ros2/share/kinect_ros2/cfg/calibration_rgb.yaml
[0.490s] -- Up-to-date: /home/jetson/ros2_ws/install/kinect_ros2/share/kinect_ros2/launch
[0.491s] -- Up-to-date: /home/jetson/ros2_ws/install/kinect_ros2/share/kinect_ros2/launch/slamv3.launch.py
[0.491s] -- Up-to-date: /home/jetson/ros2_ws/install/kinect_ros2/share/kinect_ros2/launch/slam.launch.py
[0.491s] -- Up-to-date: /home/jetson/ros2_ws/install/kinect_ros2/share/kinect_ros2/launch/pointcloud.launch.py
[0.492s] -- Up-to-date: /home/jetson/ros2_ws/install/kinect_ros2/share/kinect_ros2/launch/showimage.launch.py
[0.492s] -- Installing: /home/jetson/ros2_ws/install/kinect_ros2/share/kinect_ros2/launch/slamv2.launch.py
[0.494s] -- Up-to-date: /home/jetson/ros2_ws/install/kinect_ros2/share/kinect_ros2/launch/kinect_slam.launch.py
[0.495s] -- Up-to-date: /home/jetson/ros2_ws/install/kinect_ros2/share/kinect_ros2/rviz
[0.495s] -- Up-to-date: /home/jetson/ros2_ws/install/kinect_ros2/share/kinect_ros2/rviz/pointcloud.rviz
[0.496s] -- Up-to-date: /home/jetson/ros2_ws/install/kinect_ros2/share/ament_index/resource_index/package_run_dependencies/kinect_ros2
[0.496s] -- Up-to-date: /home/jetson/ros2_ws/install/kinect_ros2/share/ament_index/resource_index/parent_prefix_path/kinect_ros2
[0.497s] -- Up-to-date: /home/jetson/ros2_ws/install/kinect_ros2/share/kinect_ros2/environment/ament_prefix_path.sh
[0.497s] -- Up-to-date: /home/jetson/ros2_ws/install/kinect_ros2/share/kinect_ros2/environment/ament_prefix_path.dsv
[0.497s] -- Up-to-date: /home/jetson/ros2_ws/install/kinect_ros2/share/kinect_ros2/environment/path.sh
[0.498s] -- Up-to-date: /home/jetson/ros2_ws/install/kinect_ros2/share/kinect_ros2/environment/path.dsv
[0.498s] -- Up-to-date: /home/jetson/ros2_ws/install/kinect_ros2/share/kinect_ros2/local_setup.bash
[0.499s] -- Up-to-date: /home/jetson/ros2_ws/install/kinect_ros2/share/kinect_ros2/local_setup.sh
[0.500s] -- Up-to-date: /home/jetson/ros2_ws/install/kinect_ros2/share/kinect_ros2/local_setup.zsh
[0.501s] -- Up-to-date: /home/jetson/ros2_ws/install/kinect_ros2/share/kinect_ros2/local_setup.dsv
[0.503s] -- Installing: /home/jetson/ros2_ws/install/kinect_ros2/share/kinect_ros2/package.dsv
[0.504s] -- Up-to-date: /home/jetson/ros2_ws/install/kinect_ros2/share/ament_index/resource_index/packages/kinect_ros2
[0.504s] -- Up-to-date: /home/jetson/ros2_ws/install/kinect_ros2/share/ament_index/resource_index/rclcpp_components/kinect_ros2
[0.504s] -- Up-to-date: /home/jetson/ros2_ws/install/kinect_ros2/share/kinect_ros2/cmake/kinect_ros2Config.cmake
[0.505s] -- Up-to-date: /home/jetson/ros2_ws/install/kinect_ros2/share/kinect_ros2/cmake/kinect_ros2Config-version.cmake
[0.505s] -- Up-to-date: /home/jetson/ros2_ws/install/kinect_ros2/share/kinect_ros2/package.xml
[0.506s] Invoked command in '/home/jetson/ros2_ws/build/kinect_ros2' returned '0': CMAKE_PREFIX_PATH=/home/jetson/ros2_ws/install/libfreenect:/home/jetson/ros2_ws/install/kinect_ros2:/home/jetson/ros2_ws/install/talker_listener:/home/jetson/ros2_ws/install/kinect_depth:/opt/ros/foxy LD_LIBRARY_PATH=/home/jetson/ros2_ws/install/libfreenect/lib:/home/jetson/ros2_ws/install/kinect_ros2/lib:/opt/ros/foxy/opt/yaml_cpp_vendor/lib:/opt/ros/foxy/opt/rviz_ogre_vendor/lib:/opt/ros/foxy/lib/aarch64-linux-gnu:/opt/ros/foxy/lib /usr/bin/cmake --install /home/jetson/ros2_ws/build/kinect_ros2
