[0.008s] Invoking command in '/home/pericao/ros2_ws/src/kinect_ros2/build/kinect_ros2': CMAKE_PREFIX_PATH=${CMAKE_PREFIX_PATH}:/home/pericao/ros2_ws/install/my_robot:/opt/ros/foxy /usr/bin/cmake /home/pericao/ros2_ws/src/kinect_ros2 -DCMAKE_INSTALL_PREFIX=/home/pericao/ros2_ws/src/kinect_ros2/install/kinect_ros2
[0.056s] -- The C compiler identification is GNU 9.4.0
[0.092s] -- The CXX compiler identification is GNU 9.4.0
[0.095s] -- Check for working C compiler: /usr/bin/cc
[0.151s] -- Check for working C compiler: /usr/bin/cc -- works
[0.152s] -- Detecting C compiler ABI info
[0.202s] -- Detecting C compiler ABI info - done
[0.208s] -- Detecting C compile features
[0.208s] -- Detecting C compile features - done
[0.210s] -- Check for working CXX compiler: /usr/bin/c++
[0.269s] -- Check for working CXX compiler: /usr/bin/c++ -- works
[0.270s] -- Detecting CXX compiler ABI info
[0.327s] -- Detecting CXX compiler ABI info - done
[0.336s] -- Detecting CXX compile features
[0.336s] -- Detecting CXX compile features - done
[0.338s] -- Found ament_cmake: 0.9.12 (/opt/ros/foxy/share/ament_cmake/cmake)
[0.355s] -- Found PythonInterp: /usr/bin/python3 (found suitable version "3.8.10", minimum required is "3") 
[0.355s] -- Using PYTHON_EXECUTABLE: /usr/bin/python3
[0.484s] -- Found rclcpp_components: 2.4.3 (/opt/ros/foxy/share/rclcpp_components/cmake)
[0.518s] -- Using all available rosidl_typesupport_c: rosidl_typesupport_fastrtps_c;rosidl_typesupport_introspection_c
[0.522s] -- Found rosidl_adapter: 1.3.1 (/opt/ros/foxy/share/rosidl_adapter/cmake)
[0.576s] -- Found OpenSSL: /usr/lib/x86_64-linux-gnu/libcrypto.so (found version "1.1.1f")  
[0.597s] -- Found FastRTPS: /opt/ros/foxy/include  
[0.649s] -- Using all available rosidl_typesupport_cpp: rosidl_typesupport_fastrtps_cpp;rosidl_typesupport_introspection_cpp
[0.727s] -- Found rmw_implementation_cmake: 1.0.4 (/opt/ros/foxy/share/rmw_implementation_cmake/cmake)
[0.728s] -- Using RMW implementation 'rmw_fastrtps_cpp' as default
[0.729s] -- Looking for pthread.h
[0.783s] -- Looking for pthread.h - found
[0.783s] -- Performing Test CMAKE_HAVE_LIBC_PTHREAD
[0.841s] -- Performing Test CMAKE_HAVE_LIBC_PTHREAD - Failed
[0.841s] -- Looking for pthread_create in pthreads
[0.891s] -- Looking for pthread_create in pthreads - not found
[0.891s] -- Looking for pthread_create in pthread
[0.943s] -- Looking for pthread_create in pthread - found
[0.944s] -- Found Threads: TRUE  
[1.058s] CMake Error at CMakeLists.txt:17 (find_package):
[1.058s]   By not providing "Findlibfreenect.cmake" in CMAKE_MODULE_PATH this project
[1.058s]   has asked CMake to find a package configuration file provided by
[1.058s]   "libfreenect", but CMake did not find one.
[1.058s] 
[1.058s]   Could not find a package configuration file provided by "libfreenect" with
[1.058s]   any of the following names:
[1.058s] 
[1.058s]     libfreenectConfig.cmake
[1.058s]     libfreenect-config.cmake
[1.058s] 
[1.059s]   Add the installation prefix of "libfreenect" to CMAKE_PREFIX_PATH or set
[1.059s]   "libfreenect_DIR" to a directory containing one of the above files.  If
[1.059s]   "libfreenect" provides a separate development package or SDK, be sure it
[1.059s]   has been installed.
[1.059s] 
[1.059s] 
[1.059s] -- Configuring incomplete, errors occurred!
[1.059s] See also "/home/pericao/ros2_ws/src/kinect_ros2/build/kinect_ros2/CMakeFiles/CMakeOutput.log".
[1.059s] See also "/home/pericao/ros2_ws/src/kinect_ros2/build/kinect_ros2/CMakeFiles/CMakeError.log".
[1.066s] Invoked command in '/home/pericao/ros2_ws/src/kinect_ros2/build/kinect_ros2' returned '1': CMAKE_PREFIX_PATH=${CMAKE_PREFIX_PATH}:/home/pericao/ros2_ws/install/my_robot:/opt/ros/foxy /usr/bin/cmake /home/pericao/ros2_ws/src/kinect_ros2 -DCMAKE_INSTALL_PREFIX=/home/pericao/ros2_ws/src/kinect_ros2/install/kinect_ros2
