[3.634s] Invoking command in '/home/jetson/ros2_ws/src/talker_listener': PYTHONPATH=/home/jetson/ros2_ws/build/talker_listener/prefix_override:/usr/lib/python3/dist-packages/colcon_core/task/python/colcon_distutils_commands:/home/jetson/ros2_ws/install/talker_listener/lib/python3.8/site-packages:${PYTHONPATH} /usr/bin/python3 -W ignore:setup.py install is deprecated -W ignore:easy_install command is deprecated setup.py egg_info --egg-base ../../build/talker_listener build --build-base /home/jetson/ros2_ws/build/talker_listener/build install --record /home/jetson/ros2_ws/build/talker_listener/install.log --single-version-externally-managed install_data
[4.495s] running egg_info
[4.497s] creating ../../build/talker_listener/talker_listener.egg-info
[4.498s] writing ../../build/talker_listener/talker_listener.egg-info/PKG-INFO
[4.499s] writing dependency_links to ../../build/talker_listener/talker_listener.egg-info/dependency_links.txt
[4.499s] writing entry points to ../../build/talker_listener/talker_listener.egg-info/entry_points.txt
[4.501s] writing requirements to ../../build/talker_listener/talker_listener.egg-info/requires.txt
[4.501s] writing top-level names to ../../build/talker_listener/talker_listener.egg-info/top_level.txt
[4.515s] writing manifest file '../../build/talker_listener/talker_listener.egg-info/SOURCES.txt'
[4.658s] reading manifest file '../../build/talker_listener/talker_listener.egg-info/SOURCES.txt'
[4.662s] writing manifest file '../../build/talker_listener/talker_listener.egg-info/SOURCES.txt'
[4.670s] running build
[4.671s] running build_py
[4.671s] creating /home/jetson/ros2_ws/build/talker_listener/build
[4.671s] creating /home/jetson/ros2_ws/build/talker_listener/build/lib
[4.672s] creating /home/jetson/ros2_ws/build/talker_listener/build/lib/talker_listener
[4.672s] copying talker_listener/__init__.py -> /home/jetson/ros2_ws/build/talker_listener/build/lib/talker_listener
[4.673s] copying talker_listener/listener.py -> /home/jetson/ros2_ws/build/talker_listener/build/lib/talker_listener
[4.673s] copying talker_listener/talker.py -> /home/jetson/ros2_ws/build/talker_listener/build/lib/talker_listener
[4.674s] running install
[4.677s] running install_lib
[4.680s] creating /home/jetson/ros2_ws/install/talker_listener/lib/python3.8/site-packages/talker_listener
[4.681s] copying /home/jetson/ros2_ws/build/talker_listener/build/lib/talker_listener/__init__.py -> /home/jetson/ros2_ws/install/talker_listener/lib/python3.8/site-packages/talker_listener
[4.681s] copying /home/jetson/ros2_ws/build/talker_listener/build/lib/talker_listener/listener.py -> /home/jetson/ros2_ws/install/talker_listener/lib/python3.8/site-packages/talker_listener
[4.682s] copying /home/jetson/ros2_ws/build/talker_listener/build/lib/talker_listener/talker.py -> /home/jetson/ros2_ws/install/talker_listener/lib/python3.8/site-packages/talker_listener
[4.694s] byte-compiling /home/jetson/ros2_ws/install/talker_listener/lib/python3.8/site-packages/talker_listener/__init__.py to __init__.cpython-38.pyc
[4.701s] byte-compiling /home/jetson/ros2_ws/install/talker_listener/lib/python3.8/site-packages/talker_listener/listener.py to listener.cpython-38.pyc
[4.703s] byte-compiling /home/jetson/ros2_ws/install/talker_listener/lib/python3.8/site-packages/talker_listener/talker.py to talker.cpython-38.pyc
[4.704s] running install_data
[4.705s] creating /home/jetson/ros2_ws/install/talker_listener/share/ament_index
[4.705s] creating /home/jetson/ros2_ws/install/talker_listener/share/ament_index/resource_index
[4.706s] creating /home/jetson/ros2_ws/install/talker_listener/share/ament_index/resource_index/packages
[4.706s] copying resource/talker_listener -> /home/jetson/ros2_ws/install/talker_listener/share/ament_index/resource_index/packages
[4.707s] copying package.xml -> /home/jetson/ros2_ws/install/talker_listener/share/talker_listener
[4.707s] running install_egg_info
[4.712s] Copying ../../build/talker_listener/talker_listener.egg-info to /home/jetson/ros2_ws/install/talker_listener/lib/python3.8/site-packages/talker_listener-0.0.0-py3.8.egg-info
[4.717s] running install_scripts
[4.801s] Installing listener script to /home/jetson/ros2_ws/install/talker_listener/lib/talker_listener
[4.802s] Installing talker script to /home/jetson/ros2_ws/install/talker_listener/lib/talker_listener
[4.803s] writing list of installed files to '/home/jetson/ros2_ws/build/talker_listener/install.log'
[4.911s] Invoked command in '/home/jetson/ros2_ws/src/talker_listener' returned '0': PYTHONPATH=/home/jetson/ros2_ws/build/talker_listener/prefix_override:/usr/lib/python3/dist-packages/colcon_core/task/python/colcon_distutils_commands:/home/jetson/ros2_ws/install/talker_listener/lib/python3.8/site-packages:${PYTHONPATH} /usr/bin/python3 -W ignore:setup.py install is deprecated -W ignore:easy_install command is deprecated setup.py egg_info --egg-base ../../build/talker_listener build --build-base /home/jetson/ros2_ws/build/talker_listener/build install --record /home/jetson/ros2_ws/build/talker_listener/install.log --single-version-externally-managed install_data
