[0.095s] Invoking command in '/home/jetson/ros2_ws/build/libfreenect': /usr/bin/cmake --build /home/jetson/ros2_ws/build/libfreenect -- -j4 -l4
[1.107s] [ 16%] Built target fakenect
[1.107s] [ 24%] Built target freenectstatic
[1.108s] [ 41%] Built target freenect
[1.108s] [ 45%] Built target freenect-wavrecord
[1.108s] [ 49%] Built target freenect-camtest
[1.108s] [ 52%] Built target freenect_sync
[1.109s] [ 56%] Built target freenect-glview
[1.109s] [ 60%] Built target freenect-regview
[1.109s] [ 64%] Built target freenect-chunkview
[1.109s] [ 67%] Built target freenect-micview
[1.110s] [ 71%] Built target freenect-hiview
[1.110s] [ 75%] Built target freenect_sync_static
[1.110s] [ 81%] Built target fakenect-record
[1.110s] [ 84%] Built target freenect-cpp_pcview
[1.111s] [ 88%] Built target freenect-cppview
[1.111s] [ 92%] Built target freenect-glpclview
[1.111s] [100%] Built target freenect-tiltdemo
[1.112s] [100%] Built target freenect-regtest
[1.938s] Invoked command in '/home/jetson/ros2_ws/build/libfreenect' returned '0': /usr/bin/cmake --build /home/jetson/ros2_ws/build/libfreenect -- -j4 -l4
[1.975s] Invoking command in '/home/jetson/ros2_ws/build/libfreenect': /usr/bin/cmake --install /home/jetson/ros2_ws/build/libfreenect
[2.004s] -- Install configuration: ""
[2.004s] -- Up-to-date: /home/jetson/ros2_ws/install/libfreenect/share/libfreenect/libfreenectConfig.cmake
[2.005s] -- Up-to-date: /home/jetson/ros2_ws/install/libfreenect/share/fwfetcher.py
[2.008s] -- Up-to-date: /home/jetson/ros2_ws/install/libfreenect/lib/libfreenect.so.0.7.5
[2.009s] -- Up-to-date: /home/jetson/ros2_ws/install/libfreenect/lib/libfreenect.so.0
[2.009s] -- Up-to-date: /home/jetson/ros2_ws/install/libfreenect/lib/libfreenect.so
[2.010s] -- Up-to-date: /home/jetson/ros2_ws/install/libfreenect/lib/libfreenect.a
[2.010s] -- Up-to-date: /home/jetson/ros2_ws/install/libfreenect/include/libfreenect/libfreenect.h
[2.010s] -- Up-to-date: /home/jetson/ros2_ws/install/libfreenect/include/libfreenect/libfreenect_registration.h
[2.011s] -- Up-to-date: /home/jetson/ros2_ws/install/libfreenect/include/libfreenect/libfreenect_audio.h
[2.011s] -- Up-to-date: /home/jetson/ros2_ws/install/libfreenect/lib/pkgconfig/libfreenect.pc
[2.011s] -- Up-to-date: /home/jetson/ros2_ws/install/libfreenect/bin/freenect-camtest
[2.012s] -- Up-to-date: /home/jetson/ros2_ws/install/libfreenect/bin/freenect-wavrecord
[2.012s] -- Up-to-date: /home/jetson/ros2_ws/install/libfreenect/bin/freenect-glview
[2.012s] -- Up-to-date: /home/jetson/ros2_ws/install/libfreenect/bin/freenect-regview
[2.013s] -- Up-to-date: /home/jetson/ros2_ws/install/libfreenect/bin/freenect-hiview
[2.014s] -- Up-to-date: /home/jetson/ros2_ws/install/libfreenect/bin/freenect-chunkview
[2.015s] -- Up-to-date: /home/jetson/ros2_ws/install/libfreenect/bin/freenect-micview
[2.016s] -- Up-to-date: /home/jetson/ros2_ws/install/libfreenect/bin/freenect-regtest
[2.017s] -- Up-to-date: /home/jetson/ros2_ws/install/libfreenect/bin/freenect-tiltdemo
[2.018s] -- Up-to-date: /home/jetson/ros2_ws/install/libfreenect/bin/freenect-glpclview
[2.020s] -- Up-to-date: /home/jetson/ros2_ws/install/libfreenect/lib/fakenect/libfakenect.so.0.7.5
[2.020s] -- Up-to-date: /home/jetson/ros2_ws/install/libfreenect/lib/fakenect/libfakenect.so.0
[2.021s] -- Up-to-date: /home/jetson/ros2_ws/install/libfreenect/lib/fakenect/libfakenect.so
[2.021s] -- Up-to-date: /home/jetson/ros2_ws/install/libfreenect/bin/fakenect-record
[2.022s] -- Up-to-date: /home/jetson/ros2_ws/install/libfreenect/bin/fakenect
[2.022s] -- Up-to-date: /home/jetson/ros2_ws/install/libfreenect/share/man/man1/fakenect.1
[2.022s] -- Up-to-date: /home/jetson/ros2_ws/install/libfreenect/share/man/man1/fakenect-record.1
[2.023s] -- Up-to-date: /home/jetson/ros2_ws/install/libfreenect/lib/libfreenect_sync.so.0.7.5
[2.023s] -- Up-to-date: /home/jetson/ros2_ws/install/libfreenect/lib/libfreenect_sync.so.0
[2.024s] -- Up-to-date: /home/jetson/ros2_ws/install/libfreenect/lib/libfreenect_sync.so
[2.024s] -- Up-to-date: /home/jetson/ros2_ws/install/libfreenect/lib/libfreenect_sync.a
[2.025s] -- Up-to-date: /home/jetson/ros2_ws/install/libfreenect/include/libfreenect/libfreenect_sync.h
[2.025s] -- Up-to-date: /home/jetson/ros2_ws/install/libfreenect/include/libfreenect/libfreenect.hpp
[2.026s] -- Up-to-date: /home/jetson/ros2_ws/install/libfreenect/bin/freenect-cppview
[2.027s] -- Up-to-date: /home/jetson/ros2_ws/install/libfreenect/bin/freenect-cpp_pcview
[2.034s] Invoked command in '/home/jetson/ros2_ws/build/libfreenect' returned '0': /usr/bin/cmake --install /home/jetson/ros2_ws/build/libfreenect
