[0.012s] Invoking command in '/home/pericao/ros2_ws/build/articubot_one': CMAKE_PREFIX_PATH=${CMAKE_PREFIX_PATH}:/home/pericao/ros2_ws/install/my_robot:/opt/ros/foxy /usr/bin/cmake /home/pericao/ros2_ws/src/articubot_one -DCMAKE_INSTALL_PREFIX=/home/pericao/ros2_ws/install/articubot_one
[0.061s] -- The C compiler identification is GNU 9.4.0
[0.094s] -- The CXX compiler identification is GNU 9.4.0
[0.096s] -- Check for working C compiler: /usr/bin/cc
[0.155s] -- Check for working C compiler: /usr/bin/cc -- works
[0.156s] -- Detecting C compiler ABI info
[0.200s] -- Detecting C compiler ABI info - done
[0.207s] -- Detecting C compile features
[0.207s] -- Detecting C compile features - done
[0.209s] -- Check for working CXX compiler: /usr/bin/c++
[0.263s] -- Check for working CXX compiler: /usr/bin/c++ -- works
[0.264s] -- Detecting CXX compiler ABI info
[0.319s] -- Detecting CXX compiler ABI info - done
[0.326s] -- Detecting CXX compile features
[0.327s] -- Detecting CXX compile features - done
[0.328s] -- Found ament_cmake: 0.9.12 (/opt/ros/foxy/share/ament_cmake/cmake)
[0.351s] -- Found PythonInterp: /usr/bin/python3 (found suitable version "3.8.10", minimum required is "3") 
[0.351s] -- Using PYTHON_EXECUTABLE: /usr/bin/python3
[0.473s] -- Found rclcpp: 2.4.3 (/opt/ros/foxy/share/rclcpp/cmake)
[0.502s] -- Using all available rosidl_typesupport_c: rosidl_typesupport_fastrtps_c;rosidl_typesupport_introspection_c
[0.506s] -- Found rosidl_adapter: 1.3.1 (/opt/ros/foxy/share/rosidl_adapter/cmake)
[0.556s] -- Found OpenSSL: /usr/lib/x86_64-linux-gnu/libcrypto.so (found version "1.1.1f")  
[0.575s] -- Found FastRTPS: /opt/ros/foxy/include  
[0.624s] -- Using all available rosidl_typesupport_cpp: rosidl_typesupport_fastrtps_cpp;rosidl_typesupport_introspection_cpp
[0.662s] -- Found rmw_implementation_cmake: 1.0.4 (/opt/ros/foxy/share/rmw_implementation_cmake/cmake)
[0.663s] -- Using RMW implementation 'rmw_fastrtps_cpp' as default
[0.663s] -- Looking for pthread.h
[0.710s] -- Looking for pthread.h - found
[0.710s] -- Performing Test CMAKE_HAVE_LIBC_PTHREAD
[0.761s] -- Performing Test CMAKE_HAVE_LIBC_PTHREAD - Failed
[0.761s] -- Looking for pthread_create in pthreads
[0.798s] -- Looking for pthread_create in pthreads - not found
[0.798s] -- Looking for pthread_create in pthread
[0.846s] -- Looking for pthread_create in pthread - found
[0.847s] -- Found Threads: TRUE  
[0.956s] -- Found ament_lint_auto: 0.9.8 (/opt/ros/foxy/share/ament_lint_auto/cmake)
[1.003s] -- Added test 'copyright' to check source files copyright and LICENSE
[1.004s] -- Added test 'lint_cmake' to check CMake code style
[1.005s] -- Added test 'xmllint' to check XML markup files
[1.011s] -- Configuring done
[1.012s] -- Generating done
[1.013s] -- Build files have been written to: /home/pericao/ros2_ws/build/articubot_one
[1.019s] Invoked command in '/home/pericao/ros2_ws/build/articubot_one' returned '0': CMAKE_PREFIX_PATH=${CMAKE_PREFIX_PATH}:/home/pericao/ros2_ws/install/my_robot:/opt/ros/foxy /usr/bin/cmake /home/pericao/ros2_ws/src/articubot_one -DCMAKE_INSTALL_PREFIX=/home/pericao/ros2_ws/install/articubot_one
[1.020s] Invoking command in '/home/pericao/ros2_ws/build/articubot_one': CMAKE_PREFIX_PATH=${CMAKE_PREFIX_PATH}:/home/pericao/ros2_ws/install/my_robot:/opt/ros/foxy /usr/bin/cmake --build /home/pericao/ros2_ws/build/articubot_one -- -j2 -l2
[1.050s] Invoked command in '/home/pericao/ros2_ws/build/articubot_one' returned '0': CMAKE_PREFIX_PATH=${CMAKE_PREFIX_PATH}:/home/pericao/ros2_ws/install/my_robot:/opt/ros/foxy /usr/bin/cmake --build /home/pericao/ros2_ws/build/articubot_one -- -j2 -l2
[1.072s] Invoking command in '/home/pericao/ros2_ws/build/articubot_one': CMAKE_PREFIX_PATH=${CMAKE_PREFIX_PATH}:/home/pericao/ros2_ws/install/my_robot:/opt/ros/foxy /usr/bin/cmake --install /home/pericao/ros2_ws/build/articubot_one
[1.077s] -- Install configuration: ""
[1.077s] -- Installing: /home/pericao/ros2_ws/install/articubot_one/share/ament_index/resource_index/package_run_dependencies/articubot_one
[1.077s] -- Installing: /home/pericao/ros2_ws/install/articubot_one/share/ament_index/resource_index/parent_prefix_path/articubot_one
[1.077s] -- Installing: /home/pericao/ros2_ws/install/articubot_one/share/articubot_one/environment/ament_prefix_path.sh
[1.078s] -- Installing: /home/pericao/ros2_ws/install/articubot_one/share/articubot_one/environment/ament_prefix_path.dsv
[1.078s] -- Installing: /home/pericao/ros2_ws/install/articubot_one/share/articubot_one/environment/path.sh
[1.078s] -- Installing: /home/pericao/ros2_ws/install/articubot_one/share/articubot_one/environment/path.dsv
[1.078s] -- Installing: /home/pericao/ros2_ws/install/articubot_one/share/articubot_one/local_setup.bash
[1.078s] -- Installing: /home/pericao/ros2_ws/install/articubot_one/share/articubot_one/local_setup.sh
[1.078s] -- Installing: /home/pericao/ros2_ws/install/articubot_one/share/articubot_one/local_setup.zsh
[1.078s] -- Installing: /home/pericao/ros2_ws/install/articubot_one/share/articubot_one/local_setup.dsv
[1.078s] -- Installing: /home/pericao/ros2_ws/install/articubot_one/share/articubot_one/package.dsv
[1.078s] -- Installing: /home/pericao/ros2_ws/install/articubot_one/share/ament_index/resource_index/packages/articubot_one
[1.078s] -- Installing: /home/pericao/ros2_ws/install/articubot_one/share/articubot_one/cmake/articubot_oneConfig.cmake
[1.078s] -- Installing: /home/pericao/ros2_ws/install/articubot_one/share/articubot_one/cmake/articubot_oneConfig-version.cmake
[1.078s] -- Installing: /home/pericao/ros2_ws/install/articubot_one/share/articubot_one/package.xml
[1.083s] Invoked command in '/home/pericao/ros2_ws/build/articubot_one' returned '0': CMAKE_PREFIX_PATH=${CMAKE_PREFIX_PATH}:/home/pericao/ros2_ws/install/my_robot:/opt/ros/foxy /usr/bin/cmake --install /home/pericao/ros2_ws/build/articubot_one
