[0.009s] Invoking command in '/home/pericao/ros2_ws/build/kinect_ros2': CMAKE_PREFIX_PATH=/home/pericao/ros2_ws/install/libfreenect:/opt/ros/foxy LD_LIBRARY_PATH=/home/pericao/ros2_ws/install/libfreenect/lib:${LD_LIBRARY_PATH} PATH=/home/pericao/ros2_ws/install/libfreenect/bin:${PATH} PKG_CONFIG_PATH=/home/pericao/ros2_ws/install/libfreenect/lib/pkgconfig /usr/bin/cmake /home/pericao/ros2_ws/src/kinect_ros2 -DCMAKE_INSTALL_PREFIX=/home/pericao/ros2_ws/install/kinect_ros2
[0.059s] -- The C compiler identification is GNU 9.4.0
[0.097s] -- The CXX compiler identification is GNU 9.4.0
[0.100s] -- Check for working C compiler: /usr/bin/cc
[0.154s] -- Check for working C compiler: /usr/bin/cc -- works
[0.155s] -- Detecting C compiler ABI info
[0.206s] -- Detecting C compiler ABI info - done
[0.214s] -- Detecting C compile features
[0.214s] -- Detecting C compile features - done
[0.216s] -- Check for working CXX compiler: /usr/bin/c++
[0.277s] -- Check for working CXX compiler: /usr/bin/c++ -- works
[0.278s] -- Detecting CXX compiler ABI info
[0.338s] -- Detecting CXX compiler ABI info - done
[0.345s] -- Detecting CXX compile features
[0.346s] -- Detecting CXX compile features - done
[0.347s] -- Found ament_cmake: 0.9.12 (/opt/ros/foxy/share/ament_cmake/cmake)
[0.366s] -- Found PythonInterp: /usr/bin/python3 (found suitable version "3.8.10", minimum required is "3") 
[0.366s] -- Using PYTHON_EXECUTABLE: /usr/bin/python3
[0.503s] -- Found rclcpp_components: 2.4.3 (/opt/ros/foxy/share/rclcpp_components/cmake)
[0.539s] -- Using all available rosidl_typesupport_c: rosidl_typesupport_fastrtps_c;rosidl_typesupport_introspection_c
[0.545s] -- Found rosidl_adapter: 1.3.1 (/opt/ros/foxy/share/rosidl_adapter/cmake)
[0.603s] -- Found OpenSSL: /usr/lib/x86_64-linux-gnu/libcrypto.so (found version "1.1.1f")  
[0.624s] -- Found FastRTPS: /opt/ros/foxy/include  
[0.678s] -- Using all available rosidl_typesupport_cpp: rosidl_typesupport_fastrtps_cpp;rosidl_typesupport_introspection_cpp
[0.759s] -- Found rmw_implementation_cmake: 1.0.4 (/opt/ros/foxy/share/rmw_implementation_cmake/cmake)
[0.760s] -- Using RMW implementation 'rmw_fastrtps_cpp' as default
[0.761s] -- Looking for pthread.h
[0.821s] -- Looking for pthread.h - found
[0.821s] -- Performing Test CMAKE_HAVE_LIBC_PTHREAD
[0.878s] -- Performing Test CMAKE_HAVE_LIBC_PTHREAD - Failed
[0.879s] -- Looking for pthread_create in pthreads
[0.924s] -- Looking for pthread_create in pthreads - not found
[0.924s] -- Looking for pthread_create in pthread
[0.978s] -- Looking for pthread_create in pthread - found
[0.979s] -- Found Threads: TRUE  
[1.093s] -- Found OpenCV: /usr (found version "4.2.0") 
[1.094s] -- Found sensor_msgs: 2.0.5 (/opt/ros/foxy/share/sensor_msgs/cmake)
[1.172s] -- Found cv_bridge: 3.0.7 (/opt/ros/foxy/share/cv_bridge/cmake)
[1.183s] -- Found image_transport: 2.4.0 (/opt/ros/foxy/share/image_transport/cmake)
[1.211s] -- Found depth_image_proc: 2.3.0 (/opt/ros/foxy/share/depth_image_proc/cmake)
[1.558s] -- Found camera_info_manager: 2.4.0 (/opt/ros/foxy/share/camera_info_manager/cmake)
[1.573s] -- Setting yaml-cpp_DIR to: '/opt/ros/foxy/share/yaml_cpp_vendor/cmake/../../../opt/yaml_cpp_vendor/lib/cmake/yaml-cpp'
[1.693s] -- Configuring done
[1.713s] -- Generating done
[1.723s] -- Build files have been written to: /home/pericao/ros2_ws/build/kinect_ros2
[1.730s] Invoked command in '/home/pericao/ros2_ws/build/kinect_ros2' returned '0': CMAKE_PREFIX_PATH=/home/pericao/ros2_ws/install/libfreenect:/opt/ros/foxy LD_LIBRARY_PATH=/home/pericao/ros2_ws/install/libfreenect/lib:${LD_LIBRARY_PATH} PATH=/home/pericao/ros2_ws/install/libfreenect/bin:${PATH} PKG_CONFIG_PATH=/home/pericao/ros2_ws/install/libfreenect/lib/pkgconfig /usr/bin/cmake /home/pericao/ros2_ws/src/kinect_ros2 -DCMAKE_INSTALL_PREFIX=/home/pericao/ros2_ws/install/kinect_ros2
[1.734s] Invoking command in '/home/pericao/ros2_ws/build/kinect_ros2': CMAKE_PREFIX_PATH=/home/pericao/ros2_ws/install/libfreenect:/opt/ros/foxy LD_LIBRARY_PATH=/home/pericao/ros2_ws/install/libfreenect/lib:${LD_LIBRARY_PATH} PATH=/home/pericao/ros2_ws/install/libfreenect/bin:${PATH} PKG_CONFIG_PATH=/home/pericao/ros2_ws/install/libfreenect/lib/pkgconfig /usr/bin/cmake --build /home/pericao/ros2_ws/build/kinect_ros2 -- -j2 -l2
[1.772s] [35m[1mScanning dependencies of target kinect_ros2_component[0m
[1.817s] [ 25%] [32mBuilding CXX object CMakeFiles/kinect_ros2_component.dir/src/kinect_ros2_component.cpp.o[0m
[3.020s] [01m[K/home/pericao/ros2_ws/src/kinect_ros2/src/kinect_ros2_component.cpp:[m[K In static member function ‘[01m[Kstatic void kinect_ros2::KinectRosComponent::depth_cb(freenect_device*, void*, uint32_t)[m[K’:
[3.020s] [01m[K/home/pericao/ros2_ws/src/kinect_ros2/src/kinect_ros2_component.cpp:109:53:[m[K [01;35m[Kwarning: [m[Kunused parameter ‘[01m[Kdev[m[K’ [[01;35m[K-Wunused-parameter[m[K]
[3.020s]   109 | void KinectRosComponent::depth_cb([01;35m[Kfreenect_device * dev[m[K, void * depth_ptr, uint32_t timestamp)
[3.020s]       |                                   [01;35m[K~~~~~~~~~~~~~~~~~~^~~[m[K
[3.020s] [01m[K/home/pericao/ros2_ws/src/kinect_ros2/src/kinect_ros2_component.cpp:109:85:[m[K [01;35m[Kwarning: [m[Kunused parameter ‘[01m[Ktimestamp[m[K’ [[01;35m[K-Wunused-parameter[m[K]
[3.020s]   109 | mponent::depth_cb(freenect_device * dev, void * depth_ptr, [01;35m[Kuint32_t timestamp[m[K)
[3.020s]       |                                                            [01;35m[K~~~~~~~~~^~~~~~~~~[m[K
[3.020s] 
[3.020s] [01m[K/home/pericao/ros2_ws/src/kinect_ros2/src/kinect_ros2_component.cpp:[m[K In static member function ‘[01m[Kstatic void kinect_ros2::KinectRosComponent::rgb_cb(freenect_device*, void*, uint32_t)[m[K’:
[3.020s] [01m[K/home/pericao/ros2_ws/src/kinect_ros2/src/kinect_ros2_component.cpp:123:51:[m[K [01;35m[Kwarning: [m[Kunused parameter ‘[01m[Kdev[m[K’ [[01;35m[K-Wunused-parameter[m[K]
[3.020s]   123 | void KinectRosComponent::rgb_cb([01;35m[Kfreenect_device * dev[m[K, void * rgb_ptr, uint32_t timestamp)
[3.021s]       |                                 [01;35m[K~~~~~~~~~~~~~~~~~~^~~[m[K
[3.021s] [01m[K/home/pericao/ros2_ws/src/kinect_ros2/src/kinect_ros2_component.cpp:123:81:[m[K [01;35m[Kwarning: [m[Kunused parameter ‘[01m[Ktimestamp[m[K’ [[01;35m[K-Wunused-parameter[m[K]
[3.021s]   123 | osComponent::rgb_cb(freenect_device * dev, void * rgb_ptr, [01;35m[Kuint32_t timestamp[m[K)
[3.021s]       |                                                            [01;35m[K~~~~~~~~~^~~~~~~~~[m[K
[3.021s] 
[3.910s] [ 50%] [32m[1mLinking CXX shared library libkinect_ros2_component.so[0m
[4.054s] [ 50%] Built target kinect_ros2_component
[4.063s] [35m[1mScanning dependencies of target kinect_ros2_node[0m
[4.106s] [ 75%] [32mBuilding CXX object CMakeFiles/kinect_ros2_node.dir/src/kinect_ros2_node.cpp.o[0m
[6.116s] [100%] [32m[1mLinking CXX executable kinect_ros2_node[0m
[6.454s] [100%] Built target kinect_ros2_node
[6.465s] Invoked command in '/home/pericao/ros2_ws/build/kinect_ros2' returned '0': CMAKE_PREFIX_PATH=/home/pericao/ros2_ws/install/libfreenect:/opt/ros/foxy LD_LIBRARY_PATH=/home/pericao/ros2_ws/install/libfreenect/lib:${LD_LIBRARY_PATH} PATH=/home/pericao/ros2_ws/install/libfreenect/bin:${PATH} PKG_CONFIG_PATH=/home/pericao/ros2_ws/install/libfreenect/lib/pkgconfig /usr/bin/cmake --build /home/pericao/ros2_ws/build/kinect_ros2 -- -j2 -l2
[6.466s] Invoking command in '/home/pericao/ros2_ws/build/kinect_ros2': CMAKE_PREFIX_PATH=/home/pericao/ros2_ws/install/libfreenect:/opt/ros/foxy LD_LIBRARY_PATH=/home/pericao/ros2_ws/install/libfreenect/lib:${LD_LIBRARY_PATH} PATH=/home/pericao/ros2_ws/install/libfreenect/bin:${PATH} PKG_CONFIG_PATH=/home/pericao/ros2_ws/install/libfreenect/lib/pkgconfig /usr/bin/cmake --install /home/pericao/ros2_ws/build/kinect_ros2
[6.472s] -- Install configuration: ""
[6.472s] -- Installing: /home/pericao/ros2_ws/install/kinect_ros2/lib/libkinect_ros2_component.so
[6.473s] -- Set runtime path of "/home/pericao/ros2_ws/install/kinect_ros2/lib/libkinect_ros2_component.so" to ""
[6.473s] -- Installing: /home/pericao/ros2_ws/install/kinect_ros2/lib/kinect_ros2/kinect_ros2_node
[6.474s] -- Set runtime path of "/home/pericao/ros2_ws/install/kinect_ros2/lib/kinect_ros2/kinect_ros2_node" to ""
[6.474s] -- Installing: /home/pericao/ros2_ws/install/kinect_ros2/share/kinect_ros2/cfg
[6.474s] -- Installing: /home/pericao/ros2_ws/install/kinect_ros2/share/kinect_ros2/cfg/calibration_rgb.yaml
[6.474s] -- Installing: /home/pericao/ros2_ws/install/kinect_ros2/share/kinect_ros2/cfg/calibration_depth.yaml
[6.474s] -- Installing: /home/pericao/ros2_ws/install/kinect_ros2/share/kinect_ros2/launch
[6.474s] -- Installing: /home/pericao/ros2_ws/install/kinect_ros2/share/kinect_ros2/launch/pointcloud.launch.py
[6.474s] -- Installing: /home/pericao/ros2_ws/install/kinect_ros2/share/kinect_ros2/launch/showimage.launch.py
[6.474s] -- Installing: /home/pericao/ros2_ws/install/kinect_ros2/share/kinect_ros2/rviz
[6.474s] -- Installing: /home/pericao/ros2_ws/install/kinect_ros2/share/kinect_ros2/rviz/pointcloud.rviz
[6.474s] -- Installing: /home/pericao/ros2_ws/install/kinect_ros2/share/ament_index/resource_index/package_run_dependencies/kinect_ros2
[6.474s] -- Installing: /home/pericao/ros2_ws/install/kinect_ros2/share/ament_index/resource_index/parent_prefix_path/kinect_ros2
[6.475s] -- Installing: /home/pericao/ros2_ws/install/kinect_ros2/share/kinect_ros2/environment/ament_prefix_path.sh
[6.475s] -- Installing: /home/pericao/ros2_ws/install/kinect_ros2/share/kinect_ros2/environment/ament_prefix_path.dsv
[6.475s] -- Installing: /home/pericao/ros2_ws/install/kinect_ros2/share/kinect_ros2/environment/path.sh
[6.475s] -- Installing: /home/pericao/ros2_ws/install/kinect_ros2/share/kinect_ros2/environment/path.dsv
[6.475s] -- Installing: /home/pericao/ros2_ws/install/kinect_ros2/share/kinect_ros2/local_setup.bash
[6.475s] -- Installing: /home/pericao/ros2_ws/install/kinect_ros2/share/kinect_ros2/local_setup.sh
[6.475s] -- Installing: /home/pericao/ros2_ws/install/kinect_ros2/share/kinect_ros2/local_setup.zsh
[6.475s] -- Installing: /home/pericao/ros2_ws/install/kinect_ros2/share/kinect_ros2/local_setup.dsv
[6.475s] -- Installing: /home/pericao/ros2_ws/install/kinect_ros2/share/kinect_ros2/package.dsv
[6.475s] -- Installing: /home/pericao/ros2_ws/install/kinect_ros2/share/ament_index/resource_index/packages/kinect_ros2
[6.476s] -- Installing: /home/pericao/ros2_ws/install/kinect_ros2/share/ament_index/resource_index/rclcpp_components/kinect_ros2
[6.476s] -- Installing: /home/pericao/ros2_ws/install/kinect_ros2/share/kinect_ros2/cmake/kinect_ros2Config.cmake
[6.476s] -- Installing: /home/pericao/ros2_ws/install/kinect_ros2/share/kinect_ros2/cmake/kinect_ros2Config-version.cmake
[6.476s] -- Installing: /home/pericao/ros2_ws/install/kinect_ros2/share/kinect_ros2/package.xml
[6.480s] Invoked command in '/home/pericao/ros2_ws/build/kinect_ros2' returned '0': CMAKE_PREFIX_PATH=/home/pericao/ros2_ws/install/libfreenect:/opt/ros/foxy LD_LIBRARY_PATH=/home/pericao/ros2_ws/install/libfreenect/lib:${LD_LIBRARY_PATH} PATH=/home/pericao/ros2_ws/install/libfreenect/bin:${PATH} PKG_CONFIG_PATH=/home/pericao/ros2_ws/install/libfreenect/lib/pkgconfig /usr/bin/cmake --install /home/pericao/ros2_ws/build/kinect_ros2
