running egg_info
creating ../../build/kinect_depth/kinect_depth.egg-info
writing ../../build/kinect_depth/kinect_depth.egg-info/PKG-INFO
writing dependency_links to ../../build/kinect_depth/kinect_depth.egg-info/dependency_links.txt
writing entry points to ../../build/kinect_depth/kinect_depth.egg-info/entry_points.txt
writing requirements to ../../build/kinect_depth/kinect_depth.egg-info/requires.txt
writing top-level names to ../../build/kinect_depth/kinect_depth.egg-info/top_level.txt
writing manifest file '../../build/kinect_depth/kinect_depth.egg-info/SOURCES.txt'
reading manifest file '../../build/kinect_depth/kinect_depth.egg-info/SOURCES.txt'
writing manifest file '../../build/kinect_depth/kinect_depth.egg-info/SOURCES.txt'
running build
running build_py
creating /home/jetson/ros2_ws/build/kinect_depth/build
creating /home/jetson/ros2_ws/build/kinect_depth/build/lib
creating /home/jetson/ros2_ws/build/kinect_depth/build/lib/kinect_depth
copying kinect_depth/__init__.py -> /home/jetson/ros2_ws/build/kinect_depth/build/lib/kinect_depth
copying kinect_depth/depth_publisher.py -> /home/jetson/ros2_ws/build/kinect_depth/build/lib/kinect_depth
running install
running install_lib
creating /home/jetson/ros2_ws/install/kinect_depth/lib/python3.8/site-packages/kinect_depth
copying /home/jetson/ros2_ws/build/kinect_depth/build/lib/kinect_depth/__init__.py -> /home/jetson/ros2_ws/install/kinect_depth/lib/python3.8/site-packages/kinect_depth
copying /home/jetson/ros2_ws/build/kinect_depth/build/lib/kinect_depth/depth_publisher.py -> /home/jetson/ros2_ws/install/kinect_depth/lib/python3.8/site-packages/kinect_depth
byte-compiling /home/jetson/ros2_ws/install/kinect_depth/lib/python3.8/site-packages/kinect_depth/__init__.py to __init__.cpython-38.pyc
byte-compiling /home/jetson/ros2_ws/install/kinect_depth/lib/python3.8/site-packages/kinect_depth/depth_publisher.py to depth_publisher.cpython-38.pyc
running install_data
creating /home/jetson/ros2_ws/install/kinect_depth/share/ament_index
creating /home/jetson/ros2_ws/install/kinect_depth/share/ament_index/resource_index
creating /home/jetson/ros2_ws/install/kinect_depth/share/ament_index/resource_index/packages
copying resource/kinect_depth -> /home/jetson/ros2_ws/install/kinect_depth/share/ament_index/resource_index/packages
copying package.xml -> /home/jetson/ros2_ws/install/kinect_depth/share/kinect_depth
running install_egg_info
Copying ../../build/kinect_depth/kinect_depth.egg-info to /home/jetson/ros2_ws/install/kinect_depth/lib/python3.8/site-packages/kinect_depth-0.0.0-py3.8.egg-info
running install_scripts
Installing depth_publisher script to /home/jetson/ros2_ws/install/kinect_depth/lib/kinect_depth
writing list of installed files to '/home/jetson/ros2_ws/build/kinect_depth/install.log'
