[3.673s] Invoking command in '/home/jetson/ros2_ws/src/kinect_depth': PYTHONPATH=/home/jetson/ros2_ws/build/kinect_depth/prefix_override:/usr/lib/python3/dist-packages/colcon_core/task/python/colcon_distutils_commands:/home/jetson/ros2_ws/install/kinect_depth/lib/python3.8/site-packages:${PYTHONPATH} /usr/bin/python3 -W ignore:setup.py install is deprecated -W ignore:easy_install command is deprecated setup.py egg_info --egg-base ../../build/kinect_depth build --build-base /home/jetson/ros2_ws/build/kinect_depth/build install --record /home/jetson/ros2_ws/build/kinect_depth/install.log --single-version-externally-managed install_data
[4.525s] running egg_info
[4.532s] creating ../../build/kinect_depth/kinect_depth.egg-info
[4.533s] writing ../../build/kinect_depth/kinect_depth.egg-info/PKG-INFO
[4.534s] writing dependency_links to ../../build/kinect_depth/kinect_depth.egg-info/dependency_links.txt
[4.535s] writing entry points to ../../build/kinect_depth/kinect_depth.egg-info/entry_points.txt
[4.535s] writing requirements to ../../build/kinect_depth/kinect_depth.egg-info/requires.txt
[4.536s] writing top-level names to ../../build/kinect_depth/kinect_depth.egg-info/top_level.txt
[4.547s] writing manifest file '../../build/kinect_depth/kinect_depth.egg-info/SOURCES.txt'
[4.748s] reading manifest file '../../build/kinect_depth/kinect_depth.egg-info/SOURCES.txt'
[4.751s] writing manifest file '../../build/kinect_depth/kinect_depth.egg-info/SOURCES.txt'
[4.752s] running build
[4.752s] running build_py
[4.753s] creating /home/jetson/ros2_ws/build/kinect_depth/build
[4.753s] creating /home/jetson/ros2_ws/build/kinect_depth/build/lib
[4.753s] creating /home/jetson/ros2_ws/build/kinect_depth/build/lib/kinect_depth
[4.754s] copying kinect_depth/__init__.py -> /home/jetson/ros2_ws/build/kinect_depth/build/lib/kinect_depth
[4.754s] copying kinect_depth/depth_publisher.py -> /home/jetson/ros2_ws/build/kinect_depth/build/lib/kinect_depth
[4.762s] running install
[4.765s] running install_lib
[4.769s] creating /home/jetson/ros2_ws/install/kinect_depth/lib/python3.8/site-packages/kinect_depth
[4.770s] copying /home/jetson/ros2_ws/build/kinect_depth/build/lib/kinect_depth/__init__.py -> /home/jetson/ros2_ws/install/kinect_depth/lib/python3.8/site-packages/kinect_depth
[4.770s] copying /home/jetson/ros2_ws/build/kinect_depth/build/lib/kinect_depth/depth_publisher.py -> /home/jetson/ros2_ws/install/kinect_depth/lib/python3.8/site-packages/kinect_depth
[4.772s] byte-compiling /home/jetson/ros2_ws/install/kinect_depth/lib/python3.8/site-packages/kinect_depth/__init__.py to __init__.cpython-38.pyc
[4.783s] byte-compiling /home/jetson/ros2_ws/install/kinect_depth/lib/python3.8/site-packages/kinect_depth/depth_publisher.py to depth_publisher.cpython-38.pyc
[4.784s] running install_data
[4.785s] creating /home/jetson/ros2_ws/install/kinect_depth/share/ament_index
[4.786s] creating /home/jetson/ros2_ws/install/kinect_depth/share/ament_index/resource_index
[4.786s] creating /home/jetson/ros2_ws/install/kinect_depth/share/ament_index/resource_index/packages
[4.787s] copying resource/kinect_depth -> /home/jetson/ros2_ws/install/kinect_depth/share/ament_index/resource_index/packages
[4.787s] copying package.xml -> /home/jetson/ros2_ws/install/kinect_depth/share/kinect_depth
[4.788s] running install_egg_info
[4.799s] Copying ../../build/kinect_depth/kinect_depth.egg-info to /home/jetson/ros2_ws/install/kinect_depth/lib/python3.8/site-packages/kinect_depth-0.0.0-py3.8.egg-info
[4.804s] running install_scripts
[4.942s] Installing depth_publisher script to /home/jetson/ros2_ws/install/kinect_depth/lib/kinect_depth
[4.945s] writing list of installed files to '/home/jetson/ros2_ws/build/kinect_depth/install.log'
[5.059s] Invoked command in '/home/jetson/ros2_ws/src/kinect_depth' returned '0': PYTHONPATH=/home/jetson/ros2_ws/build/kinect_depth/prefix_override:/usr/lib/python3/dist-packages/colcon_core/task/python/colcon_distutils_commands:/home/jetson/ros2_ws/install/kinect_depth/lib/python3.8/site-packages:${PYTHONPATH} /usr/bin/python3 -W ignore:setup.py install is deprecated -W ignore:easy_install command is deprecated setup.py egg_info --egg-base ../../build/kinect_depth build --build-base /home/jetson/ros2_ws/build/kinect_depth/build install --record /home/jetson/ros2_ws/build/kinect_depth/install.log --single-version-externally-managed install_data
