-- The C compiler identification is GNU 9.4.0
-- The CXX compiler identification is GNU 9.4.0
-- Check for working C compiler: /usr/bin/cc
-- Check for working C compiler: /usr/bin/cc -- works
-- Detecting C compiler ABI info
-- Detecting C compiler ABI info - done
-- Detecting C compile features
-- Detecting C compile features - done
-- Check for working CXX compiler: /usr/bin/c++
-- Check for working CXX compiler: /usr/bin/c++ -- works
-- Detecting CXX compiler ABI info
-- Detecting CXX compiler ABI info - done
-- Detecting CXX compile features
-- Detecting CXX compile features - done
-- Found ament_cmake: 0.9.12 (/opt/ros/foxy/share/ament_cmake/cmake)
-- Found PythonInterp: /usr/bin/python3 (found suitable version "3.8.10", minimum required is "3") 
-- Using PYTHON_EXECUTABLE: /usr/bin/python3
-- Found rclcpp_components: 2.4.3 (/opt/ros/foxy/share/rclcpp_components/cmake)
-- Using all available rosidl_typesupport_c: rosidl_typesupport_fastrtps_c;rosidl_typesupport_introspection_c
-- Found rosidl_adapter: 1.3.1 (/opt/ros/foxy/share/rosidl_adapter/cmake)
-- Found OpenSSL: /usr/lib/aarch64-linux-gnu/libcrypto.so (found version "1.1.1f")  
-- Found FastRTPS: /opt/ros/foxy/include  
-- Using all available rosidl_typesupport_cpp: rosidl_typesupport_fastrtps_cpp;rosidl_typesupport_introspection_cpp
-- Found rmw_implementation_cmake: 1.0.4 (/opt/ros/foxy/share/rmw_implementation_cmake/cmake)
-- Using RMW implementation 'rmw_fastrtps_cpp' as default
-- Looking for pthread.h
-- Looking for pthread.h - found
-- Performing Test CMAKE_HAVE_LIBC_PTHREAD
-- Performing Test CMAKE_HAVE_LIBC_PTHREAD - Failed
-- Looking for pthread_create in pthreads
-- Looking for pthread_create in pthreads - not found
-- Looking for pthread_create in pthread
-- Looking for pthread_create in pthread - found
-- Found Threads: TRUE  
-- Found OpenCV: /usr (found version "4.2.0") 
-- Found sensor_msgs: 2.0.5 (/opt/ros/foxy/share/sensor_msgs/cmake)
-- Found cv_bridge: 3.0.7 (/opt/ros/foxy/share/cv_bridge/cmake)
-- Found image_transport: 2.4.0 (/opt/ros/foxy/share/image_transport/cmake)
-- Found depth_image_proc: 2.3.0 (/opt/ros/foxy/share/depth_image_proc/cmake)
-- Found camera_info_manager: 2.4.0 (/opt/ros/foxy/share/camera_info_manager/cmake)
-- Setting yaml-cpp_DIR to: '/opt/ros/foxy/share/yaml_cpp_vendor/cmake/../../../opt/yaml_cpp_vendor/lib/cmake/yaml-cpp'
-- Configuring done
-- Generating done
-- Build files have been written to: /home/jetson/ros2_ws/build/kinect_ros2
[35m[1mScanning dependencies of target kinect_ros2_component[0m
[ 25%] [32mBuilding CXX object CMakeFiles/kinect_ros2_component.dir/src/kinect_ros2_component.cpp.o[0m
[ 50%] [32m[1mLinking CXX shared library libkinect_ros2_component.so[0m
[ 50%] Built target kinect_ros2_component
[35m[1mScanning dependencies of target kinect_ros2_node[0m
[ 75%] [32mBuilding CXX object CMakeFiles/kinect_ros2_node.dir/src/kinect_ros2_node.cpp.o[0m
[100%] [32m[1mLinking CXX executable kinect_ros2_node[0m
[100%] Built target kinect_ros2_node
-- Install configuration: ""
-- Installing: /home/jetson/ros2_ws/install/kinect_ros2/lib/libkinect_ros2_component.so
-- Set runtime path of "/home/jetson/ros2_ws/install/kinect_ros2/lib/libkinect_ros2_component.so" to ""
-- Installing: /home/jetson/ros2_ws/install/kinect_ros2/lib/kinect_ros2/kinect_ros2_node
-- Set runtime path of "/home/jetson/ros2_ws/install/kinect_ros2/lib/kinect_ros2/kinect_ros2_node" to ""
-- Installing: /home/jetson/ros2_ws/install/kinect_ros2/share/kinect_ros2/cfg
-- Installing: /home/jetson/ros2_ws/install/kinect_ros2/share/kinect_ros2/cfg/calibration_depth.yaml
-- Installing: /home/jetson/ros2_ws/install/kinect_ros2/share/kinect_ros2/cfg/calibration_rgb.yaml
-- Installing: /home/jetson/ros2_ws/install/kinect_ros2/share/kinect_ros2/launch
-- Installing: /home/jetson/ros2_ws/install/kinect_ros2/share/kinect_ros2/launch/slam.launch.py
-- Installing: /home/jetson/ros2_ws/install/kinect_ros2/share/kinect_ros2/launch/pointcloud.launch.py
-- Installing: /home/jetson/ros2_ws/install/kinect_ros2/share/kinect_ros2/launch/showimage.launch.py
-- Installing: /home/jetson/ros2_ws/install/kinect_ros2/share/kinect_ros2/launch/kinect_slam.launch.py
-- Installing: /home/jetson/ros2_ws/install/kinect_ros2/share/kinect_ros2/rviz
-- Installing: /home/jetson/ros2_ws/install/kinect_ros2/share/kinect_ros2/rviz/pointcloud.rviz
-- Installing: /home/jetson/ros2_ws/install/kinect_ros2/share/ament_index/resource_index/package_run_dependencies/kinect_ros2
-- Installing: /home/jetson/ros2_ws/install/kinect_ros2/share/ament_index/resource_index/parent_prefix_path/kinect_ros2
-- Installing: /home/jetson/ros2_ws/install/kinect_ros2/share/kinect_ros2/environment/ament_prefix_path.sh
-- Installing: /home/jetson/ros2_ws/install/kinect_ros2/share/kinect_ros2/environment/ament_prefix_path.dsv
-- Installing: /home/jetson/ros2_ws/install/kinect_ros2/share/kinect_ros2/environment/path.sh
-- Installing: /home/jetson/ros2_ws/install/kinect_ros2/share/kinect_ros2/environment/path.dsv
-- Installing: /home/jetson/ros2_ws/install/kinect_ros2/share/kinect_ros2/local_setup.bash
-- Installing: /home/jetson/ros2_ws/install/kinect_ros2/share/kinect_ros2/local_setup.sh
-- Installing: /home/jetson/ros2_ws/install/kinect_ros2/share/kinect_ros2/local_setup.zsh
-- Installing: /home/jetson/ros2_ws/install/kinect_ros2/share/kinect_ros2/local_setup.dsv
-- Installing: /home/jetson/ros2_ws/install/kinect_ros2/share/kinect_ros2/package.dsv
-- Installing: /home/jetson/ros2_ws/install/kinect_ros2/share/ament_index/resource_index/packages/kinect_ros2
-- Installing: /home/jetson/ros2_ws/install/kinect_ros2/share/ament_index/resource_index/rclcpp_components/kinect_ros2
-- Installing: /home/jetson/ros2_ws/install/kinect_ros2/share/kinect_ros2/cmake/kinect_ros2Config.cmake
-- Installing: /home/jetson/ros2_ws/install/kinect_ros2/share/kinect_ros2/cmake/kinect_ros2Config-version.cmake
-- Installing: /home/jetson/ros2_ws/install/kinect_ros2/share/kinect_ros2/package.xml
