[0.040s] Invoking command in '/home/jetson/ros2_ws/build/kinect_ros2': CMAKE_PREFIX_PATH=/home/jetson/ros2_ws/install/libfreenect:/home/jetson/ros2_ws/install/kinect_ros2:/home/jetson/ros2_ws/install/talker_listener:/home/jetson/ros2_ws/install/kinect_depth:/opt/ros/foxy LD_LIBRARY_PATH=/home/jetson/ros2_ws/install/libfreenect/lib:/home/jetson/ros2_ws/install/kinect_ros2/lib:/opt/ros/foxy/opt/yaml_cpp_vendor/lib:/opt/ros/foxy/opt/rviz_ogre_vendor/lib:/opt/ros/foxy/lib/aarch64-linux-gnu:/opt/ros/foxy/lib /usr/bin/cmake /home/jetson/ros2_ws/src/kinect_ros2 -DCMAKE_INSTALL_PREFIX=/home/jetson/ros2_ws/install/kinect_ros2
[0.209s] -- The C compiler identification is GNU 9.4.0
[0.367s] -- The CXX compiler identification is GNU 9.4.0
[0.381s] -- Check for working C compiler: /usr/bin/cc
[0.576s] -- Check for working C compiler: /usr/bin/cc -- works
[0.579s] -- Detecting C compiler ABI info
[0.775s] -- Detecting C compiler ABI info - done
[0.812s] -- Detecting C compile features
[0.812s] -- Detecting C compile features - done
[0.820s] -- Check for working CXX compiler: /usr/bin/c++
[1.045s] -- Check for working CXX compiler: /usr/bin/c++ -- works
[1.048s] -- Detecting CXX compiler ABI info
[1.275s] -- Detecting CXX compiler ABI info - done
[1.313s] -- Detecting CXX compile features
[1.314s] -- Detecting CXX compile features - done
[1.344s] -- Found ament_cmake: 0.9.12 (/opt/ros/foxy/share/ament_cmake/cmake)
[1.445s] -- Found PythonInterp: /usr/bin/python3 (found suitable version "3.8.10", minimum required is "3") 
[1.445s] -- Using PYTHON_EXECUTABLE: /usr/bin/python3
[2.259s] -- Found rclcpp_components: 2.4.3 (/opt/ros/foxy/share/rclcpp_components/cmake)
[2.556s] -- Using all available rosidl_typesupport_c: rosidl_typesupport_fastrtps_c;rosidl_typesupport_introspection_c
[2.613s] -- Found rosidl_adapter: 1.3.1 (/opt/ros/foxy/share/rosidl_adapter/cmake)
[2.981s] -- Found OpenSSL: /usr/lib/aarch64-linux-gnu/libcrypto.so (found version "1.1.1f")  
[3.080s] -- Found FastRTPS: /opt/ros/foxy/include  
[3.391s] -- Using all available rosidl_typesupport_cpp: rosidl_typesupport_fastrtps_cpp;rosidl_typesupport_introspection_cpp
[3.905s] -- Found rmw_implementation_cmake: 1.0.4 (/opt/ros/foxy/share/rmw_implementation_cmake/cmake)
[3.912s] -- Using RMW implementation 'rmw_fastrtps_cpp' as default
[3.915s] -- Looking for pthread.h
[4.124s] -- Looking for pthread.h - found
[4.125s] -- Performing Test CMAKE_HAVE_LIBC_PTHREAD
[4.339s] -- Performing Test CMAKE_HAVE_LIBC_PTHREAD - Failed
[4.340s] -- Looking for pthread_create in pthreads
[4.552s] -- Looking for pthread_create in pthreads - not found
[4.553s] -- Looking for pthread_create in pthread
[4.759s] -- Looking for pthread_create in pthread - found
[4.762s] -- Found Threads: TRUE  
[5.482s] -- Found OpenCV: /usr (found version "4.2.0") 
[5.495s] -- Found sensor_msgs: 2.0.5 (/opt/ros/foxy/share/sensor_msgs/cmake)
[5.932s] -- Found cv_bridge: 3.0.7 (/opt/ros/foxy/share/cv_bridge/cmake)
[5.996s] -- Found image_transport: 2.4.0 (/opt/ros/foxy/share/image_transport/cmake)
[6.178s] -- Found depth_image_proc: 2.3.0 (/opt/ros/foxy/share/depth_image_proc/cmake)
[8.101s] -- Found camera_info_manager: 2.4.0 (/opt/ros/foxy/share/camera_info_manager/cmake)
[8.185s] -- Setting yaml-cpp_DIR to: '/opt/ros/foxy/share/yaml_cpp_vendor/cmake/../../../opt/yaml_cpp_vendor/lib/cmake/yaml-cpp'
[8.770s] -- Configuring done
[8.912s] -- Generating done
[8.962s] -- Build files have been written to: /home/jetson/ros2_ws/build/kinect_ros2
[8.993s] Invoked command in '/home/jetson/ros2_ws/build/kinect_ros2' returned '0': CMAKE_PREFIX_PATH=/home/jetson/ros2_ws/install/libfreenect:/home/jetson/ros2_ws/install/kinect_ros2:/home/jetson/ros2_ws/install/talker_listener:/home/jetson/ros2_ws/install/kinect_depth:/opt/ros/foxy LD_LIBRARY_PATH=/home/jetson/ros2_ws/install/libfreenect/lib:/home/jetson/ros2_ws/install/kinect_ros2/lib:/opt/ros/foxy/opt/yaml_cpp_vendor/lib:/opt/ros/foxy/opt/rviz_ogre_vendor/lib:/opt/ros/foxy/lib/aarch64-linux-gnu:/opt/ros/foxy/lib /usr/bin/cmake /home/jetson/ros2_ws/src/kinect_ros2 -DCMAKE_INSTALL_PREFIX=/home/jetson/ros2_ws/install/kinect_ros2
[8.999s] Invoking command in '/home/jetson/ros2_ws/build/kinect_ros2': CMAKE_PREFIX_PATH=/home/jetson/ros2_ws/install/libfreenect:/home/jetson/ros2_ws/install/kinect_ros2:/home/jetson/ros2_ws/install/talker_listener:/home/jetson/ros2_ws/install/kinect_depth:/opt/ros/foxy LD_LIBRARY_PATH=/home/jetson/ros2_ws/install/libfreenect/lib:/home/jetson/ros2_ws/install/kinect_ros2/lib:/opt/ros/foxy/opt/yaml_cpp_vendor/lib:/opt/ros/foxy/opt/rviz_ogre_vendor/lib:/opt/ros/foxy/lib/aarch64-linux-gnu:/opt/ros/foxy/lib /usr/bin/cmake --build /home/jetson/ros2_ws/build/kinect_ros2 -- -j4 -l4
[9.125s] [35m[1mScanning dependencies of target kinect_ros2_component[0m
[9.880s] [ 25%] [32mBuilding CXX object CMakeFiles/kinect_ros2_component.dir/src/kinect_ros2_component.cpp.o[0m
[16.930s] [01m[K/home/jetson/ros2_ws/src/kinect_ros2/src/kinect_ros2_component.cpp:[m[K In static member function ‘[01m[Kstatic void kinect_ros2::KinectRosComponent::depth_cb(freenect_device*, void*, uint32_t)[m[K’:
[16.931s] [01m[K/home/jetson/ros2_ws/src/kinect_ros2/src/kinect_ros2_component.cpp:109:53:[m[K [01;35m[Kwarning: [m[Kunused parameter ‘[01m[Kdev[m[K’ [[01;35m[K-Wunused-parameter[m[K]
[16.931s]   109 | void KinectRosComponent::depth_cb([01;35m[Kfreenect_device * dev[m[K, void * depth_ptr, uint32_t timestamp)
[16.932s]       |                                   [01;35m[K~~~~~~~~~~~~~~~~~~^~~[m[K
[16.932s] [01m[K/home/jetson/ros2_ws/src/kinect_ros2/src/kinect_ros2_component.cpp:109:85:[m[K [01;35m[Kwarning: [m[Kunused parameter ‘[01m[Ktimestamp[m[K’ [[01;35m[K-Wunused-parameter[m[K]
[16.932s]   109 | mponent::depth_cb(freenect_device * dev, void * depth_ptr, [01;35m[Kuint32_t timestamp[m[K)
[16.933s]       |                                                            [01;35m[K~~~~~~~~~^~~~~~~~~[m[K
[16.933s] 
[16.933s] [01m[K/home/jetson/ros2_ws/src/kinect_ros2/src/kinect_ros2_component.cpp:[m[K In static member function ‘[01m[Kstatic void kinect_ros2::KinectRosComponent::rgb_cb(freenect_device*, void*, uint32_t)[m[K’:
[16.933s] [01m[K/home/jetson/ros2_ws/src/kinect_ros2/src/kinect_ros2_component.cpp:123:51:[m[K [01;35m[Kwarning: [m[Kunused parameter ‘[01m[Kdev[m[K’ [[01;35m[K-Wunused-parameter[m[K]
[16.934s]   123 | void KinectRosComponent::rgb_cb([01;35m[Kfreenect_device * dev[m[K, void * rgb_ptr, uint32_t timestamp)
[16.934s]       |                                 [01;35m[K~~~~~~~~~~~~~~~~~~^~~[m[K
[16.934s] [01m[K/home/jetson/ros2_ws/src/kinect_ros2/src/kinect_ros2_component.cpp:123:81:[m[K [01;35m[Kwarning: [m[Kunused parameter ‘[01m[Ktimestamp[m[K’ [[01;35m[K-Wunused-parameter[m[K]
[16.935s]   123 | osComponent::rgb_cb(freenect_device * dev, void * rgb_ptr, [01;35m[Kuint32_t timestamp[m[K)
[16.935s]       |                                                            [01;35m[K~~~~~~~~~^~~~~~~~~[m[K
[16.935s] 
[20.148s] [ 50%] [32m[1mLinking CXX shared library libkinect_ros2_component.so[0m
[21.327s] [ 50%] Built target kinect_ros2_component
[21.357s] [35m[1mScanning dependencies of target kinect_ros2_node[0m
[21.555s] [ 75%] [32mBuilding CXX object CMakeFiles/kinect_ros2_node.dir/src/kinect_ros2_node.cpp.o[0m
[31.426s] [100%] [32m[1mLinking CXX executable kinect_ros2_node[0m
[33.183s] [100%] Built target kinect_ros2_node
[33.215s] Invoked command in '/home/jetson/ros2_ws/build/kinect_ros2' returned '0': CMAKE_PREFIX_PATH=/home/jetson/ros2_ws/install/libfreenect:/home/jetson/ros2_ws/install/kinect_ros2:/home/jetson/ros2_ws/install/talker_listener:/home/jetson/ros2_ws/install/kinect_depth:/opt/ros/foxy LD_LIBRARY_PATH=/home/jetson/ros2_ws/install/libfreenect/lib:/home/jetson/ros2_ws/install/kinect_ros2/lib:/opt/ros/foxy/opt/yaml_cpp_vendor/lib:/opt/ros/foxy/opt/rviz_ogre_vendor/lib:/opt/ros/foxy/lib/aarch64-linux-gnu:/opt/ros/foxy/lib /usr/bin/cmake --build /home/jetson/ros2_ws/build/kinect_ros2 -- -j4 -l4
[33.223s] Invoking command in '/home/jetson/ros2_ws/build/kinect_ros2': CMAKE_PREFIX_PATH=/home/jetson/ros2_ws/install/libfreenect:/home/jetson/ros2_ws/install/kinect_ros2:/home/jetson/ros2_ws/install/talker_listener:/home/jetson/ros2_ws/install/kinect_depth:/opt/ros/foxy LD_LIBRARY_PATH=/home/jetson/ros2_ws/install/libfreenect/lib:/home/jetson/ros2_ws/install/kinect_ros2/lib:/opt/ros/foxy/opt/yaml_cpp_vendor/lib:/opt/ros/foxy/opt/rviz_ogre_vendor/lib:/opt/ros/foxy/lib/aarch64-linux-gnu:/opt/ros/foxy/lib /usr/bin/cmake --install /home/jetson/ros2_ws/build/kinect_ros2
[33.249s] -- Install configuration: ""
[33.249s] -- Installing: /home/jetson/ros2_ws/install/kinect_ros2/lib/libkinect_ros2_component.so
[33.252s] -- Set runtime path of "/home/jetson/ros2_ws/install/kinect_ros2/lib/libkinect_ros2_component.so" to ""
[33.252s] -- Installing: /home/jetson/ros2_ws/install/kinect_ros2/lib/kinect_ros2/kinect_ros2_node
[33.254s] -- Set runtime path of "/home/jetson/ros2_ws/install/kinect_ros2/lib/kinect_ros2/kinect_ros2_node" to ""
[33.254s] -- Installing: /home/jetson/ros2_ws/install/kinect_ros2/share/kinect_ros2/cfg
[33.256s] -- Installing: /home/jetson/ros2_ws/install/kinect_ros2/share/kinect_ros2/cfg/calibration_depth.yaml
[33.257s] -- Installing: /home/jetson/ros2_ws/install/kinect_ros2/share/kinect_ros2/cfg/calibration_rgb.yaml
[33.257s] -- Installing: /home/jetson/ros2_ws/install/kinect_ros2/share/kinect_ros2/launch
[33.258s] -- Installing: /home/jetson/ros2_ws/install/kinect_ros2/share/kinect_ros2/launch/slam.launch.py
[33.261s] -- Installing: /home/jetson/ros2_ws/install/kinect_ros2/share/kinect_ros2/launch/pointcloud.launch.py
[33.262s] -- Installing: /home/jetson/ros2_ws/install/kinect_ros2/share/kinect_ros2/launch/showimage.launch.py
[33.263s] -- Installing: /home/jetson/ros2_ws/install/kinect_ros2/share/kinect_ros2/launch/kinect_slam.launch.py
[33.264s] -- Installing: /home/jetson/ros2_ws/install/kinect_ros2/share/kinect_ros2/rviz
[33.264s] -- Installing: /home/jetson/ros2_ws/install/kinect_ros2/share/kinect_ros2/rviz/pointcloud.rviz
[33.265s] -- Installing: /home/jetson/ros2_ws/install/kinect_ros2/share/ament_index/resource_index/package_run_dependencies/kinect_ros2
[33.266s] -- Installing: /home/jetson/ros2_ws/install/kinect_ros2/share/ament_index/resource_index/parent_prefix_path/kinect_ros2
[33.267s] -- Installing: /home/jetson/ros2_ws/install/kinect_ros2/share/kinect_ros2/environment/ament_prefix_path.sh
[33.267s] -- Installing: /home/jetson/ros2_ws/install/kinect_ros2/share/kinect_ros2/environment/ament_prefix_path.dsv
[33.268s] -- Installing: /home/jetson/ros2_ws/install/kinect_ros2/share/kinect_ros2/environment/path.sh
[33.268s] -- Installing: /home/jetson/ros2_ws/install/kinect_ros2/share/kinect_ros2/environment/path.dsv
[33.269s] -- Installing: /home/jetson/ros2_ws/install/kinect_ros2/share/kinect_ros2/local_setup.bash
[33.269s] -- Installing: /home/jetson/ros2_ws/install/kinect_ros2/share/kinect_ros2/local_setup.sh
[33.269s] -- Installing: /home/jetson/ros2_ws/install/kinect_ros2/share/kinect_ros2/local_setup.zsh
[33.270s] -- Installing: /home/jetson/ros2_ws/install/kinect_ros2/share/kinect_ros2/local_setup.dsv
[33.270s] -- Installing: /home/jetson/ros2_ws/install/kinect_ros2/share/kinect_ros2/package.dsv
[33.271s] -- Installing: /home/jetson/ros2_ws/install/kinect_ros2/share/ament_index/resource_index/packages/kinect_ros2
[33.271s] -- Installing: /home/jetson/ros2_ws/install/kinect_ros2/share/ament_index/resource_index/rclcpp_components/kinect_ros2
[33.272s] -- Installing: /home/jetson/ros2_ws/install/kinect_ros2/share/kinect_ros2/cmake/kinect_ros2Config.cmake
[33.272s] -- Installing: /home/jetson/ros2_ws/install/kinect_ros2/share/kinect_ros2/cmake/kinect_ros2Config-version.cmake
[33.273s] -- Installing: /home/jetson/ros2_ws/install/kinect_ros2/share/kinect_ros2/package.xml
[33.281s] Invoked command in '/home/jetson/ros2_ws/build/kinect_ros2' returned '0': CMAKE_PREFIX_PATH=/home/jetson/ros2_ws/install/libfreenect:/home/jetson/ros2_ws/install/kinect_ros2:/home/jetson/ros2_ws/install/talker_listener:/home/jetson/ros2_ws/install/kinect_depth:/opt/ros/foxy LD_LIBRARY_PATH=/home/jetson/ros2_ws/install/libfreenect/lib:/home/jetson/ros2_ws/install/kinect_ros2/lib:/opt/ros/foxy/opt/yaml_cpp_vendor/lib:/opt/ros/foxy/opt/rviz_ogre_vendor/lib:/opt/ros/foxy/lib/aarch64-linux-gnu:/opt/ros/foxy/lib /usr/bin/cmake --install /home/jetson/ros2_ws/build/kinect_ros2
