[3.280s] Invoking command in '/home/jetson/ros2_ws/src/kinect_depth': PYTHONPATH=/home/jetson/ros2_ws/build/kinect_depth/prefix_override:/usr/lib/python3/dist-packages/colcon_core/task/python/colcon_distutils_commands:/home/jetson/ros2_ws/install/kinect_depth/lib/python3.8/site-packages:${PYTHONPATH} /usr/bin/python3 -W ignore:setup.py install is deprecated -W ignore:easy_install command is deprecated setup.py egg_info --egg-base ../../build/kinect_depth build --build-base /home/jetson/ros2_ws/build/kinect_depth/build install --record /home/jetson/ros2_ws/build/kinect_depth/install.log --single-version-externally-managed install_data
[4.030s] running egg_info
[4.032s] writing ../../build/kinect_depth/kinect_depth.egg-info/PKG-INFO
[4.032s] writing dependency_links to ../../build/kinect_depth/kinect_depth.egg-info/dependency_links.txt
[4.033s] writing entry points to ../../build/kinect_depth/kinect_depth.egg-info/entry_points.txt
[4.033s] writing requirements to ../../build/kinect_depth/kinect_depth.egg-info/requires.txt
[4.034s] writing top-level names to ../../build/kinect_depth/kinect_depth.egg-info/top_level.txt
[4.163s] reading manifest file '../../build/kinect_depth/kinect_depth.egg-info/SOURCES.txt'
[4.167s] writing manifest file '../../build/kinect_depth/kinect_depth.egg-info/SOURCES.txt'
[4.168s] running build
[4.168s] running build_py
[4.168s] running install
[4.170s] running install_lib
[4.175s] running install_data
[4.175s] running install_egg_info
[4.181s] removing '/home/jetson/ros2_ws/install/kinect_depth/lib/python3.8/site-packages/kinect_depth-0.0.0-py3.8.egg-info' (and everything under it)
[4.182s] Copying ../../build/kinect_depth/kinect_depth.egg-info to /home/jetson/ros2_ws/install/kinect_depth/lib/python3.8/site-packages/kinect_depth-0.0.0-py3.8.egg-info
[4.184s] running install_scripts
[4.243s] Installing depth_publisher script to /home/jetson/ros2_ws/install/kinect_depth/lib/kinect_depth
[4.244s] writing list of installed files to '/home/jetson/ros2_ws/build/kinect_depth/install.log'
[4.342s] Invoked command in '/home/jetson/ros2_ws/src/kinect_depth' returned '0': PYTHONPATH=/home/jetson/ros2_ws/build/kinect_depth/prefix_override:/usr/lib/python3/dist-packages/colcon_core/task/python/colcon_distutils_commands:/home/jetson/ros2_ws/install/kinect_depth/lib/python3.8/site-packages:${PYTHONPATH} /usr/bin/python3 -W ignore:setup.py install is deprecated -W ignore:easy_install command is deprecated setup.py egg_info --egg-base ../../build/kinect_depth build --build-base /home/jetson/ros2_ws/build/kinect_depth/build install --record /home/jetson/ros2_ws/build/kinect_depth/install.log --single-version-externally-managed install_data
