[3.375s] Invoking command in '/home/jetson/ros2_ws/src/kinect_depth': PYTHONPATH=/home/jetson/ros2_ws/build/kinect_depth/prefix_override:/usr/lib/python3/dist-packages/colcon_core/task/python/colcon_distutils_commands:/home/jetson/ros2_ws/install/kinect_depth/lib/python3.8/site-packages:${PYTHONPATH} /usr/bin/python3 -W ignore:setup.py install is deprecated -W ignore:easy_install command is deprecated setup.py egg_info --egg-base ../../build/kinect_depth build --build-base /home/jetson/ros2_ws/build/kinect_depth/build install --record /home/jetson/ros2_ws/build/kinect_depth/install.log --single-version-externally-managed install_data
[4.138s] running egg_info
[4.140s] writing ../../build/kinect_depth/kinect_depth.egg-info/PKG-INFO
[4.140s] writing dependency_links to ../../build/kinect_depth/kinect_depth.egg-info/dependency_links.txt
[4.141s] writing entry points to ../../build/kinect_depth/kinect_depth.egg-info/entry_points.txt
[4.141s] writing requirements to ../../build/kinect_depth/kinect_depth.egg-info/requires.txt
[4.142s] writing top-level names to ../../build/kinect_depth/kinect_depth.egg-info/top_level.txt
[4.268s] reading manifest file '../../build/kinect_depth/kinect_depth.egg-info/SOURCES.txt'
[4.273s] writing manifest file '../../build/kinect_depth/kinect_depth.egg-info/SOURCES.txt'
[4.273s] running build
[4.274s] running build_py
[4.274s] running install
[4.276s] running install_lib
[4.281s] running install_data
[4.281s] running install_egg_info
[4.287s] removing '/home/jetson/ros2_ws/install/kinect_depth/lib/python3.8/site-packages/kinect_depth-0.0.0-py3.8.egg-info' (and everything under it)
[4.288s] Copying ../../build/kinect_depth/kinect_depth.egg-info to /home/jetson/ros2_ws/install/kinect_depth/lib/python3.8/site-packages/kinect_depth-0.0.0-py3.8.egg-info
[4.292s] running install_scripts
[4.352s] Installing depth_publisher script to /home/jetson/ros2_ws/install/kinect_depth/lib/kinect_depth
[4.353s] writing list of installed files to '/home/jetson/ros2_ws/build/kinect_depth/install.log'
[4.463s] Invoked command in '/home/jetson/ros2_ws/src/kinect_depth' returned '0': PYTHONPATH=/home/jetson/ros2_ws/build/kinect_depth/prefix_override:/usr/lib/python3/dist-packages/colcon_core/task/python/colcon_distutils_commands:/home/jetson/ros2_ws/install/kinect_depth/lib/python3.8/site-packages:${PYTHONPATH} /usr/bin/python3 -W ignore:setup.py install is deprecated -W ignore:easy_install command is deprecated setup.py egg_info --egg-base ../../build/kinect_depth build --build-base /home/jetson/ros2_ws/build/kinect_depth/build install --record /home/jetson/ros2_ws/build/kinect_depth/install.log --single-version-externally-managed install_data
