[0.582s] Invoking command in '/home/pericao/ros2_ws/src/talker_listener': PYTHONPATH=/home/pericao/ros2_ws/build/talker_listener/prefix_override:/usr/lib/python3/dist-packages/colcon_core/task/python/colcon_distutils_commands:/home/pericao/ros2_ws/install/talker_listener/lib/python3.8/site-packages:${PYTHONPATH} /usr/bin/python3 -W ignore:setup.py install is deprecated -W ignore:easy_install command is deprecated setup.py egg_info --egg-base ../../build/talker_listener build --build-base /home/pericao/ros2_ws/build/talker_listener/build install --record /home/pericao/ros2_ws/build/talker_listener/install.log --single-version-externally-managed install_data
[0.832s] running egg_info
[0.832s] creating ../../build/talker_listener/talker_listener.egg-info
[0.832s] writing ../../build/talker_listener/talker_listener.egg-info/PKG-INFO
[0.832s] writing dependency_links to ../../build/talker_listener/talker_listener.egg-info/dependency_links.txt
[0.832s] writing entry points to ../../build/talker_listener/talker_listener.egg-info/entry_points.txt
[0.832s] writing requirements to ../../build/talker_listener/talker_listener.egg-info/requires.txt
[0.832s] writing top-level names to ../../build/talker_listener/talker_listener.egg-info/top_level.txt
[0.833s] writing manifest file '../../build/talker_listener/talker_listener.egg-info/SOURCES.txt'
[0.857s] reading manifest file '../../build/talker_listener/talker_listener.egg-info/SOURCES.txt'
[0.857s] writing manifest file '../../build/talker_listener/talker_listener.egg-info/SOURCES.txt'
[0.857s] running build
[0.857s] running build_py
[0.858s] creating /home/pericao/ros2_ws/build/talker_listener/build
[0.858s] creating /home/pericao/ros2_ws/build/talker_listener/build/lib
[0.858s] creating /home/pericao/ros2_ws/build/talker_listener/build/lib/talker_listener
[0.858s] copying talker_listener/__init__.py -> /home/pericao/ros2_ws/build/talker_listener/build/lib/talker_listener
[0.858s] copying talker_listener/listener.py -> /home/pericao/ros2_ws/build/talker_listener/build/lib/talker_listener
[0.858s] copying talker_listener/talker.py -> /home/pericao/ros2_ws/build/talker_listener/build/lib/talker_listener
[0.858s] running install
[0.858s] running install_lib
[0.859s] creating /home/pericao/ros2_ws/install/talker_listener/lib/python3.8/site-packages/talker_listener
[0.859s] copying /home/pericao/ros2_ws/build/talker_listener/build/lib/talker_listener/__init__.py -> /home/pericao/ros2_ws/install/talker_listener/lib/python3.8/site-packages/talker_listener
[0.859s] copying /home/pericao/ros2_ws/build/talker_listener/build/lib/talker_listener/listener.py -> /home/pericao/ros2_ws/install/talker_listener/lib/python3.8/site-packages/talker_listener
[0.859s] copying /home/pericao/ros2_ws/build/talker_listener/build/lib/talker_listener/talker.py -> /home/pericao/ros2_ws/install/talker_listener/lib/python3.8/site-packages/talker_listener
[0.860s] byte-compiling /home/pericao/ros2_ws/install/talker_listener/lib/python3.8/site-packages/talker_listener/__init__.py to __init__.cpython-38.pyc
[0.860s] byte-compiling /home/pericao/ros2_ws/install/talker_listener/lib/python3.8/site-packages/talker_listener/listener.py to listener.cpython-38.pyc
[0.861s] byte-compiling /home/pericao/ros2_ws/install/talker_listener/lib/python3.8/site-packages/talker_listener/talker.py to talker.cpython-38.pyc
[0.862s] running install_data
[0.862s] creating /home/pericao/ros2_ws/install/talker_listener/share/ament_index
[0.862s] creating /home/pericao/ros2_ws/install/talker_listener/share/ament_index/resource_index
[0.862s] creating /home/pericao/ros2_ws/install/talker_listener/share/ament_index/resource_index/packages
[0.862s] copying resource/talker_listener -> /home/pericao/ros2_ws/install/talker_listener/share/ament_index/resource_index/packages
[0.862s] copying package.xml -> /home/pericao/ros2_ws/install/talker_listener/share/talker_listener
[0.862s] running install_egg_info
[0.863s] Copying ../../build/talker_listener/talker_listener.egg-info to /home/pericao/ros2_ws/install/talker_listener/lib/python3.8/site-packages/talker_listener-0.0.0-py3.8.egg-info
[0.864s] running install_scripts
[0.877s] Installing listener script to /home/pericao/ros2_ws/install/talker_listener/lib/talker_listener
[0.877s] Installing talker script to /home/pericao/ros2_ws/install/talker_listener/lib/talker_listener
[0.877s] writing list of installed files to '/home/pericao/ros2_ws/build/talker_listener/install.log'
[0.895s] Invoked command in '/home/pericao/ros2_ws/src/talker_listener' returned '0': PYTHONPATH=/home/pericao/ros2_ws/build/talker_listener/prefix_override:/usr/lib/python3/dist-packages/colcon_core/task/python/colcon_distutils_commands:/home/pericao/ros2_ws/install/talker_listener/lib/python3.8/site-packages:${PYTHONPATH} /usr/bin/python3 -W ignore:setup.py install is deprecated -W ignore:easy_install command is deprecated setup.py egg_info --egg-base ../../build/talker_listener build --build-base /home/pericao/ros2_ws/build/talker_listener/build install --record /home/pericao/ros2_ws/build/talker_listener/install.log --single-version-externally-managed install_data
