[0.117s] Invoking command in '/home/jetson/ros2_ws/build/libfreenect': /usr/bin/cmake --build /home/jetson/ros2_ws/build/libfreenect -- -j4 -l4
[1.852s] [ 16%] Built target freenectstatic
[1.853s] [ 32%] Built target fakenect
[1.854s] [ 41%] Built target freenect
[1.856s] [ 45%] Built target freenect-camtest
[1.857s] [ 49%] Built target freenect-wavrecord
[1.857s] [ 52%] Built target freenect_sync
[1.857s] [ 56%] Built target freenect-glview
[1.858s] [ 64%] Built target freenect-chunkview
[1.858s] [ 64%] Built target freenect-regview
[1.858s] [ 67%] Built target freenect-micview
[1.858s] [ 71%] Built target freenect-hiview
[1.859s] [ 75%] Built target freenect_sync_static
[1.859s] [ 81%] Built target fakenect-record
[1.859s] [ 84%] Built target freenect-cppview
[1.860s] [ 88%] Built target freenect-cpp_pcview
[1.860s] [ 96%] Built target freenect-regtest
[1.861s] [ 96%] Built target freenect-glpclview
[1.861s] [100%] Built target freenect-tiltdemo
[1.862s] Invoked command in '/home/jetson/ros2_ws/build/libfreenect' returned '0': /usr/bin/cmake --build /home/jetson/ros2_ws/build/libfreenect -- -j4 -l4
[1.897s] Invoking command in '/home/jetson/ros2_ws/build/libfreenect': /usr/bin/cmake --install /home/jetson/ros2_ws/build/libfreenect
[1.925s] -- Install configuration: ""
[1.926s] -- Up-to-date: /home/jetson/ros2_ws/install/libfreenect/share/libfreenect/libfreenectConfig.cmake
[1.930s] -- Up-to-date: /home/jetson/ros2_ws/install/libfreenect/share/fwfetcher.py
[1.931s] -- Up-to-date: /home/jetson/ros2_ws/install/libfreenect/lib/libfreenect.so.0.7.5
[1.931s] -- Up-to-date: /home/jetson/ros2_ws/install/libfreenect/lib/libfreenect.so.0
[1.933s] -- Up-to-date: /home/jetson/ros2_ws/install/libfreenect/lib/libfreenect.so
[1.934s] -- Up-to-date: /home/jetson/ros2_ws/install/libfreenect/lib/libfreenect.a
[1.934s] -- Up-to-date: /home/jetson/ros2_ws/install/libfreenect/include/libfreenect/libfreenect.h
[1.934s] -- Up-to-date: /home/jetson/ros2_ws/install/libfreenect/include/libfreenect/libfreenect_registration.h
[1.935s] -- Up-to-date: /home/jetson/ros2_ws/install/libfreenect/include/libfreenect/libfreenect_audio.h
[1.935s] -- Up-to-date: /home/jetson/ros2_ws/install/libfreenect/lib/pkgconfig/libfreenect.pc
[1.936s] -- Up-to-date: /home/jetson/ros2_ws/install/libfreenect/bin/freenect-camtest
[1.938s] -- Up-to-date: /home/jetson/ros2_ws/install/libfreenect/bin/freenect-wavrecord
[1.940s] -- Up-to-date: /home/jetson/ros2_ws/install/libfreenect/bin/freenect-glview
[1.942s] -- Up-to-date: /home/jetson/ros2_ws/install/libfreenect/bin/freenect-regview
[1.946s] -- Up-to-date: /home/jetson/ros2_ws/install/libfreenect/bin/freenect-hiview
[1.947s] -- Up-to-date: /home/jetson/ros2_ws/install/libfreenect/bin/freenect-chunkview
[1.948s] -- Up-to-date: /home/jetson/ros2_ws/install/libfreenect/bin/freenect-micview
[1.950s] -- Up-to-date: /home/jetson/ros2_ws/install/libfreenect/bin/freenect-regtest
[1.952s] -- Up-to-date: /home/jetson/ros2_ws/install/libfreenect/bin/freenect-tiltdemo
[1.954s] -- Up-to-date: /home/jetson/ros2_ws/install/libfreenect/bin/freenect-glpclview
[1.959s] -- Up-to-date: /home/jetson/ros2_ws/install/libfreenect/lib/fakenect/libfakenect.so.0.7.5
[1.960s] -- Up-to-date: /home/jetson/ros2_ws/install/libfreenect/lib/fakenect/libfakenect.so.0
[1.961s] -- Up-to-date: /home/jetson/ros2_ws/install/libfreenect/lib/fakenect/libfakenect.so
[1.962s] -- Up-to-date: /home/jetson/ros2_ws/install/libfreenect/bin/fakenect-record
[1.963s] -- Up-to-date: /home/jetson/ros2_ws/install/libfreenect/bin/fakenect
[1.965s] -- Up-to-date: /home/jetson/ros2_ws/install/libfreenect/share/man/man1/fakenect.1
[1.965s] -- Up-to-date: /home/jetson/ros2_ws/install/libfreenect/share/man/man1/fakenect-record.1
[1.967s] -- Up-to-date: /home/jetson/ros2_ws/install/libfreenect/lib/libfreenect_sync.so.0.7.5
[1.968s] -- Up-to-date: /home/jetson/ros2_ws/install/libfreenect/lib/libfreenect_sync.so.0
[1.968s] -- Up-to-date: /home/jetson/ros2_ws/install/libfreenect/lib/libfreenect_sync.so
[1.969s] -- Up-to-date: /home/jetson/ros2_ws/install/libfreenect/lib/libfreenect_sync.a
[1.969s] -- Up-to-date: /home/jetson/ros2_ws/install/libfreenect/include/libfreenect/libfreenect_sync.h
[1.970s] -- Up-to-date: /home/jetson/ros2_ws/install/libfreenect/include/libfreenect/libfreenect.hpp
[1.972s] -- Up-to-date: /home/jetson/ros2_ws/install/libfreenect/bin/freenect-cppview
[1.974s] -- Up-to-date: /home/jetson/ros2_ws/install/libfreenect/bin/freenect-cpp_pcview
[1.981s] Invoked command in '/home/jetson/ros2_ws/build/libfreenect' returned '0': /usr/bin/cmake --install /home/jetson/ros2_ws/build/libfreenect
